2023.07.23 19:14:02 INFO  Started: Metals version 1.0.0 in folders 'C:\Users\oskar\adventOfCode22' for client Visual Studio Code 1.80.1.
heinäk. 23, 2023 7:14:02 IP. org.flywaydb.core.internal.license.VersionPrinter printVersionOnly
INFO: Flyway Community Edition 9.20.1 by Redgate
heinäk. 23, 2023 7:14:02 IP. org.flywaydb.core.internal.license.VersionPrinter printVersion
INFO: See release notes here: https://rd.gt/416ObMi
heinäk. 23, 2023 7:14:02 IP. org.flywaydb.core.internal.license.VersionPrinter printVersion
INFO: 
heinäk. 23, 2023 7:14:02 IP. org.flywaydb.core.internal.database.base.BaseDatabaseType createDatabase
INFO: Database: jdbc:h2:file:C:\Users\oskar\adventOfCode22\.metals\metals (H2 2.1)
heinäk. 23, 2023 7:14:02 IP. org.flywaydb.core.internal.schemahistory.JdbcTableSchemaHistory allAppliedMigrations
INFO: Schema history table "PUBLIC"."flyway_schema_history" does not exist yet
heinäk. 23, 2023 7:14:02 IP. org.flywaydb.core.internal.command.DbValidate validate
INFO: Successfully validated 4 migrations (execution time 00:00.021s)
heinäk. 23, 2023 7:14:02 IP. org.flywaydb.core.internal.schemahistory.JdbcTableSchemaHistory create
INFO: Creating Schema History table "PUBLIC"."flyway_schema_history" ...
heinäk. 23, 2023 7:14:03 IP. org.flywaydb.core.internal.command.DbMigrate migrateGroup
INFO: Current version of schema "PUBLIC": << Empty Schema >>
heinäk. 23, 2023 7:14:03 IP. org.flywaydb.core.internal.command.DbMigrate doMigrateGroup
INFO: Migrating schema "PUBLIC" to version "1 - Create tables"
heinäk. 23, 2023 7:14:03 IP. org.flywaydb.core.internal.command.DbMigrate doMigrateGroup
INFO: Migrating schema "PUBLIC" to version "2 - Server discovery"
heinäk. 23, 2023 7:14:03 IP. org.flywaydb.core.internal.command.DbMigrate doMigrateGroup
INFO: Migrating schema "PUBLIC" to version "3 - Jar symbols"
heinäk. 23, 2023 7:14:03 IP. org.flywaydb.core.internal.command.DbMigrate doMigrateGroup
INFO: Migrating schema "PUBLIC" to version "4 - Fingerprints"
heinäk. 23, 2023 7:14:03 IP. org.flywaydb.core.internal.command.DbMigrate logSummary
INFO: Successfully applied 4 migrations to schema "PUBLIC", now at version v4 (execution time 00:00.022s)
2023.07.23 19:14:03 INFO  time: initialize in 0.68s
2023.07.23 19:14:06 INFO  Running List(C:\Users\oskar\AppData\Local\Coursier\data\bin\scala-cli.BAT, setup-ide, C:\Users\oskar\adventOfCode22)
2023.07.23 19:14:06 INFO  Attempting to connect to the build server...
2023.07.23 19:14:06 INFO  Running BSP server List(C:\Users\oskar\AppData\Local\Coursier\data\bin\.scala-cli.aux.exe, bsp, --json-options, C:\Users\oskar\adventOfCode22\.scala-build\ide-options-v2.json, C:\Users\oskar\adventOfCode22)
2023.07.23 19:14:07 WARN  No build session currently active to reload.
2023.07.23 19:14:07 INFO  tracing is disabled for protocol BSP, to enable tracing of incoming and outgoing JSON messages create an empty file at C:\Users\oskar\adventOfCode22\.metals\bsp.trace.json or C:\Users\oskar\AppData\Local\scalameta\metals\cache\bsp.trace.json
2023.07.23 19:14:07 INFO  BSP server: Downloading https://github.com/coursier/jvm-index/raw/master/index.json
2023.07.23 19:14:07 INFO  BSP server: Downloaded https://github.com/coursier/jvm-index/raw/master/index.json
2023.07.23 19:14:07 INFO  BSP server: Downloading https://github.com/adoptium/temurin17-binaries/releases/download/jdk-17%2B35/OpenJDK17-jdk_x64_windows_hotspot_17_35.zip
2023.07.23 19:14:09 INFO  no build target found for C:\Users\oskar\adventOfCode22\go.scala. Using presentation compiler with project's scala-library version: 3.3.0
2023.07.23 19:14:12 INFO  time: code lens generation in 7.47s
2023.07.23 19:14:13 INFO  BSP server: Still downloading:
2023.07.23 19:14:13 INFO  BSP server: https://github.com/adoptium/temurin17-binaries/releases/download/jdk-17%2B35/OpenJDK17-jdk_x64_windows_hotspot_17_35.zip (10.05 %, 18955683 / 188690370)
2023.07.23 19:14:13 INFO  BSP server: 
2023.07.23 19:14:18 INFO  BSP server: Still downloading:
2023.07.23 19:14:18 INFO  BSP server: https://github.com/adoptium/temurin17-binaries/releases/download/jdk-17%2B35/OpenJDK17-jdk_x64_windows_hotspot_17_35.zip (20.90 %, 39435683 / 188690370)
2023.07.23 19:14:18 INFO  BSP server: 
2023.07.23 19:14:24 INFO  BSP server: Still downloading:
2023.07.23 19:14:24 INFO  BSP server: https://github.com/adoptium/temurin17-binaries/releases/download/jdk-17%2B35/OpenJDK17-jdk_x64_windows_hotspot_17_35.zip (37.57 %, 70892963 / 188690370)
2023.07.23 19:14:24 INFO  BSP server: 
2023.07.23 19:14:26 WARN  no build target for: C:\Users\oskar\adventOfCode22\go.scala
2023.07.23 19:14:27 ERROR Timeout waiting for 'build/initialize' response
2023.07.23 19:14:27 WARN  Retrying connection to the build server scala-cli
2023.07.23 19:14:27 INFO  Running BSP server List(C:\Users\oskar\AppData\Local\Coursier\data\bin\.scala-cli.aux.exe, bsp, --json-options, C:\Users\oskar\adventOfCode22\.scala-build\ide-options-v2.json, C:\Users\oskar\adventOfCode22)
2023.07.23 19:14:27 INFO  tracing is disabled for protocol BSP, to enable tracing of incoming and outgoing JSON messages create an empty file at C:\Users\oskar\adventOfCode22\.metals\bsp.trace.json or C:\Users\oskar\AppData\Local\scalameta\metals\cache\bsp.trace.json
2023.07.23 19:14:27 INFO  BSP server: Downloading https://github.com/adoptium/temurin17-binaries/releases/download/jdk-17%2B35/OpenJDK17-jdk_x64_windows_hotspot_17_35.zip
2023.07.23 19:14:32 INFO  BSP server: Still downloading:
2023.07.23 19:14:32 INFO  BSP server: https://github.com/adoptium/temurin17-binaries/releases/download/jdk-17%2B35/OpenJDK17-jdk_x64_windows_hotspot_17_35.zip (59.77 %, 112789388 / 188690370)
2023.07.23 19:14:32 INFO  BSP server: 
2023.07.23 19:14:37 INFO  BSP server: Still downloading:
2023.07.23 19:14:37 INFO  BSP server: https://github.com/adoptium/temurin17-binaries/releases/download/jdk-17%2B35/OpenJDK17-jdk_x64_windows_hotspot_17_35.zip (75.34 %, 142165900 / 188690370)
2023.07.23 19:14:37 INFO  BSP server: 
2023.07.23 19:14:42 INFO  BSP server: Still downloading:
2023.07.23 19:14:42 INFO  BSP server: https://github.com/adoptium/temurin17-binaries/releases/download/jdk-17%2B35/OpenJDK17-jdk_x64_windows_hotspot_17_35.zip (89.23 %, 168363916 / 188690370)
2023.07.23 19:14:42 INFO  BSP server: 
2023.07.23 19:14:46 INFO  BSP server: Downloaded https://github.com/adoptium/temurin17-binaries/releases/download/jdk-17%2B35/OpenJDK17-jdk_x64_windows_hotspot_17_35.zip
2023.07.23 19:14:47 ERROR Timeout waiting for 'build/initialize' response
2023.07.23 19:14:47 WARN  Retrying connection to the build server scala-cli
2023.07.23 19:14:47 INFO  Running BSP server List(C:\Users\oskar\AppData\Local\Coursier\data\bin\.scala-cli.aux.exe, bsp, --json-options, C:\Users\oskar\adventOfCode22\.scala-build\ide-options-v2.json, C:\Users\oskar\adventOfCode22)
2023.07.23 19:14:47 INFO  tracing is disabled for protocol BSP, to enable tracing of incoming and outgoing JSON messages create an empty file at C:\Users\oskar\adventOfCode22\.metals\bsp.trace.json or C:\Users\oskar\AppData\Local\scalameta\metals\cache\bsp.trace.json
2023.07.23 19:14:54 INFO  BSP server: Starting compilation server
2023.07.23 19:14:54 INFO  BSP server: Downloading https://repo1.maven.org/maven2/io/github/alexarchambault/bleep/bloop-frontend_2.12/1.5.6-sc-4/bloop-frontend_2.12-1.5.6-sc-4.pom
2023.07.23 19:14:54 INFO  BSP server: Downloaded https://repo1.maven.org/maven2/io/github/alexarchambault/bleep/bloop-frontend_2.12/1.5.6-sc-4/bloop-frontend_2.12-1.5.6-sc-4.pom
2023.07.23 19:14:54 INFO  BSP server: Downloading https://repo1.maven.org/maven2/io/github/alexarchambault/libdaemon/libdaemon_2.12/0.0.11/libdaemon_2.12-0.0.11.pom
2023.07.23 19:14:54 INFO  BSP server: Downloading https://repo1.maven.org/maven2/io/github/alexarchambault/bleep/bloop-backend_2.12/1.5.6-sc-4/bloop-backend_2.12-1.5.6-sc-4.pom
2023.07.23 19:14:54 INFO  BSP server: Downloading https://repo1.maven.org/maven2/ch/epfl/scala/scala-debug-adapter_2.12/3.0.7/scala-debug-adapter_2.12-3.0.7.pom
2023.07.23 19:14:54 INFO  BSP server: Downloading https://repo1.maven.org/maven2/ch/qos/logback/logback-classic/1.2.3/logback-classic-1.2.3.pom
2023.07.23 19:14:54 INFO  BSP server: Downloaded https://repo1.maven.org/maven2/io/github/alexarchambault/libdaemon/libdaemon_2.12/0.0.11/libdaemon_2.12-0.0.11.pom
2023.07.23 19:14:54 INFO  BSP server: Downloaded https://repo1.maven.org/maven2/ch/epfl/scala/scala-debug-adapter_2.12/3.0.7/scala-debug-adapter_2.12-3.0.7.pom
2023.07.23 19:14:54 INFO  BSP server: Downloaded https://repo1.maven.org/maven2/ch/qos/logback/logback-classic/1.2.3/logback-classic-1.2.3.pom
2023.07.23 19:14:54 INFO  BSP server: Downloaded https://repo1.maven.org/maven2/io/github/alexarchambault/bleep/bloop-backend_2.12/1.5.6-sc-4/bloop-backend_2.12-1.5.6-sc-4.pom
2023.07.23 19:14:54 INFO  BSP server: Downloading https://repo1.maven.org/maven2/ch/qos/logback/logback-parent/1.2.3/logback-parent-1.2.3.pom
2023.07.23 19:14:54 INFO  BSP server: Downloaded https://repo1.maven.org/maven2/ch/qos/logback/logback-parent/1.2.3/logback-parent-1.2.3.pom
2023.07.23 19:14:54 INFO  BSP server: Downloading https://repo1.maven.org/maven2/io/github/alexarchambault/bleep/nailgun-server/1.0.4/nailgun-server-1.0.4.pom
2023.07.23 19:14:54 INFO  BSP server: Downloading https://repo1.maven.org/maven2/ch/epfl/scala/com-microsoft-java-debug-core/0.34.0+12/com-microsoft-java-debug-core-0.34.0+12.pom
2023.07.23 19:14:54 INFO  BSP server: Downloading https://repo1.maven.org/maven2/io/github/alexarchambault/bleep/bloop-shared_2.12/1.5.6-sc-4/bloop-shared_2.12-1.5.6-sc-4.pom
2023.07.23 19:14:54 INFO  BSP server: Downloading https://repo1.maven.org/maven2/io/zipkin/brave/brave/5.15.0/brave-5.15.0.pom
2023.07.23 19:14:54 INFO  BSP server: Downloading https://repo1.maven.org/maven2/ch/qos/logback/logback-core/1.2.3/logback-core-1.2.3.pom
2023.07.23 19:14:54 INFO  BSP server: Downloaded https://repo1.maven.org/maven2/io/zipkin/brave/brave/5.15.0/brave-5.15.0.pom
2023.07.23 19:14:54 INFO  BSP server: Downloaded https://repo1.maven.org/maven2/ch/epfl/scala/com-microsoft-java-debug-core/0.34.0+12/com-microsoft-java-debug-core-0.34.0+12.pom
2023.07.23 19:14:55 INFO  BSP server: Downloaded https://repo1.maven.org/maven2/ch/qos/logback/logback-core/1.2.3/logback-core-1.2.3.pom
2023.07.23 19:14:55 INFO  BSP server: Downloaded https://repo1.maven.org/maven2/io/github/alexarchambault/bleep/bloop-shared_2.12/1.5.6-sc-4/bloop-shared_2.12-1.5.6-sc-4.pom
2023.07.23 19:14:55 INFO  BSP server: Downloaded https://repo1.maven.org/maven2/io/github/alexarchambault/bleep/nailgun-server/1.0.4/nailgun-server-1.0.4.pom
2023.07.23 19:14:55 INFO  BSP server: Downloading https://repo1.maven.org/maven2/io/zipkin/brave/brave-parent/5.15.0/brave-parent-5.15.0.pom
2023.07.23 19:14:55 INFO  BSP server: Downloaded https://repo1.maven.org/maven2/io/zipkin/brave/brave-parent/5.15.0/brave-parent-5.15.0.pom
2023.07.23 19:14:55 INFO  BSP server: Downloading https://repo1.maven.org/maven2/net/java/dev/jna/jna-platform/4.4.0/jna-platform-4.4.0.pom
2023.07.23 19:14:55 INFO  BSP server: Downloading https://repo1.maven.org/maven2/net/java/dev/jna/jna/4.5.2/jna-4.5.2.pom
2023.07.23 19:14:55 INFO  BSP server: Downloaded https://repo1.maven.org/maven2/net/java/dev/jna/jna-platform/4.4.0/jna-platform-4.4.0.pom
2023.07.23 19:14:55 INFO  BSP server: Downloaded https://repo1.maven.org/maven2/net/java/dev/jna/jna/4.5.2/jna-4.5.2.pom
2023.07.23 19:14:55 INFO  BSP server: Downloading https://repo1.maven.org/maven2/org/scala-sbt/util-logging_2.12/1.8.0/util-logging_2.12-1.8.0.pom
2023.07.23 19:14:55 INFO  BSP server: Downloading https://repo1.maven.org/maven2/org/scala-sbt/util-position_2.12/1.8.0/util-position_2.12-1.8.0.pom
2023.07.23 19:14:55 INFO  BSP server: Downloading https://repo1.maven.org/maven2/org/scala-sbt/util-cache_2.12/1.8.0/util-cache_2.12-1.8.0.pom
2023.07.23 19:14:55 INFO  BSP server: Downloaded https://repo1.maven.org/maven2/org/scala-sbt/util-logging_2.12/1.8.0/util-logging_2.12-1.8.0.pom
2023.07.23 19:14:55 INFO  BSP server: Downloaded https://repo1.maven.org/maven2/org/scala-sbt/util-cache_2.12/1.8.0/util-cache_2.12-1.8.0.pom
2023.07.23 19:14:56 INFO  BSP server: Downloaded https://repo1.maven.org/maven2/org/scala-sbt/util-position_2.12/1.8.0/util-position_2.12-1.8.0.pom
2023.07.23 19:14:56 INFO  BSP server: Downloading https://repo1.maven.org/maven2/org/scala-sbt/util-control_2.12/1.8.0/util-control_2.12-1.8.0.pom
2023.07.23 19:14:56 INFO  BSP server: Downloading https://repo1.maven.org/maven2/org/scala-sbt/collections_2.12/1.8.0/collections_2.12-1.8.0.pom
2023.07.23 19:14:56 INFO  BSP server: Downloading https://repo1.maven.org/maven2/org/scala-sbt/util-relation_2.12/1.8.0/util-relation_2.12-1.8.0.pom
2023.07.23 19:14:56 INFO  BSP server: Downloading https://repo1.maven.org/maven2/org/scala-sbt/core-macros_2.12/1.8.0/core-macros_2.12-1.8.0.pom
2023.07.23 19:14:56 INFO  BSP server: Downloading https://repo1.maven.org/maven2/org/scala-sbt/util-interface/1.8.0/util-interface-1.8.0.pom
2023.07.23 19:14:56 INFO  BSP server: Downloaded https://repo1.maven.org/maven2/org/scala-sbt/core-macros_2.12/1.8.0/core-macros_2.12-1.8.0.pom
2023.07.23 19:14:56 INFO  BSP server: Downloaded https://repo1.maven.org/maven2/org/scala-sbt/util-control_2.12/1.8.0/util-control_2.12-1.8.0.pom
2023.07.23 19:14:56 INFO  BSP server: Downloaded https://repo1.maven.org/maven2/org/scala-sbt/util-relation_2.12/1.8.0/util-relation_2.12-1.8.0.pom
2023.07.23 19:14:56 INFO  BSP server: Downloaded https://repo1.maven.org/maven2/org/scala-sbt/collections_2.12/1.8.0/collections_2.12-1.8.0.pom
2023.07.23 19:14:56 INFO  BSP server: Downloaded https://repo1.maven.org/maven2/org/scala-sbt/util-interface/1.8.0/util-interface-1.8.0.pom
2023.07.23 19:14:57 WARN  no build target for: C:\Users\oskar\adventOfCode22\Go.scala
2023.07.23 19:14:56 INFO  BSP server: Downloading https://repo1.maven.org/maven2/org/scala-sbt/core-macros_2.12/1.8.0/core-macros_2.12-1.8.0.jar
2023.07.23 19:14:56 INFO  BSP server: Downloading https://repo1.maven.org/maven2/ch/qos/logback/logback-classic/1.2.3/logback-classic-1.2.3.jar
2023.07.23 19:14:56 INFO  BSP server: Downloading https://repo1.maven.org/maven2/org/scala-sbt/util-logging_2.12/1.8.0/util-logging_2.12-1.8.0.jar
2023.07.23 19:14:56 INFO  BSP server: Downloading https://repo1.maven.org/maven2/org/scala-sbt/util-interface/1.8.0/util-interface-1.8.0.jar
2023.07.23 19:14:56 INFO  BSP server: Downloading https://repo1.maven.org/maven2/org/scala-sbt/util-relation_2.12/1.8.0/util-relation_2.12-1.8.0.jar
2023.07.23 19:14:56 INFO  BSP server: Downloading https://repo1.maven.org/maven2/org/scala-sbt/util-cache_2.12/1.8.0/util-cache_2.12-1.8.0.jar
2023.07.23 19:14:57 INFO  BSP server: Downloaded https://repo1.maven.org/maven2/org/scala-sbt/util-relation_2.12/1.8.0/util-relation_2.12-1.8.0.jar
2023.07.23 19:14:57 INFO  BSP server: Downloading https://repo1.maven.org/maven2/io/github/alexarchambault/bleep/nailgun-server/1.0.4/nailgun-server-1.0.4.jar
2023.07.23 19:14:57 INFO  BSP server: Downloaded https://repo1.maven.org/maven2/org/scala-sbt/util-interface/1.8.0/util-interface-1.8.0.jar
2023.07.23 19:14:57 INFO  BSP server: Downloading https://repo1.maven.org/maven2/org/scala-sbt/util-control_2.12/1.8.0/util-control_2.12-1.8.0.jar
2023.07.23 19:14:57 INFO  BSP server: Downloaded https://repo1.maven.org/maven2/org/scala-sbt/core-macros_2.12/1.8.0/core-macros_2.12-1.8.0.jar
2023.07.23 19:14:57 INFO  BSP server: Downloading https://repo1.maven.org/maven2/ch/epfl/scala/scala-debug-adapter_2.12/3.0.7/scala-debug-adapter_2.12-3.0.7.jar
2023.07.23 19:14:57 INFO  BSP server: Downloaded https://repo1.maven.org/maven2/org/scala-sbt/util-control_2.12/1.8.0/util-control_2.12-1.8.0.jar
2023.07.23 19:14:57 INFO  BSP server: Downloading https://repo1.maven.org/maven2/org/scala-sbt/util-position_2.12/1.8.0/util-position_2.12-1.8.0.jar
2023.07.23 19:14:57 INFO  BSP server: Downloaded https://repo1.maven.org/maven2/org/scala-sbt/util-cache_2.12/1.8.0/util-cache_2.12-1.8.0.jar
2023.07.23 19:14:57 INFO  BSP server: Downloading https://repo1.maven.org/maven2/ch/qos/logback/logback-core/1.2.3/logback-core-1.2.3.jar
2023.07.23 19:14:57 INFO  BSP server: Downloaded https://repo1.maven.org/maven2/org/scala-sbt/util-position_2.12/1.8.0/util-position_2.12-1.8.0.jar
2023.07.23 19:14:57 INFO  BSP server: Downloading https://repo1.maven.org/maven2/io/github/alexarchambault/bleep/bloop-shared_2.12/1.5.6-sc-4/bloop-shared_2.12-1.5.6-sc-4.jar
2023.07.23 19:14:57 INFO  BSP server: Downloaded https://repo1.maven.org/maven2/io/github/alexarchambault/bleep/nailgun-server/1.0.4/nailgun-server-1.0.4.jar
2023.07.23 19:14:57 INFO  BSP server: Downloading https://repo1.maven.org/maven2/io/github/alexarchambault/bleep/bloop-frontend_2.12/1.5.6-sc-4/bloop-frontend_2.12-1.5.6-sc-4.jar
2023.07.23 19:14:57 INFO  BSP server: Downloaded https://repo1.maven.org/maven2/ch/qos/logback/logback-classic/1.2.3/logback-classic-1.2.3.jar
2023.07.23 19:14:57 INFO  BSP server: Downloading https://repo1.maven.org/maven2/io/zipkin/brave/brave/5.15.0/brave-5.15.0.jar
2023.07.23 19:14:57 INFO  BSP server: Downloaded https://repo1.maven.org/maven2/org/scala-sbt/util-logging_2.12/1.8.0/util-logging_2.12-1.8.0.jar
2023.07.23 19:14:57 INFO  BSP server: Downloading https://repo1.maven.org/maven2/io/github/alexarchambault/bleep/bloop-backend_2.12/1.5.6-sc-4/bloop-backend_2.12-1.5.6-sc-4.jar
2023.07.23 19:14:57 INFO  BSP server: Downloaded https://repo1.maven.org/maven2/ch/qos/logback/logback-core/1.2.3/logback-core-1.2.3.jar
2023.07.23 19:14:57 INFO  BSP server: Downloading https://repo1.maven.org/maven2/ch/epfl/scala/com-microsoft-java-debug-core/0.34.0+12/com-microsoft-java-debug-core-0.34.0+12.jar
2023.07.23 19:14:57 INFO  BSP server: Downloaded https://repo1.maven.org/maven2/io/github/alexarchambault/bleep/bloop-shared_2.12/1.5.6-sc-4/bloop-shared_2.12-1.5.6-sc-4.jar
2023.07.23 19:14:57 INFO  BSP server: Downloading https://repo1.maven.org/maven2/io/github/alexarchambault/libdaemon/libdaemon_2.12/0.0.11/libdaemon_2.12-0.0.11.jar
2023.07.23 19:14:57 INFO  BSP server: Downloaded https://repo1.maven.org/maven2/ch/epfl/scala/scala-debug-adapter_2.12/3.0.7/scala-debug-adapter_2.12-3.0.7.jar
2023.07.23 19:14:57 INFO  BSP server: Downloading https://repo1.maven.org/maven2/org/scala-sbt/collections_2.12/1.8.0/collections_2.12-1.8.0.jar
2023.07.23 19:14:57 INFO  BSP server: Downloaded https://repo1.maven.org/maven2/io/zipkin/brave/brave/5.15.0/brave-5.15.0.jar
2023.07.23 19:14:57 INFO  BSP server: Downloaded https://repo1.maven.org/maven2/io/github/alexarchambault/libdaemon/libdaemon_2.12/0.0.11/libdaemon_2.12-0.0.11.jar
2023.07.23 19:14:59 INFO  BSP server: Downloaded https://repo1.maven.org/maven2/ch/epfl/scala/com-microsoft-java-debug-core/0.34.0+12/com-microsoft-java-debug-core-0.34.0+12.jar
2023.07.23 19:14:59 INFO  BSP server: Downloaded https://repo1.maven.org/maven2/org/scala-sbt/collections_2.12/1.8.0/collections_2.12-1.8.0.jar
2023.07.23 19:14:59 INFO  BSP server: Downloaded https://repo1.maven.org/maven2/io/github/alexarchambault/bleep/bloop-backend_2.12/1.5.6-sc-4/bloop-backend_2.12-1.5.6-sc-4.jar
2023.07.23 19:14:59 INFO  BSP server: Downloaded https://repo1.maven.org/maven2/io/github/alexarchambault/bleep/bloop-frontend_2.12/1.5.6-sc-4/bloop-frontend_2.12-1.5.6-sc-4.jar
2023.07.23 19:15:06 INFO  BSP server: Checking https://repo1.maven.org/maven2/org/scala-lang/scala-library/maven-metadata.xml
2023.07.23 19:15:06 INFO  BSP server: Checked https://repo1.maven.org/maven2/org/scala-lang/scala-library/maven-metadata.xml
2023.07.23 19:15:06 INFO  BSP server: Downloading https://repo1.maven.org/maven2/org/scala-lang/scala-library/maven-metadata.xml
2023.07.23 19:15:06 INFO  BSP server: Downloaded https://repo1.maven.org/maven2/org/scala-lang/scala-library/maven-metadata.xml
2023.07.23 19:15:06 INFO  BSP server: Checking https://repo1.maven.org/maven2/org/scala-lang/scala3-library_3/maven-metadata.xml
2023.07.23 19:15:06 INFO  BSP server: Checked https://repo1.maven.org/maven2/org/scala-lang/scala3-library_3/maven-metadata.xml
2023.07.23 19:15:06 INFO  BSP server: Downloading https://repo1.maven.org/maven2/org/scala-lang/scala3-library_3/maven-metadata.xml
2023.07.23 19:15:06 INFO  BSP server: Downloaded https://repo1.maven.org/maven2/org/scala-lang/scala3-library_3/maven-metadata.xml
2023.07.23 19:15:07 ERROR Timeout waiting for 'build/initialize' response
2023.07.23 19:15:07 WARN  Retrying connection to the build server scala-cli
2023.07.23 19:15:07 INFO  Running BSP server List(C:\Users\oskar\AppData\Local\Coursier\data\bin\.scala-cli.aux.exe, bsp, --json-options, C:\Users\oskar\adventOfCode22\.scala-build\ide-options-v2.json, C:\Users\oskar\adventOfCode22)
2023.07.23 19:15:07 INFO  tracing is disabled for protocol BSP, to enable tracing of incoming and outgoing JSON messages create an empty file at C:\Users\oskar\adventOfCode22\.metals\bsp.trace.json or C:\Users\oskar\AppData\Local\scalameta\metals\cache\bsp.trace.json
2023.07.23 19:15:10 INFO  time: Connected to build server in 1m4s
2023.07.23 19:15:10 INFO  Connected to Build server: scala-cli v1.0.0-RC1
2023.07.23 19:15:11 INFO  time: Imported build in 0.3s
2023.07.23 19:15:12 INFO  compiling project_bd2c96d2de (1 scala source)
2023.07.23 19:15:15 INFO  time: indexed workspace in 4.23s
2023.07.23 19:15:21 INFO  time: compiled project_bd2c96d2de in 9.86s
2023.07.23 19:16:09 INFO  compiling project_bd2c96d2de (1 scala source)
2023.07.23 19:16:09 INFO  time: compiled project_bd2c96d2de in 0.33s
2023.07.23 19:16:49 INFO  compiling project_bd2c96d2de (1 scala source)
2023.07.23 19:16:49 INFO  time: compiled project_bd2c96d2de in 0.94s
2023.07.23 19:19:07 INFO  compiling project_bd2c96d2de (1 scala source)
2023.07.23 19:19:07 INFO  time: compiled project_bd2c96d2de in 0.72s
heinäk. 23, 2023 7:19:15 IP. org.eclipse.lsp4j.jsonrpc.RemoteEndpoint handleCancellation
WARNING: Unmatched cancel notification for request id 563
2023.07.23 19:19:30 INFO  compiling project_bd2c96d2de (1 scala source)
2023.07.23 19:19:30 INFO  time: compiled project_bd2c96d2de in 0.68s
2023.07.23 19:21:05 INFO  compiling project_bd2c96d2de (1 scala source)
2023.07.23 19:21:05 INFO  time: compiled project_bd2c96d2de in 0.61s
2023.07.23 19:22:00 INFO  compiling project_bd2c96d2de (1 scala source)
2023.07.23 19:22:00 INFO  time: compiled project_bd2c96d2de in 0.49s
2023.07.23 19:22:10 INFO  compiling project_bd2c96d2de (1 scala source)
2023.07.23 19:22:10 INFO  time: compiled project_bd2c96d2de in 0.48s
2023.07.23 19:22:35 INFO  compiling project_bd2c96d2de (1 scala source)
2023.07.23 19:22:35 INFO  time: compiled project_bd2c96d2de in 0.36s
2023.07.23 19:25:03 INFO  compiling project_bd2c96d2de (1 scala source)
2023.07.23 19:25:03 INFO  time: compiled project_bd2c96d2de in 0.61s
2023.07.23 19:25:09 WARN  Could not load snapshot text for C:\Users\oskar\adventOfCode22\Go.scala
2023.07.23 19:25:09 WARN  Could not load snapshot text for C:\Users\oskar\adventOfCode22\Go.scala
2023.07.23 19:25:09 WARN  Could not load snapshot text for C:\Users\oskar\adventOfCode22\Go.scala
2023.07.23 19:25:09 WARN  Could not load snapshot text for C:\Users\oskar\adventOfCode22\Go.scala
2023.07.23 19:25:09 INFO  compiling project_bd2c96d2de (1 scala source)
2023.07.23 19:25:09 INFO  time: compiled project_bd2c96d2de in 0.3s
2023.07.23 19:28:28 INFO  compiling project_bd2c96d2de (1 scala source)
2023.07.23 19:28:28 INFO  time: compiled project_bd2c96d2de in 0.38s
2023.07.23 19:28:38 INFO  compiling project_bd2c96d2de (1 scala source)
2023.07.23 19:28:38 INFO  time: compiled project_bd2c96d2de in 0.45s
2023.07.23 19:28:50 WARN  Could not load snapshot text for C:\Users\oskar\adventOfCode22\Go.scala
2023.07.23 19:28:50 WARN  Could not load snapshot text for C:\Users\oskar\adventOfCode22\Go.scala
2023.07.23 19:28:50 WARN  Could not load snapshot text for C:\Users\oskar\adventOfCode22\Go.scala
2023.07.23 19:28:50 WARN  Could not load snapshot text for C:\Users\oskar\adventOfCode22\Go.scala
2023.07.23 19:28:50 INFO  compiling project_bd2c96d2de (1 scala source)
2023.07.23 19:28:50 INFO  time: compiled project_bd2c96d2de in 0.3s
2023.07.23 19:30:02 INFO  compiling project_bd2c96d2de (1 scala source)
2023.07.23 19:30:02 INFO  time: compiled project_bd2c96d2de in 0.3s
2023.07.23 19:30:17 INFO  compiling project_bd2c96d2de (1 scala source)
2023.07.23 19:30:17 INFO  time: compiled project_bd2c96d2de in 0.27s
2023.07.23 19:31:13 INFO  compiling project_bd2c96d2de (1 scala source)
2023.07.23 19:31:13 INFO  time: compiled project_bd2c96d2de in 0.67s
2023.07.23 19:31:28 INFO  compiling project_bd2c96d2de (1 scala source)
2023.07.23 19:31:28 INFO  time: compiled project_bd2c96d2de in 0.49s
2023.07.23 19:31:45 INFO  compiling project_bd2c96d2de (1 scala source)
2023.07.23 19:31:45 INFO  time: compiled project_bd2c96d2de in 0.29s
2023.07.23 19:41:43 INFO  compiling project_bd2c96d2de (1 scala source)
2023.07.23 19:41:43 INFO  time: compiled project_bd2c96d2de in 0.3s
2023.07.23 19:42:00 INFO  compiling project_bd2c96d2de (1 scala source)
2023.07.23 19:42:00 INFO  time: compiled project_bd2c96d2de in 0.38s
2023.07.23 19:42:50 INFO  compiling project_bd2c96d2de (1 scala source)
2023.07.23 19:42:50 INFO  time: compiled project_bd2c96d2de in 0.34s
2023.07.23 19:43:09 INFO  compiling project_bd2c96d2de (1 scala source)
2023.07.23 19:43:09 INFO  time: compiled project_bd2c96d2de in 0.28s
2023.07.23 19:44:27 INFO  compiling project_bd2c96d2de (1 scala source)
2023.07.23 19:44:27 INFO  time: compiled project_bd2c96d2de in 0.29s
2023.07.23 19:46:56 INFO  compiling project_bd2c96d2de (1 scala source)
2023.07.23 19:46:56 INFO  time: compiled project_bd2c96d2de in 0.13s
2023.07.23 19:47:00 INFO  compiling project_bd2c96d2de (1 scala source)
2023.07.23 19:47:00 INFO  time: compiled project_bd2c96d2de in 0.33s
2023.07.23 19:47:19 INFO  compiling project_bd2c96d2de (1 scala source)
2023.07.23 19:47:19 INFO  time: compiled project_bd2c96d2de in 0.22s
2023.07.23 19:49:27 INFO  compiling project_bd2c96d2de (1 scala source)
2023.07.23 19:49:27 INFO  time: compiled project_bd2c96d2de in 0.59s
2023.07.23 19:49:32 INFO  compiling project_bd2c96d2de (1 scala source)
2023.07.23 19:49:32 INFO  time: compiled project_bd2c96d2de in 0.46s
2023.07.23 19:49:53 INFO  compiling project_bd2c96d2de (1 scala source)
2023.07.23 19:49:53 INFO  time: compiled project_bd2c96d2de in 0.35s
heinäk. 23, 2023 7:53:01 IP. org.eclipse.lsp4j.jsonrpc.RemoteEndpoint handleCancellation
WARNING: Unmatched cancel notification for request id 1868
2023.07.23 19:53:04 INFO  compiling project_bd2c96d2de (1 scala source)
2023.07.23 19:53:04 INFO  time: compiled project_bd2c96d2de in 0.44s
2023.07.23 20:00:35 INFO  compiling project_bd2c96d2de (1 scala source)
2023.07.23 20:00:35 INFO  time: compiled project_bd2c96d2de in 0.37s
2023.07.23 20:00:41 INFO  compiling project_bd2c96d2de (1 scala source)
2023.07.23 20:00:41 INFO  time: compiled project_bd2c96d2de in 0.23s
2023.07.23 20:00:50 INFO  compiling project_bd2c96d2de (1 scala source)
2023.07.23 20:00:50 INFO  time: compiled project_bd2c96d2de in 0.2s
2023.07.23 20:00:57 INFO  compiling project_bd2c96d2de (1 scala source)
2023.07.23 20:00:57 INFO  time: compiled project_bd2c96d2de in 0.21s
heinäk. 23, 2023 8:01:10 IP. org.eclipse.lsp4j.jsonrpc.RemoteEndpoint handleCancellation
WARNING: Unmatched cancel notification for request id 2011
2023.07.23 20:01:38 INFO  compiling project_bd2c96d2de (1 scala source)
2023.07.23 20:01:38 INFO  time: compiled project_bd2c96d2de in 0.13s
2023.07.23 20:01:38 WARN  Could not load snapshot text for C:\Users\oskar\adventOfCode22\Go.scala
2023.07.23 20:01:44 WARN  Could not load snapshot text for C:\Users\oskar\adventOfCode22\Go.scala
2023.07.23 20:01:46 WARN  Could not load snapshot text for C:\Users\oskar\adventOfCode22\Go.scala
2023.07.23 20:01:52 WARN  Could not load snapshot text for C:\Users\oskar\adventOfCode22\Go.scala
2023.07.23 20:01:53 INFO  compiling project_bd2c96d2de (1 scala source)
2023.07.23 20:01:53 INFO  time: compiled project_bd2c96d2de in 0.26s
heinäk. 23, 2023 8:03:55 IP. org.eclipse.lsp4j.jsonrpc.RemoteEndpoint handleCancellation
WARNING: Unmatched cancel notification for request id 2433
heinäk. 23, 2023 8:04:19 IP. org.eclipse.lsp4j.jsonrpc.RemoteEndpoint handleCancellation
WARNING: Unmatched cancel notification for request id 2532
heinäk. 23, 2023 8:04:41 IP. org.eclipse.lsp4j.jsonrpc.RemoteEndpoint handleCancellation
WARNING: Unmatched cancel notification for request id 2599
2023.07.23 20:05:57 INFO  compiling project_bd2c96d2de (1 scala source)
2023.07.23 20:05:57 INFO  file:///C:/Users/oskar/adventOfCode22/Go.scala:22:22: stale bloop error: empty character literal
            if me == ''
                     ^
2023.07.23 20:05:57 INFO  file:///C:/Users/oskar/adventOfCode22/Go.scala:22:22: stale bloop error: empty character literal
            if me == ''
                     ^
2023.07.23 20:05:57 INFO  file:///C:/Users/oskar/adventOfCode22/Go.scala:23:19: stale bloop error: end of statement expected but character literal found
        if opp == 'A' && 
                  ^
2023.07.23 20:05:57 INFO  file:///C:/Users/oskar/adventOfCode22/Go.scala:23:9: stale bloop error: Not found: 'if
        if opp == 'A' && 
        ^^
2023.07.23 20:05:57 INFO  time: compiled project_bd2c96d2de in 0.17s
2023.07.23 20:06:15 INFO  file:///C:/Users/oskar/adventOfCode22/Go.scala:22:22: stale bloop error: empty character literal
            if me == ''
                     ^
2023.07.23 20:06:15 INFO  file:///C:/Users/oskar/adventOfCode22/Go.scala:23:19: stale bloop error: end of statement expected but character literal found
        if opp == 'A' && 
                  ^
2023.07.23 20:06:15 INFO  file:///C:/Users/oskar/adventOfCode22/Go.scala:23:9: stale bloop error: Not found: 'if
        if opp == 'A' && 
        ^^
2023.07.23 20:06:15 INFO  file:///C:/Users/oskar/adventOfCode22/Go.scala:22:22: stale bloop error: empty character literal
            if me == ''
                     ^
2023.07.23 20:06:15 INFO  file:///C:/Users/oskar/adventOfCode22/Go.scala:23:19: stale bloop error: end of statement expected but character literal found
        if opp == 'A' && 
                  ^
2023.07.23 20:06:15 INFO  file:///C:/Users/oskar/adventOfCode22/Go.scala:23:9: stale bloop error: Not found: 'if
        if opp == 'A' && 
        ^^
2023.07.23 20:06:17 INFO  file:///C:/Users/oskar/adventOfCode22/Go.scala:22:22: stale bloop error: empty character literal
            if me == ''
                     ^
2023.07.23 20:06:17 INFO  file:///C:/Users/oskar/adventOfCode22/Go.scala:23:19: stale bloop error: end of statement expected but character literal found
        if opp == 'A' && 
                  ^
2023.07.23 20:06:17 INFO  file:///C:/Users/oskar/adventOfCode22/Go.scala:23:9: stale bloop error: Not found: 'if
        if opp == 'A' && 
        ^^
2023.07.23 20:06:17 INFO  file:///C:/Users/oskar/adventOfCode22/Go.scala:22:22: stale bloop error: empty character literal
            if me == ''
                     ^
2023.07.23 20:06:17 INFO  file:///C:/Users/oskar/adventOfCode22/Go.scala:23:19: stale bloop error: end of statement expected but character literal found
        if opp == 'A' && 
                  ^
2023.07.23 20:06:17 INFO  file:///C:/Users/oskar/adventOfCode22/Go.scala:23:9: stale bloop error: Not found: 'if
        if opp == 'A' && 
        ^^
2023.07.23 20:06:17 INFO  file:///C:/Users/oskar/adventOfCode22/Go.scala:22:22: stale bloop error: empty character literal
            if me == ''
                     ^
2023.07.23 20:06:17 INFO  file:///C:/Users/oskar/adventOfCode22/Go.scala:23:19: stale bloop error: end of statement expected but character literal found
        if opp == 'A' && 
                  ^
2023.07.23 20:06:17 INFO  file:///C:/Users/oskar/adventOfCode22/Go.scala:23:9: stale bloop error: Not found: 'if
        if opp == 'A' && 
        ^^
2023.07.23 20:06:17 INFO  file:///C:/Users/oskar/adventOfCode22/Go.scala:22:22: stale bloop error: empty character literal
            if me == ''
                     ^
2023.07.23 20:06:17 INFO  file:///C:/Users/oskar/adventOfCode22/Go.scala:23:19: stale bloop error: end of statement expected but character literal found
        if opp == 'A' && 
                  ^
2023.07.23 20:06:17 INFO  file:///C:/Users/oskar/adventOfCode22/Go.scala:23:9: stale bloop error: Not found: 'if
        if opp == 'A' && 
        ^^
2023.07.23 20:06:17 INFO  file:///C:/Users/oskar/adventOfCode22/Go.scala:22:22: stale bloop error: empty character literal
            if me == ''
                     ^
2023.07.23 20:06:17 INFO  file:///C:/Users/oskar/adventOfCode22/Go.scala:23:19: stale bloop error: end of statement expected but character literal found
        if opp == 'A' && 
                  ^
2023.07.23 20:06:17 INFO  file:///C:/Users/oskar/adventOfCode22/Go.scala:23:9: stale bloop error: Not found: 'if
        if opp == 'A' && 
        ^^
2023.07.23 20:06:17 INFO  file:///C:/Users/oskar/adventOfCode22/Go.scala:22:22: stale bloop error: empty character literal
            if me == ''
                     ^
2023.07.23 20:06:17 INFO  file:///C:/Users/oskar/adventOfCode22/Go.scala:23:19: stale bloop error: end of statement expected but character literal found
        if opp == 'A' && 
                  ^
2023.07.23 20:06:17 INFO  file:///C:/Users/oskar/adventOfCode22/Go.scala:23:9: stale bloop error: Not found: 'if
        if opp == 'A' && 
        ^^
2023.07.23 20:06:17 INFO  file:///C:/Users/oskar/adventOfCode22/Go.scala:22:22: stale bloop error: empty character literal
            if me == ''
                     ^
2023.07.23 20:06:17 INFO  file:///C:/Users/oskar/adventOfCode22/Go.scala:23:19: stale bloop error: end of statement expected but character literal found
        if opp == 'A' && 
                  ^
2023.07.23 20:06:17 INFO  file:///C:/Users/oskar/adventOfCode22/Go.scala:23:9: stale bloop error: Not found: 'if
        if opp == 'A' && 
        ^^
2023.07.23 20:06:17 INFO  file:///C:/Users/oskar/adventOfCode22/Go.scala:22:22: stale bloop error: empty character literal
            if me == ''
                     ^
2023.07.23 20:06:17 INFO  file:///C:/Users/oskar/adventOfCode22/Go.scala:23:19: stale bloop error: end of statement expected but character literal found
        if opp == 'A' && 
                  ^
2023.07.23 20:06:17 INFO  file:///C:/Users/oskar/adventOfCode22/Go.scala:23:9: stale bloop error: Not found: 'if
        if opp == 'A' && 
        ^^
2023.07.23 20:06:17 INFO  file:///C:/Users/oskar/adventOfCode22/Go.scala:22:22: stale bloop error: empty character literal
            if me == ''
                     ^
2023.07.23 20:06:17 INFO  file:///C:/Users/oskar/adventOfCode22/Go.scala:23:19: stale bloop error: end of statement expected but character literal found
        if opp == 'A' && 
                  ^
2023.07.23 20:06:17 INFO  file:///C:/Users/oskar/adventOfCode22/Go.scala:23:9: stale bloop error: Not found: 'if
        if opp == 'A' && 
        ^^
2023.07.23 20:06:17 INFO  file:///C:/Users/oskar/adventOfCode22/Go.scala:22:22: stale bloop error: empty character literal
            if me == ''
                     ^
2023.07.23 20:06:17 INFO  file:///C:/Users/oskar/adventOfCode22/Go.scala:23:19: stale bloop error: end of statement expected but character literal found
        if opp == 'A' && 
                  ^
2023.07.23 20:06:17 INFO  file:///C:/Users/oskar/adventOfCode22/Go.scala:23:9: stale bloop error: Not found: 'if
        if opp == 'A' && 
        ^^
2023.07.23 20:06:17 INFO  file:///C:/Users/oskar/adventOfCode22/Go.scala:22:22: stale bloop error: empty character literal
            if me == ''
                     ^
2023.07.23 20:06:17 INFO  file:///C:/Users/oskar/adventOfCode22/Go.scala:23:19: stale bloop error: end of statement expected but character literal found
        if opp == 'A' && 
                  ^
2023.07.23 20:06:17 INFO  file:///C:/Users/oskar/adventOfCode22/Go.scala:23:9: stale bloop error: Not found: 'if
        if opp == 'A' && 
        ^^
2023.07.23 20:06:17 INFO  file:///C:/Users/oskar/adventOfCode22/Go.scala:22:22: stale bloop error: empty character literal
            if me == ''
                     ^
2023.07.23 20:06:17 INFO  file:///C:/Users/oskar/adventOfCode22/Go.scala:23:19: stale bloop error: end of statement expected but character literal found
        if opp == 'A' && 
                  ^
2023.07.23 20:06:17 INFO  file:///C:/Users/oskar/adventOfCode22/Go.scala:23:9: stale bloop error: Not found: 'if
        if opp == 'A' && 
        ^^
2023.07.23 20:06:17 INFO  file:///C:/Users/oskar/adventOfCode22/Go.scala:22:22: stale bloop error: empty character literal
            if me == ''
                     ^
2023.07.23 20:06:17 INFO  file:///C:/Users/oskar/adventOfCode22/Go.scala:23:19: stale bloop error: end of statement expected but character literal found
        if opp == 'A' && 
                  ^
2023.07.23 20:06:17 INFO  file:///C:/Users/oskar/adventOfCode22/Go.scala:23:9: stale bloop error: Not found: 'if
        if opp == 'A' && 
        ^^
2023.07.23 20:06:18 INFO  file:///C:/Users/oskar/adventOfCode22/Go.scala:22:22: stale bloop error: empty character literal
            if me == ''
                     ^
2023.07.23 20:06:18 INFO  file:///C:/Users/oskar/adventOfCode22/Go.scala:23:19: stale bloop error: end of statement expected but character literal found
        if opp == 'A' && 
                  ^
2023.07.23 20:06:18 INFO  file:///C:/Users/oskar/adventOfCode22/Go.scala:23:9: stale bloop error: Not found: 'if
        if opp == 'A' && 
        ^^
2023.07.23 20:06:19 INFO  file:///C:/Users/oskar/adventOfCode22/Go.scala:22:22: stale bloop error: empty character literal
            if me == ''
                     ^
2023.07.23 20:06:19 INFO  file:///C:/Users/oskar/adventOfCode22/Go.scala:23:19: stale bloop error: end of statement expected but character literal found
        if opp == 'A' && 
                  ^
2023.07.23 20:06:19 INFO  file:///C:/Users/oskar/adventOfCode22/Go.scala:23:9: stale bloop error: Not found: 'if
        if opp == 'A' && 
        ^^
2023.07.23 20:06:18 INFO  file:///C:/Users/oskar/adventOfCode22/Go.scala:22:22: stale bloop error: empty character literal
            if me == ''
                     ^
2023.07.23 20:06:18 INFO  file:///C:/Users/oskar/adventOfCode22/Go.scala:23:19: stale bloop error: end of statement expected but character literal found
        if opp == 'A' && 
                  ^
2023.07.23 20:06:18 INFO  file:///C:/Users/oskar/adventOfCode22/Go.scala:23:9: stale bloop error: Not found: 'if
        if opp == 'A' && 
        ^^
2023.07.23 20:06:19 INFO  file:///C:/Users/oskar/adventOfCode22/Go.scala:22:22: stale bloop error: empty character literal
            if me == ''
                     ^
2023.07.23 20:06:19 INFO  file:///C:/Users/oskar/adventOfCode22/Go.scala:23:19: stale bloop error: end of statement expected but character literal found
        if opp == 'A' && 
                  ^
2023.07.23 20:06:19 INFO  file:///C:/Users/oskar/adventOfCode22/Go.scala:23:9: stale bloop error: Not found: 'if
        if opp == 'A' && 
        ^^
2023.07.23 20:06:19 INFO  file:///C:/Users/oskar/adventOfCode22/Go.scala:22:22: stale bloop error: empty character literal
            if me == ''
                     ^
2023.07.23 20:06:19 INFO  file:///C:/Users/oskar/adventOfCode22/Go.scala:23:19: stale bloop error: end of statement expected but character literal found
        if opp == 'A' && 
                  ^
2023.07.23 20:06:19 INFO  file:///C:/Users/oskar/adventOfCode22/Go.scala:23:9: stale bloop error: Not found: 'if
        if opp == 'A' && 
        ^^
2023.07.23 20:06:19 INFO  file:///C:/Users/oskar/adventOfCode22/Go.scala:22:22: stale bloop error: empty character literal
            if me == ''
                     ^
2023.07.23 20:06:19 INFO  file:///C:/Users/oskar/adventOfCode22/Go.scala:23:19: stale bloop error: end of statement expected but character literal found
        if opp == 'A' && 
                  ^
2023.07.23 20:06:19 INFO  file:///C:/Users/oskar/adventOfCode22/Go.scala:23:9: stale bloop error: Not found: 'if
        if opp == 'A' && 
        ^^
2023.07.23 20:06:19 INFO  file:///C:/Users/oskar/adventOfCode22/Go.scala:22:22: stale bloop error: empty character literal
            if me == ''
                     ^
2023.07.23 20:06:19 INFO  file:///C:/Users/oskar/adventOfCode22/Go.scala:23:19: stale bloop error: end of statement expected but character literal found
        if opp == 'A' && 
                  ^
2023.07.23 20:06:19 INFO  file:///C:/Users/oskar/adventOfCode22/Go.scala:23:9: stale bloop error: Not found: 'if
        if opp == 'A' && 
        ^^
2023.07.23 20:06:19 INFO  file:///C:/Users/oskar/adventOfCode22/Go.scala:22:22: stale bloop error: empty character literal
            if me == ''
                     ^
2023.07.23 20:06:19 INFO  file:///C:/Users/oskar/adventOfCode22/Go.scala:23:19: stale bloop error: end of statement expected but character literal found
        if opp == 'A' && 
                  ^
2023.07.23 20:06:19 INFO  file:///C:/Users/oskar/adventOfCode22/Go.scala:23:9: stale bloop error: Not found: 'if
        if opp == 'A' && 
        ^^
2023.07.23 20:06:19 INFO  file:///C:/Users/oskar/adventOfCode22/Go.scala:22:22: stale bloop error: empty character literal
            if me == ''
                     ^
2023.07.23 20:06:19 INFO  file:///C:/Users/oskar/adventOfCode22/Go.scala:23:19: stale bloop error: end of statement expected but character literal found
        if opp == 'A' && 
                  ^
2023.07.23 20:06:19 INFO  file:///C:/Users/oskar/adventOfCode22/Go.scala:23:9: stale bloop error: Not found: 'if
        if opp == 'A' && 
        ^^
2023.07.23 20:06:19 INFO  file:///C:/Users/oskar/adventOfCode22/Go.scala:22:22: stale bloop error: empty character literal
            if me == ''
                     ^
2023.07.23 20:06:19 INFO  file:///C:/Users/oskar/adventOfCode22/Go.scala:23:19: stale bloop error: end of statement expected but character literal found
        if opp == 'A' && 
                  ^
2023.07.23 20:06:19 INFO  file:///C:/Users/oskar/adventOfCode22/Go.scala:23:9: stale bloop error: Not found: 'if
        if opp == 'A' && 
        ^^
2023.07.23 20:06:19 INFO  file:///C:/Users/oskar/adventOfCode22/Go.scala:22:22: stale bloop error: empty character literal
            if me == ''
                     ^
2023.07.23 20:06:19 INFO  file:///C:/Users/oskar/adventOfCode22/Go.scala:23:19: stale bloop error: end of statement expected but character literal found
        if opp == 'A' && 
                  ^
2023.07.23 20:06:19 INFO  file:///C:/Users/oskar/adventOfCode22/Go.scala:23:9: stale bloop error: Not found: 'if
        if opp == 'A' && 
        ^^
2023.07.23 20:06:20 INFO  file:///C:/Users/oskar/adventOfCode22/Go.scala:22:22: stale bloop error: empty character literal
            if me == ''
                     ^
2023.07.23 20:06:20 INFO  file:///C:/Users/oskar/adventOfCode22/Go.scala:23:19: stale bloop error: end of statement expected but character literal found
        if opp == 'A' && 
                  ^
2023.07.23 20:06:20 INFO  file:///C:/Users/oskar/adventOfCode22/Go.scala:23:9: stale bloop error: Not found: 'if
        if opp == 'A' && 
        ^^
2023.07.23 20:06:20 INFO  file:///C:/Users/oskar/adventOfCode22/Go.scala:22:22: stale bloop error: empty character literal
            if me == ''
                     ^
2023.07.23 20:06:20 INFO  file:///C:/Users/oskar/adventOfCode22/Go.scala:23:19: stale bloop error: end of statement expected but character literal found
        if opp == 'A' && 
                  ^
2023.07.23 20:06:20 INFO  file:///C:/Users/oskar/adventOfCode22/Go.scala:23:9: stale bloop error: Not found: 'if
        if opp == 'A' && 
        ^^
2023.07.23 20:06:20 INFO  file:///C:/Users/oskar/adventOfCode22/Go.scala:22:22: stale bloop error: empty character literal
            if me == ''
                     ^
2023.07.23 20:06:20 INFO  file:///C:/Users/oskar/adventOfCode22/Go.scala:23:19: stale bloop error: end of statement expected but character literal found
        if opp == 'A' && 
                  ^
2023.07.23 20:06:20 INFO  file:///C:/Users/oskar/adventOfCode22/Go.scala:23:9: stale bloop error: Not found: 'if
        if opp == 'A' && 
        ^^
2023.07.23 20:06:20 INFO  file:///C:/Users/oskar/adventOfCode22/Go.scala:22:22: stale bloop error: empty character literal
            if me == ''
                     ^
2023.07.23 20:06:20 INFO  file:///C:/Users/oskar/adventOfCode22/Go.scala:23:19: stale bloop error: end of statement expected but character literal found
        if opp == 'A' && 
                  ^
2023.07.23 20:06:20 INFO  file:///C:/Users/oskar/adventOfCode22/Go.scala:23:9: stale bloop error: Not found: 'if
        if opp == 'A' && 
        ^^
2023.07.23 20:06:20 INFO  file:///C:/Users/oskar/adventOfCode22/Go.scala:22:22: stale bloop error: empty character literal
            if me == ''
                     ^
2023.07.23 20:06:20 INFO  file:///C:/Users/oskar/adventOfCode22/Go.scala:23:19: stale bloop error: end of statement expected but character literal found
        if opp == 'A' && 
                  ^
2023.07.23 20:06:20 INFO  file:///C:/Users/oskar/adventOfCode22/Go.scala:23:9: stale bloop error: Not found: 'if
        if opp == 'A' && 
        ^^
2023.07.23 20:06:20 INFO  file:///C:/Users/oskar/adventOfCode22/Go.scala:22:22: stale bloop error: empty character literal
            if me == ''
                     ^
2023.07.23 20:06:20 INFO  file:///C:/Users/oskar/adventOfCode22/Go.scala:23:19: stale bloop error: end of statement expected but character literal found
        if opp == 'A' && 
                  ^
2023.07.23 20:06:20 INFO  file:///C:/Users/oskar/adventOfCode22/Go.scala:23:9: stale bloop error: Not found: 'if
        if opp == 'A' && 
        ^^
2023.07.23 20:06:20 INFO  file:///C:/Users/oskar/adventOfCode22/Go.scala:22:22: stale bloop error: empty character literal
            if me == ''
                     ^
2023.07.23 20:06:20 INFO  file:///C:/Users/oskar/adventOfCode22/Go.scala:23:19: stale bloop error: end of statement expected but character literal found
        if opp == 'A' && 
                  ^
2023.07.23 20:06:20 INFO  file:///C:/Users/oskar/adventOfCode22/Go.scala:23:9: stale bloop error: Not found: 'if
        if opp == 'A' && 
        ^^
2023.07.23 20:06:20 INFO  file:///C:/Users/oskar/adventOfCode22/Go.scala:22:22: stale bloop error: empty character literal
            if me == ''
                     ^
2023.07.23 20:06:20 INFO  file:///C:/Users/oskar/adventOfCode22/Go.scala:23:19: stale bloop error: end of statement expected but character literal found
        if opp == 'A' && 
                  ^
2023.07.23 20:06:20 INFO  file:///C:/Users/oskar/adventOfCode22/Go.scala:23:9: stale bloop error: Not found: 'if
        if opp == 'A' && 
        ^^
2023.07.23 20:06:20 INFO  file:///C:/Users/oskar/adventOfCode22/Go.scala:22:22: stale bloop error: empty character literal
            if me == ''
                     ^
2023.07.23 20:06:20 INFO  file:///C:/Users/oskar/adventOfCode22/Go.scala:23:19: stale bloop error: end of statement expected but character literal found
        if opp == 'A' && 
                  ^
2023.07.23 20:06:20 INFO  file:///C:/Users/oskar/adventOfCode22/Go.scala:23:9: stale bloop error: Not found: 'if
        if opp == 'A' && 
        ^^
2023.07.23 20:06:20 INFO  file:///C:/Users/oskar/adventOfCode22/Go.scala:22:22: stale bloop error: empty character literal
            if me == ''
                     ^
2023.07.23 20:06:20 INFO  file:///C:/Users/oskar/adventOfCode22/Go.scala:23:19: stale bloop error: end of statement expected but character literal found
        if opp == 'A' && 
                  ^
2023.07.23 20:06:20 INFO  file:///C:/Users/oskar/adventOfCode22/Go.scala:23:9: stale bloop error: Not found: 'if
        if opp == 'A' && 
        ^^
2023.07.23 20:06:21 INFO  file:///C:/Users/oskar/adventOfCode22/Go.scala:22:22: stale bloop error: empty character literal
            if me == ''
                     ^
2023.07.23 20:06:21 INFO  file:///C:/Users/oskar/adventOfCode22/Go.scala:23:19: stale bloop error: end of statement expected but character literal found
        if opp == 'A' && 
                  ^
2023.07.23 20:06:21 INFO  file:///C:/Users/oskar/adventOfCode22/Go.scala:23:9: stale bloop error: Not found: 'if
        if opp == 'A' && 
        ^^
2023.07.23 20:06:21 INFO  file:///C:/Users/oskar/adventOfCode22/Go.scala:22:22: stale bloop error: empty character literal
            if me == ''
                     ^
2023.07.23 20:06:21 INFO  file:///C:/Users/oskar/adventOfCode22/Go.scala:23:19: stale bloop error: end of statement expected but character literal found
        if opp == 'A' && 
                  ^
2023.07.23 20:06:21 INFO  file:///C:/Users/oskar/adventOfCode22/Go.scala:23:9: stale bloop error: Not found: 'if
        if opp == 'A' && 
        ^^
2023.07.23 20:06:27 INFO  file:///C:/Users/oskar/adventOfCode22/Go.scala:22:22: stale bloop error: empty character literal
            if me == ''
                     ^
2023.07.23 20:06:27 INFO  file:///C:/Users/oskar/adventOfCode22/Go.scala:23:19: stale bloop error: end of statement expected but character literal found
        if opp == 'A' && 
                  ^
2023.07.23 20:06:27 INFO  file:///C:/Users/oskar/adventOfCode22/Go.scala:23:9: stale bloop error: Not found: 'if
        if opp == 'A' && 
        ^^
2023.07.23 20:06:27 INFO  file:///C:/Users/oskar/adventOfCode22/Go.scala:22:22: stale bloop error: empty character literal
            if me == ''
                     ^
2023.07.23 20:06:27 INFO  file:///C:/Users/oskar/adventOfCode22/Go.scala:23:19: stale bloop error: end of statement expected but character literal found
        if opp == 'A' && 
                  ^
2023.07.23 20:06:27 INFO  file:///C:/Users/oskar/adventOfCode22/Go.scala:23:9: stale bloop error: Not found: 'if
        if opp == 'A' && 
        ^^
2023.07.23 20:06:28 INFO  file:///C:/Users/oskar/adventOfCode22/Go.scala:22:22: stale bloop error: empty character literal
            if me == ''
                     ^
2023.07.23 20:06:28 INFO  file:///C:/Users/oskar/adventOfCode22/Go.scala:23:19: stale bloop error: end of statement expected but character literal found
        if opp == 'A' && 
                  ^
2023.07.23 20:06:28 INFO  file:///C:/Users/oskar/adventOfCode22/Go.scala:23:9: stale bloop error: Not found: 'if
        if opp == 'A' && 
        ^^
2023.07.23 20:06:28 INFO  file:///C:/Users/oskar/adventOfCode22/Go.scala:22:22: stale bloop error: empty character literal
            if me == ''
                     ^
2023.07.23 20:06:28 INFO  file:///C:/Users/oskar/adventOfCode22/Go.scala:23:19: stale bloop error: end of statement expected but character literal found
        if opp == 'A' && 
                  ^
2023.07.23 20:06:28 INFO  file:///C:/Users/oskar/adventOfCode22/Go.scala:23:9: stale bloop error: Not found: 'if
        if opp == 'A' && 
        ^^
2023.07.23 20:06:46 INFO  file:///C:/Users/oskar/adventOfCode22/Go.scala:22:22: stale bloop error: empty character literal
            if me == ''
                     ^
2023.07.23 20:06:46 INFO  file:///C:/Users/oskar/adventOfCode22/Go.scala:23:19: stale bloop error: end of statement expected but character literal found
        if opp == 'A' && 
                  ^
2023.07.23 20:06:46 INFO  file:///C:/Users/oskar/adventOfCode22/Go.scala:23:9: stale bloop error: Not found: 'if
        if opp == 'A' && 
        ^^
2023.07.23 20:06:46 INFO  file:///C:/Users/oskar/adventOfCode22/Go.scala:22:22: stale bloop error: empty character literal
            if me == ''
                     ^
2023.07.23 20:06:46 INFO  file:///C:/Users/oskar/adventOfCode22/Go.scala:23:19: stale bloop error: end of statement expected but character literal found
        if opp == 'A' && 
                  ^
2023.07.23 20:06:46 INFO  file:///C:/Users/oskar/adventOfCode22/Go.scala:23:9: stale bloop error: Not found: 'if
        if opp == 'A' && 
        ^^
2023.07.23 20:06:46 INFO  file:///C:/Users/oskar/adventOfCode22/Go.scala:22:22: stale bloop error: empty character literal
            if me == ''
                     ^
2023.07.23 20:06:46 INFO  file:///C:/Users/oskar/adventOfCode22/Go.scala:23:19: stale bloop error: end of statement expected but character literal found
        if opp == 'A' && 
                  ^
2023.07.23 20:06:46 INFO  file:///C:/Users/oskar/adventOfCode22/Go.scala:23:9: stale bloop error: Not found: 'if
        if opp == 'A' && 
        ^^
2023.07.23 20:06:46 INFO  file:///C:/Users/oskar/adventOfCode22/Go.scala:22:22: stale bloop error: empty character literal
            if me == ''
                     ^
2023.07.23 20:06:46 INFO  file:///C:/Users/oskar/adventOfCode22/Go.scala:23:19: stale bloop error: end of statement expected but character literal found
        if opp == 'A' && 
                  ^
2023.07.23 20:06:46 INFO  file:///C:/Users/oskar/adventOfCode22/Go.scala:23:9: stale bloop error: Not found: 'if
        if opp == 'A' && 
        ^^
2023.07.23 20:06:46 INFO  file:///C:/Users/oskar/adventOfCode22/Go.scala:22:22: stale bloop error: empty character literal
            if me == ''
                     ^
2023.07.23 20:06:46 INFO  file:///C:/Users/oskar/adventOfCode22/Go.scala:23:19: stale bloop error: end of statement expected but character literal found
        if opp == 'A' && 
                  ^
2023.07.23 20:06:46 INFO  file:///C:/Users/oskar/adventOfCode22/Go.scala:23:9: stale bloop error: Not found: 'if
        if opp == 'A' && 
        ^^
2023.07.23 20:06:47 INFO  file:///C:/Users/oskar/adventOfCode22/Go.scala:22:22: stale bloop error: empty character literal
            if me == ''
                     ^
2023.07.23 20:06:47 INFO  file:///C:/Users/oskar/adventOfCode22/Go.scala:23:19: stale bloop error: end of statement expected but character literal found
        if opp == 'A' && 
                  ^
2023.07.23 20:06:47 INFO  file:///C:/Users/oskar/adventOfCode22/Go.scala:23:9: stale bloop error: Not found: 'if
        if opp == 'A' && 
        ^^
2023.07.23 20:06:46 INFO  file:///C:/Users/oskar/adventOfCode22/Go.scala:22:22: stale bloop error: empty character literal
            if me == ''
                     ^
2023.07.23 20:06:46 INFO  file:///C:/Users/oskar/adventOfCode22/Go.scala:23:19: stale bloop error: end of statement expected but character literal found
        if opp == 'A' && 
                  ^
2023.07.23 20:06:46 INFO  file:///C:/Users/oskar/adventOfCode22/Go.scala:23:9: stale bloop error: Not found: 'if
        if opp == 'A' && 
        ^^
2023.07.23 20:06:46 INFO  file:///C:/Users/oskar/adventOfCode22/Go.scala:22:22: stale bloop error: empty character literal
            if me == ''
                     ^
2023.07.23 20:06:46 INFO  file:///C:/Users/oskar/adventOfCode22/Go.scala:23:19: stale bloop error: end of statement expected but character literal found
        if opp == 'A' && 
                  ^
2023.07.23 20:06:46 INFO  file:///C:/Users/oskar/adventOfCode22/Go.scala:23:9: stale bloop error: Not found: 'if
        if opp == 'A' && 
        ^^
2023.07.23 20:06:49 INFO  file:///C:/Users/oskar/adventOfCode22/Go.scala:22:22: stale bloop error: empty character literal
            if me == ''
                     ^
2023.07.23 20:06:49 INFO  file:///C:/Users/oskar/adventOfCode22/Go.scala:23:19: stale bloop error: end of statement expected but character literal found
        if opp == 'A' && 
                  ^
2023.07.23 20:06:49 INFO  file:///C:/Users/oskar/adventOfCode22/Go.scala:23:9: stale bloop error: Not found: 'if
        if opp == 'A' && 
        ^^
2023.07.23 20:06:49 INFO  file:///C:/Users/oskar/adventOfCode22/Go.scala:22:22: stale bloop error: empty character literal
            if me == ''
                     ^
2023.07.23 20:06:49 INFO  file:///C:/Users/oskar/adventOfCode22/Go.scala:23:19: stale bloop error: end of statement expected but character literal found
        if opp == 'A' && 
                  ^
2023.07.23 20:06:49 INFO  file:///C:/Users/oskar/adventOfCode22/Go.scala:23:9: stale bloop error: Not found: 'if
        if opp == 'A' && 
        ^^
heinäk. 23, 2023 8:06:50 IP. org.eclipse.lsp4j.jsonrpc.RemoteEndpoint handleCancellation
WARNING: Unmatched cancel notification for request id 2919
2023.07.23 20:06:49 INFO  file:///C:/Users/oskar/adventOfCode22/Go.scala:22:22: stale bloop error: empty character literal
            if me == ''
                     ^
2023.07.23 20:06:49 INFO  file:///C:/Users/oskar/adventOfCode22/Go.scala:23:19: stale bloop error: end of statement expected but character literal found
        if opp == 'A' && 
                  ^
2023.07.23 20:06:49 INFO  file:///C:/Users/oskar/adventOfCode22/Go.scala:23:9: stale bloop error: Not found: 'if
        if opp == 'A' && 
        ^^
2023.07.23 20:06:49 INFO  file:///C:/Users/oskar/adventOfCode22/Go.scala:22:22: stale bloop error: empty character literal
            if me == ''
                     ^
2023.07.23 20:06:49 INFO  file:///C:/Users/oskar/adventOfCode22/Go.scala:23:19: stale bloop error: end of statement expected but character literal found
        if opp == 'A' && 
                  ^
2023.07.23 20:06:49 INFO  file:///C:/Users/oskar/adventOfCode22/Go.scala:23:9: stale bloop error: Not found: 'if
        if opp == 'A' && 
        ^^
2023.07.23 20:06:49 INFO  file:///C:/Users/oskar/adventOfCode22/Go.scala:22:22: stale bloop error: empty character literal
            if me == ''
                     ^
2023.07.23 20:06:49 INFO  file:///C:/Users/oskar/adventOfCode22/Go.scala:23:19: stale bloop error: end of statement expected but character literal found
        if opp == 'A' && 
                  ^
2023.07.23 20:06:49 INFO  file:///C:/Users/oskar/adventOfCode22/Go.scala:23:9: stale bloop error: Not found: 'if
        if opp == 'A' && 
        ^^
2023.07.23 20:06:49 INFO  file:///C:/Users/oskar/adventOfCode22/Go.scala:22:22: stale bloop error: empty character literal
            if me == ''
                     ^
2023.07.23 20:06:49 INFO  file:///C:/Users/oskar/adventOfCode22/Go.scala:23:19: stale bloop error: end of statement expected but character literal found
        if opp == 'A' && 
                  ^
2023.07.23 20:06:49 INFO  file:///C:/Users/oskar/adventOfCode22/Go.scala:23:9: stale bloop error: Not found: 'if
        if opp == 'A' && 
        ^^
2023.07.23 20:06:50 INFO  file:///C:/Users/oskar/adventOfCode22/Go.scala:22:22: stale bloop error: empty character literal
            if me == ''
                     ^
2023.07.23 20:06:50 INFO  file:///C:/Users/oskar/adventOfCode22/Go.scala:23:19: stale bloop error: end of statement expected but character literal found
        if opp == 'A' && 
                  ^
2023.07.23 20:06:50 INFO  file:///C:/Users/oskar/adventOfCode22/Go.scala:23:9: stale bloop error: Not found: 'if
        if opp == 'A' && 
        ^^
2023.07.23 20:06:50 INFO  file:///C:/Users/oskar/adventOfCode22/Go.scala:22:22: stale bloop error: empty character literal
            if me == ''
                     ^
2023.07.23 20:06:50 INFO  file:///C:/Users/oskar/adventOfCode22/Go.scala:23:19: stale bloop error: end of statement expected but character literal found
        if opp == 'A' && 
                  ^
2023.07.23 20:06:50 INFO  file:///C:/Users/oskar/adventOfCode22/Go.scala:23:9: stale bloop error: Not found: 'if
        if opp == 'A' && 
        ^^
2023.07.23 20:06:50 INFO  file:///C:/Users/oskar/adventOfCode22/Go.scala:22:22: stale bloop error: empty character literal
            if me == ''
                     ^
2023.07.23 20:06:50 INFO  file:///C:/Users/oskar/adventOfCode22/Go.scala:23:19: stale bloop error: end of statement expected but character literal found
        if opp == 'A' && 
                  ^
2023.07.23 20:06:50 INFO  file:///C:/Users/oskar/adventOfCode22/Go.scala:23:9: stale bloop error: Not found: 'if
        if opp == 'A' && 
        ^^
2023.07.23 20:06:50 INFO  file:///C:/Users/oskar/adventOfCode22/Go.scala:22:22: stale bloop error: empty character literal
            if me == ''
                     ^
2023.07.23 20:06:50 INFO  file:///C:/Users/oskar/adventOfCode22/Go.scala:23:19: stale bloop error: end of statement expected but character literal found
        if opp == 'A' && 
                  ^
2023.07.23 20:06:50 INFO  file:///C:/Users/oskar/adventOfCode22/Go.scala:23:9: stale bloop error: Not found: 'if
        if opp == 'A' && 
        ^^
2023.07.23 20:06:50 INFO  file:///C:/Users/oskar/adventOfCode22/Go.scala:22:22: stale bloop error: empty character literal
            if me == ''
                     ^
2023.07.23 20:06:50 INFO  file:///C:/Users/oskar/adventOfCode22/Go.scala:23:19: stale bloop error: end of statement expected but character literal found
        if opp == 'A' && 
                  ^
2023.07.23 20:06:50 INFO  file:///C:/Users/oskar/adventOfCode22/Go.scala:23:9: stale bloop error: Not found: 'if
        if opp == 'A' && 
        ^^
2023.07.23 20:06:50 INFO  file:///C:/Users/oskar/adventOfCode22/Go.scala:22:22: stale bloop error: empty character literal
            if me == ''
                     ^
2023.07.23 20:06:50 INFO  file:///C:/Users/oskar/adventOfCode22/Go.scala:23:19: stale bloop error: end of statement expected but character literal found
        if opp == 'A' && 
                  ^
2023.07.23 20:06:50 INFO  file:///C:/Users/oskar/adventOfCode22/Go.scala:23:9: stale bloop error: Not found: 'if
        if opp == 'A' && 
        ^^
2023.07.23 20:06:51 INFO  file:///C:/Users/oskar/adventOfCode22/Go.scala:22:22: stale bloop error: empty character literal
            if me == ''
                     ^
2023.07.23 20:06:51 INFO  file:///C:/Users/oskar/adventOfCode22/Go.scala:23:19: stale bloop error: end of statement expected but character literal found
        if opp == 'A' && 
                  ^
2023.07.23 20:06:51 INFO  file:///C:/Users/oskar/adventOfCode22/Go.scala:23:9: stale bloop error: Not found: 'if
        if opp == 'A' && 
        ^^
2023.07.23 20:06:51 INFO  file:///C:/Users/oskar/adventOfCode22/Go.scala:22:22: stale bloop error: empty character literal
            if me == ''
                     ^
2023.07.23 20:06:51 INFO  file:///C:/Users/oskar/adventOfCode22/Go.scala:23:19: stale bloop error: end of statement expected but character literal found
        if opp == 'A' && 
                  ^
2023.07.23 20:06:51 INFO  file:///C:/Users/oskar/adventOfCode22/Go.scala:23:9: stale bloop error: Not found: 'if
        if opp == 'A' && 
        ^^
2023.07.23 20:06:51 INFO  file:///C:/Users/oskar/adventOfCode22/Go.scala:22:22: stale bloop error: empty character literal
            if me == ''
                     ^
2023.07.23 20:06:51 INFO  file:///C:/Users/oskar/adventOfCode22/Go.scala:23:19: stale bloop error: end of statement expected but character literal found
        if opp == 'A' && 
                  ^
2023.07.23 20:06:51 INFO  file:///C:/Users/oskar/adventOfCode22/Go.scala:23:9: stale bloop error: Not found: 'if
        if opp == 'A' && 
        ^^
2023.07.23 20:06:51 INFO  file:///C:/Users/oskar/adventOfCode22/Go.scala:22:22: stale bloop error: empty character literal
            if me == ''
                     ^
2023.07.23 20:06:51 INFO  file:///C:/Users/oskar/adventOfCode22/Go.scala:23:19: stale bloop error: end of statement expected but character literal found
        if opp == 'A' && 
                  ^
2023.07.23 20:06:51 INFO  file:///C:/Users/oskar/adventOfCode22/Go.scala:23:9: stale bloop error: Not found: 'if
        if opp == 'A' && 
        ^^
2023.07.23 20:06:53 INFO  file:///C:/Users/oskar/adventOfCode22/Go.scala:22:22: stale bloop error: empty character literal
            if me == ''
                     ^
2023.07.23 20:06:53 INFO  file:///C:/Users/oskar/adventOfCode22/Go.scala:23:19: stale bloop error: end of statement expected but character literal found
        if opp == 'A' && 
                  ^
2023.07.23 20:06:53 INFO  file:///C:/Users/oskar/adventOfCode22/Go.scala:23:9: stale bloop error: Not found: 'if
        if opp == 'A' && 
        ^^
2023.07.23 20:06:53 INFO  file:///C:/Users/oskar/adventOfCode22/Go.scala:22:22: stale bloop error: empty character literal
            if me == ''
                     ^
2023.07.23 20:06:53 INFO  file:///C:/Users/oskar/adventOfCode22/Go.scala:23:19: stale bloop error: end of statement expected but character literal found
        if opp == 'A' && 
                  ^
2023.07.23 20:06:53 INFO  file:///C:/Users/oskar/adventOfCode22/Go.scala:23:9: stale bloop error: Not found: 'if
        if opp == 'A' && 
        ^^
2023.07.23 20:06:54 INFO  file:///C:/Users/oskar/adventOfCode22/Go.scala:22:22: stale bloop error: empty character literal
            if me == ''
                     ^
2023.07.23 20:06:54 INFO  file:///C:/Users/oskar/adventOfCode22/Go.scala:23:19: stale bloop error: end of statement expected but character literal found
        if opp == 'A' && 
                  ^
2023.07.23 20:06:54 INFO  file:///C:/Users/oskar/adventOfCode22/Go.scala:23:9: stale bloop error: Not found: 'if
        if opp == 'A' && 
        ^^
2023.07.23 20:06:54 INFO  file:///C:/Users/oskar/adventOfCode22/Go.scala:22:22: stale bloop error: empty character literal
            if me == ''
                     ^
2023.07.23 20:06:54 INFO  file:///C:/Users/oskar/adventOfCode22/Go.scala:23:19: stale bloop error: end of statement expected but character literal found
        if opp == 'A' && 
                  ^
2023.07.23 20:06:54 INFO  file:///C:/Users/oskar/adventOfCode22/Go.scala:23:9: stale bloop error: Not found: 'if
        if opp == 'A' && 
        ^^
2023.07.23 20:06:54 INFO  file:///C:/Users/oskar/adventOfCode22/Go.scala:22:22: stale bloop error: empty character literal
            if me == ''
                     ^
2023.07.23 20:06:54 INFO  file:///C:/Users/oskar/adventOfCode22/Go.scala:23:19: stale bloop error: end of statement expected but character literal found
        if opp == 'A' && 
                  ^
2023.07.23 20:06:54 INFO  file:///C:/Users/oskar/adventOfCode22/Go.scala:23:9: stale bloop error: Not found: 'if
        if opp == 'A' && 
        ^^
2023.07.23 20:06:55 INFO  file:///C:/Users/oskar/adventOfCode22/Go.scala:22:22: stale bloop error: empty character literal
            if me == ''
                     ^
2023.07.23 20:06:55 INFO  file:///C:/Users/oskar/adventOfCode22/Go.scala:23:19: stale bloop error: end of statement expected but character literal found
        if opp == 'A' && 
                  ^
2023.07.23 20:06:55 INFO  file:///C:/Users/oskar/adventOfCode22/Go.scala:23:9: stale bloop error: Not found: 'if
        if opp == 'A' && 
        ^^
2023.07.23 20:06:55 INFO  file:///C:/Users/oskar/adventOfCode22/Go.scala:22:22: stale bloop error: empty character literal
            if me == ''
                     ^
2023.07.23 20:06:55 INFO  file:///C:/Users/oskar/adventOfCode22/Go.scala:23:19: stale bloop error: end of statement expected but character literal found
        if opp == 'A' && 
                  ^
2023.07.23 20:06:55 INFO  file:///C:/Users/oskar/adventOfCode22/Go.scala:23:9: stale bloop error: Not found: 'if
        if opp == 'A' && 
        ^^
2023.07.23 20:06:55 INFO  file:///C:/Users/oskar/adventOfCode22/Go.scala:22:22: stale bloop error: empty character literal
            if me == ''
                     ^
2023.07.23 20:06:55 INFO  file:///C:/Users/oskar/adventOfCode22/Go.scala:23:19: stale bloop error: end of statement expected but character literal found
        if opp == 'A' && 
                  ^
2023.07.23 20:06:55 INFO  file:///C:/Users/oskar/adventOfCode22/Go.scala:23:9: stale bloop error: Not found: 'if
        if opp == 'A' && 
        ^^
2023.07.23 20:06:55 INFO  file:///C:/Users/oskar/adventOfCode22/Go.scala:22:22: stale bloop error: empty character literal
            if me == ''
                     ^
2023.07.23 20:06:55 INFO  file:///C:/Users/oskar/adventOfCode22/Go.scala:23:19: stale bloop error: end of statement expected but character literal found
        if opp == 'A' && 
                  ^
2023.07.23 20:06:55 INFO  file:///C:/Users/oskar/adventOfCode22/Go.scala:23:9: stale bloop error: Not found: 'if
        if opp == 'A' && 
        ^^
2023.07.23 20:06:55 INFO  file:///C:/Users/oskar/adventOfCode22/Go.scala:22:22: stale bloop error: empty character literal
            if me == ''
                     ^
2023.07.23 20:06:55 INFO  file:///C:/Users/oskar/adventOfCode22/Go.scala:23:19: stale bloop error: end of statement expected but character literal found
        if opp == 'A' && 
                  ^
2023.07.23 20:06:55 INFO  file:///C:/Users/oskar/adventOfCode22/Go.scala:23:9: stale bloop error: Not found: 'if
        if opp == 'A' && 
        ^^
2023.07.23 20:06:55 INFO  file:///C:/Users/oskar/adventOfCode22/Go.scala:22:22: stale bloop error: empty character literal
            if me == ''
                     ^
2023.07.23 20:06:55 INFO  file:///C:/Users/oskar/adventOfCode22/Go.scala:23:19: stale bloop error: end of statement expected but character literal found
        if opp == 'A' && 
                  ^
2023.07.23 20:06:55 INFO  file:///C:/Users/oskar/adventOfCode22/Go.scala:23:9: stale bloop error: Not found: 'if
        if opp == 'A' && 
        ^^
2023.07.23 20:06:55 INFO  file:///C:/Users/oskar/adventOfCode22/Go.scala:22:22: stale bloop error: empty character literal
            if me == ''
                     ^
2023.07.23 20:06:55 INFO  file:///C:/Users/oskar/adventOfCode22/Go.scala:23:19: stale bloop error: end of statement expected but character literal found
        if opp == 'A' && 
                  ^
2023.07.23 20:06:55 INFO  file:///C:/Users/oskar/adventOfCode22/Go.scala:23:9: stale bloop error: Not found: 'if
        if opp == 'A' && 
        ^^
2023.07.23 20:06:55 INFO  file:///C:/Users/oskar/adventOfCode22/Go.scala:22:22: stale bloop error: empty character literal
            if me == ''
                     ^
2023.07.23 20:06:55 INFO  file:///C:/Users/oskar/adventOfCode22/Go.scala:23:19: stale bloop error: end of statement expected but character literal found
        if opp == 'A' && 
                  ^
2023.07.23 20:06:55 INFO  file:///C:/Users/oskar/adventOfCode22/Go.scala:23:9: stale bloop error: Not found: 'if
        if opp == 'A' && 
        ^^
2023.07.23 20:06:55 INFO  file:///C:/Users/oskar/adventOfCode22/Go.scala:22:22: stale bloop error: empty character literal
            if me == ''
                     ^
2023.07.23 20:06:55 INFO  file:///C:/Users/oskar/adventOfCode22/Go.scala:23:19: stale bloop error: end of statement expected but character literal found
        if opp == 'A' && 
                  ^
2023.07.23 20:06:55 INFO  file:///C:/Users/oskar/adventOfCode22/Go.scala:23:9: stale bloop error: Not found: 'if
        if opp == 'A' && 
        ^^
2023.07.23 20:06:56 INFO  file:///C:/Users/oskar/adventOfCode22/Go.scala:22:22: stale bloop error: empty character literal
            if me == ''
                     ^
2023.07.23 20:06:56 INFO  file:///C:/Users/oskar/adventOfCode22/Go.scala:23:19: stale bloop error: end of statement expected but character literal found
        if opp == 'A' && 
                  ^
2023.07.23 20:06:56 INFO  file:///C:/Users/oskar/adventOfCode22/Go.scala:23:9: stale bloop error: Not found: 'if
        if opp == 'A' && 
        ^^
2023.07.23 20:06:56 INFO  file:///C:/Users/oskar/adventOfCode22/Go.scala:22:22: stale bloop error: empty character literal
            if me == ''
                     ^
2023.07.23 20:06:56 INFO  file:///C:/Users/oskar/adventOfCode22/Go.scala:23:19: stale bloop error: end of statement expected but character literal found
        if opp == 'A' && 
                  ^
2023.07.23 20:06:56 INFO  file:///C:/Users/oskar/adventOfCode22/Go.scala:23:9: stale bloop error: Not found: 'if
        if opp == 'A' && 
        ^^
2023.07.23 20:06:56 INFO  file:///C:/Users/oskar/adventOfCode22/Go.scala:22:22: stale bloop error: empty character literal
            if me == ''
                     ^
2023.07.23 20:06:56 INFO  file:///C:/Users/oskar/adventOfCode22/Go.scala:23:19: stale bloop error: end of statement expected but character literal found
        if opp == 'A' && 
                  ^
2023.07.23 20:06:56 INFO  file:///C:/Users/oskar/adventOfCode22/Go.scala:23:9: stale bloop error: Not found: 'if
        if opp == 'A' && 
        ^^
2023.07.23 20:06:56 INFO  file:///C:/Users/oskar/adventOfCode22/Go.scala:22:22: stale bloop error: empty character literal
            if me == ''
                     ^
2023.07.23 20:06:56 INFO  file:///C:/Users/oskar/adventOfCode22/Go.scala:23:19: stale bloop error: end of statement expected but character literal found
        if opp == 'A' && 
                  ^
2023.07.23 20:06:56 INFO  file:///C:/Users/oskar/adventOfCode22/Go.scala:23:9: stale bloop error: Not found: 'if
        if opp == 'A' && 
        ^^
2023.07.23 20:06:56 INFO  file:///C:/Users/oskar/adventOfCode22/Go.scala:22:22: stale bloop error: empty character literal
            if me == ''
                     ^
2023.07.23 20:06:56 INFO  file:///C:/Users/oskar/adventOfCode22/Go.scala:23:19: stale bloop error: end of statement expected but character literal found
        if opp == 'A' && 
                  ^
2023.07.23 20:06:56 INFO  file:///C:/Users/oskar/adventOfCode22/Go.scala:23:9: stale bloop error: Not found: 'if
        if opp == 'A' && 
        ^^
2023.07.23 20:06:56 INFO  file:///C:/Users/oskar/adventOfCode22/Go.scala:22:22: stale bloop error: empty character literal
            if me == ''
                     ^
2023.07.23 20:06:56 INFO  file:///C:/Users/oskar/adventOfCode22/Go.scala:23:19: stale bloop error: end of statement expected but character literal found
        if opp == 'A' && 
                  ^
2023.07.23 20:06:56 INFO  file:///C:/Users/oskar/adventOfCode22/Go.scala:23:9: stale bloop error: Not found: 'if
        if opp == 'A' && 
        ^^
2023.07.23 20:06:56 INFO  file:///C:/Users/oskar/adventOfCode22/Go.scala:22:22: stale bloop error: empty character literal
            if me == ''
                     ^
2023.07.23 20:06:56 INFO  file:///C:/Users/oskar/adventOfCode22/Go.scala:23:19: stale bloop error: end of statement expected but character literal found
        if opp == 'A' && 
                  ^
2023.07.23 20:06:56 INFO  file:///C:/Users/oskar/adventOfCode22/Go.scala:23:9: stale bloop error: Not found: 'if
        if opp == 'A' && 
        ^^
2023.07.23 20:06:56 INFO  file:///C:/Users/oskar/adventOfCode22/Go.scala:22:22: stale bloop error: empty character literal
            if me == ''
                     ^
2023.07.23 20:06:56 INFO  file:///C:/Users/oskar/adventOfCode22/Go.scala:23:19: stale bloop error: end of statement expected but character literal found
        if opp == 'A' && 
                  ^
2023.07.23 20:06:56 INFO  file:///C:/Users/oskar/adventOfCode22/Go.scala:23:9: stale bloop error: Not found: 'if
        if opp == 'A' && 
        ^^
2023.07.23 20:06:57 INFO  file:///C:/Users/oskar/adventOfCode22/Go.scala:22:22: stale bloop error: empty character literal
            if me == ''
                     ^
2023.07.23 20:06:57 INFO  file:///C:/Users/oskar/adventOfCode22/Go.scala:23:19: stale bloop error: end of statement expected but character literal found
        if opp == 'A' && 
                  ^
2023.07.23 20:06:57 INFO  file:///C:/Users/oskar/adventOfCode22/Go.scala:23:9: stale bloop error: Not found: 'if
        if opp == 'A' && 
        ^^
2023.07.23 20:06:57 INFO  file:///C:/Users/oskar/adventOfCode22/Go.scala:22:22: stale bloop error: empty character literal
            if me == ''
                     ^
2023.07.23 20:06:57 INFO  file:///C:/Users/oskar/adventOfCode22/Go.scala:23:19: stale bloop error: end of statement expected but character literal found
        if opp == 'A' && 
                  ^
2023.07.23 20:06:57 INFO  file:///C:/Users/oskar/adventOfCode22/Go.scala:23:9: stale bloop error: Not found: 'if
        if opp == 'A' && 
        ^^
2023.07.23 20:06:57 INFO  file:///C:/Users/oskar/adventOfCode22/Go.scala:22:22: stale bloop error: empty character literal
            if me == ''
                     ^
2023.07.23 20:06:57 INFO  file:///C:/Users/oskar/adventOfCode22/Go.scala:23:19: stale bloop error: end of statement expected but character literal found
        if opp == 'A' && 
                  ^
2023.07.23 20:06:57 INFO  file:///C:/Users/oskar/adventOfCode22/Go.scala:23:9: stale bloop error: Not found: 'if
        if opp == 'A' && 
        ^^
2023.07.23 20:06:57 INFO  file:///C:/Users/oskar/adventOfCode22/Go.scala:22:22: stale bloop error: empty character literal
            if me == ''
                     ^
2023.07.23 20:06:57 INFO  file:///C:/Users/oskar/adventOfCode22/Go.scala:23:19: stale bloop error: end of statement expected but character literal found
        if opp == 'A' && 
                  ^
2023.07.23 20:06:57 INFO  file:///C:/Users/oskar/adventOfCode22/Go.scala:23:9: stale bloop error: Not found: 'if
        if opp == 'A' && 
        ^^
2023.07.23 20:06:57 INFO  file:///C:/Users/oskar/adventOfCode22/Go.scala:22:22: stale bloop error: empty character literal
            if me == ''
                     ^
2023.07.23 20:06:57 INFO  file:///C:/Users/oskar/adventOfCode22/Go.scala:23:19: stale bloop error: end of statement expected but character literal found
        if opp == 'A' && 
                  ^
2023.07.23 20:06:57 INFO  file:///C:/Users/oskar/adventOfCode22/Go.scala:23:9: stale bloop error: Not found: 'if
        if opp == 'A' && 
        ^^
2023.07.23 20:06:57 INFO  file:///C:/Users/oskar/adventOfCode22/Go.scala:22:22: stale bloop error: empty character literal
            if me == ''
                     ^
2023.07.23 20:06:57 INFO  file:///C:/Users/oskar/adventOfCode22/Go.scala:23:19: stale bloop error: end of statement expected but character literal found
        if opp == 'A' && 
                  ^
2023.07.23 20:06:57 INFO  file:///C:/Users/oskar/adventOfCode22/Go.scala:23:9: stale bloop error: Not found: 'if
        if opp == 'A' && 
        ^^
2023.07.23 20:06:57 INFO  file:///C:/Users/oskar/adventOfCode22/Go.scala:22:22: stale bloop error: empty character literal
            if me == ''
                     ^
2023.07.23 20:06:57 INFO  file:///C:/Users/oskar/adventOfCode22/Go.scala:23:19: stale bloop error: end of statement expected but character literal found
        if opp == 'A' && 
                  ^
2023.07.23 20:06:57 INFO  file:///C:/Users/oskar/adventOfCode22/Go.scala:23:9: stale bloop error: Not found: 'if
        if opp == 'A' && 
        ^^
2023.07.23 20:06:57 INFO  file:///C:/Users/oskar/adventOfCode22/Go.scala:22:22: stale bloop error: empty character literal
            if me == ''
                     ^
2023.07.23 20:06:57 INFO  file:///C:/Users/oskar/adventOfCode22/Go.scala:23:19: stale bloop error: end of statement expected but character literal found
        if opp == 'A' && 
                  ^
2023.07.23 20:06:57 INFO  file:///C:/Users/oskar/adventOfCode22/Go.scala:23:9: stale bloop error: Not found: 'if
        if opp == 'A' && 
        ^^
2023.07.23 20:06:57 INFO  file:///C:/Users/oskar/adventOfCode22/Go.scala:22:22: stale bloop error: empty character literal
            if me == ''
                     ^
2023.07.23 20:06:57 INFO  file:///C:/Users/oskar/adventOfCode22/Go.scala:23:19: stale bloop error: end of statement expected but character literal found
        if opp == 'A' && 
                  ^
2023.07.23 20:06:57 INFO  file:///C:/Users/oskar/adventOfCode22/Go.scala:23:9: stale bloop error: Not found: 'if
        if opp == 'A' && 
        ^^
2023.07.23 20:06:57 INFO  file:///C:/Users/oskar/adventOfCode22/Go.scala:22:22: stale bloop error: empty character literal
            if me == ''
                     ^
2023.07.23 20:06:57 INFO  file:///C:/Users/oskar/adventOfCode22/Go.scala:23:19: stale bloop error: end of statement expected but character literal found
        if opp == 'A' && 
                  ^
2023.07.23 20:06:57 INFO  file:///C:/Users/oskar/adventOfCode22/Go.scala:23:9: stale bloop error: Not found: 'if
        if opp == 'A' && 
        ^^
2023.07.23 20:06:57 INFO  file:///C:/Users/oskar/adventOfCode22/Go.scala:22:22: stale bloop error: empty character literal
            if me == ''
                     ^
2023.07.23 20:06:57 INFO  file:///C:/Users/oskar/adventOfCode22/Go.scala:23:19: stale bloop error: end of statement expected but character literal found
        if opp == 'A' && 
                  ^
2023.07.23 20:06:57 INFO  file:///C:/Users/oskar/adventOfCode22/Go.scala:23:9: stale bloop error: Not found: 'if
        if opp == 'A' && 
        ^^
2023.07.23 20:06:57 INFO  file:///C:/Users/oskar/adventOfCode22/Go.scala:22:22: stale bloop error: empty character literal
            if me == ''
                     ^
2023.07.23 20:06:57 INFO  file:///C:/Users/oskar/adventOfCode22/Go.scala:23:19: stale bloop error: end of statement expected but character literal found
        if opp == 'A' && 
                  ^
2023.07.23 20:06:57 INFO  file:///C:/Users/oskar/adventOfCode22/Go.scala:23:9: stale bloop error: Not found: 'if
        if opp == 'A' && 
        ^^
2023.07.23 20:06:59 INFO  file:///C:/Users/oskar/adventOfCode22/Go.scala:22:22: stale bloop error: empty character literal
            if me == ''
                     ^
2023.07.23 20:06:59 INFO  file:///C:/Users/oskar/adventOfCode22/Go.scala:23:19: stale bloop error: end of statement expected but character literal found
        if opp == 'A' && 
                  ^
2023.07.23 20:06:59 INFO  file:///C:/Users/oskar/adventOfCode22/Go.scala:23:9: stale bloop error: Not found: 'if
        if opp == 'A' && 
        ^^
2023.07.23 20:06:59 INFO  file:///C:/Users/oskar/adventOfCode22/Go.scala:22:22: stale bloop error: empty character literal
            if me == ''
                     ^
2023.07.23 20:06:59 INFO  file:///C:/Users/oskar/adventOfCode22/Go.scala:23:19: stale bloop error: end of statement expected but character literal found
        if opp == 'A' && 
                  ^
2023.07.23 20:06:59 INFO  file:///C:/Users/oskar/adventOfCode22/Go.scala:23:9: stale bloop error: Not found: 'if
        if opp == 'A' && 
        ^^
2023.07.23 20:06:59 INFO  file:///C:/Users/oskar/adventOfCode22/Go.scala:22:22: stale bloop error: empty character literal
            if me == ''
                     ^
2023.07.23 20:06:59 INFO  file:///C:/Users/oskar/adventOfCode22/Go.scala:23:19: stale bloop error: end of statement expected but character literal found
        if opp == 'A' && 
                  ^
2023.07.23 20:06:59 INFO  file:///C:/Users/oskar/adventOfCode22/Go.scala:23:9: stale bloop error: Not found: 'if
        if opp == 'A' && 
        ^^
2023.07.23 20:06:59 INFO  file:///C:/Users/oskar/adventOfCode22/Go.scala:22:22: stale bloop error: empty character literal
            if me == ''
                     ^
2023.07.23 20:06:59 INFO  file:///C:/Users/oskar/adventOfCode22/Go.scala:23:19: stale bloop error: end of statement expected but character literal found
        if opp == 'A' && 
                  ^
2023.07.23 20:06:59 INFO  file:///C:/Users/oskar/adventOfCode22/Go.scala:23:9: stale bloop error: Not found: 'if
        if opp == 'A' && 
        ^^
2023.07.23 20:06:59 INFO  file:///C:/Users/oskar/adventOfCode22/Go.scala:22:22: stale bloop error: empty character literal
            if me == ''
                     ^
2023.07.23 20:06:59 INFO  file:///C:/Users/oskar/adventOfCode22/Go.scala:23:19: stale bloop error: end of statement expected but character literal found
        if opp == 'A' && 
                  ^
2023.07.23 20:06:59 INFO  file:///C:/Users/oskar/adventOfCode22/Go.scala:23:9: stale bloop error: Not found: 'if
        if opp == 'A' && 
        ^^
2023.07.23 20:06:59 INFO  file:///C:/Users/oskar/adventOfCode22/Go.scala:22:22: stale bloop error: empty character literal
            if me == ''
                     ^
2023.07.23 20:06:59 INFO  file:///C:/Users/oskar/adventOfCode22/Go.scala:23:19: stale bloop error: end of statement expected but character literal found
        if opp == 'A' && 
                  ^
2023.07.23 20:06:59 INFO  file:///C:/Users/oskar/adventOfCode22/Go.scala:23:9: stale bloop error: Not found: 'if
        if opp == 'A' && 
        ^^
2023.07.23 20:06:59 INFO  file:///C:/Users/oskar/adventOfCode22/Go.scala:22:22: stale bloop error: empty character literal
            if me == ''
                     ^
2023.07.23 20:06:59 INFO  file:///C:/Users/oskar/adventOfCode22/Go.scala:23:19: stale bloop error: end of statement expected but character literal found
        if opp == 'A' && 
                  ^
2023.07.23 20:06:59 INFO  file:///C:/Users/oskar/adventOfCode22/Go.scala:23:9: stale bloop error: Not found: 'if
        if opp == 'A' && 
        ^^
2023.07.23 20:06:59 INFO  file:///C:/Users/oskar/adventOfCode22/Go.scala:22:22: stale bloop error: empty character literal
            if me == ''
                     ^
2023.07.23 20:06:59 INFO  file:///C:/Users/oskar/adventOfCode22/Go.scala:23:19: stale bloop error: end of statement expected but character literal found
        if opp == 'A' && 
                  ^
2023.07.23 20:06:59 INFO  file:///C:/Users/oskar/adventOfCode22/Go.scala:23:9: stale bloop error: Not found: 'if
        if opp == 'A' && 
        ^^
2023.07.23 20:07:00 INFO  file:///C:/Users/oskar/adventOfCode22/Go.scala:22:22: stale bloop error: empty character literal
            if me == ''
                     ^
2023.07.23 20:07:00 INFO  file:///C:/Users/oskar/adventOfCode22/Go.scala:23:19: stale bloop error: end of statement expected but character literal found
        if opp == 'A' && 
                  ^
2023.07.23 20:07:00 INFO  file:///C:/Users/oskar/adventOfCode22/Go.scala:23:9: stale bloop error: Not found: 'if
        if opp == 'A' && 
        ^^
2023.07.23 20:07:00 INFO  file:///C:/Users/oskar/adventOfCode22/Go.scala:22:22: stale bloop error: empty character literal
            if me == ''
                     ^
2023.07.23 20:07:00 INFO  file:///C:/Users/oskar/adventOfCode22/Go.scala:23:19: stale bloop error: end of statement expected but character literal found
        if opp == 'A' && 
                  ^
2023.07.23 20:07:00 INFO  file:///C:/Users/oskar/adventOfCode22/Go.scala:23:9: stale bloop error: Not found: 'if
        if opp == 'A' && 
        ^^
2023.07.23 20:07:00 INFO  file:///C:/Users/oskar/adventOfCode22/Go.scala:22:22: stale bloop error: empty character literal
            if me == ''
                     ^
2023.07.23 20:07:00 INFO  file:///C:/Users/oskar/adventOfCode22/Go.scala:23:19: stale bloop error: end of statement expected but character literal found
        if opp == 'A' && 
                  ^
2023.07.23 20:07:00 INFO  file:///C:/Users/oskar/adventOfCode22/Go.scala:23:9: stale bloop error: Not found: 'if
        if opp == 'A' && 
        ^^
2023.07.23 20:07:00 INFO  file:///C:/Users/oskar/adventOfCode22/Go.scala:22:22: stale bloop error: empty character literal
            if me == ''
                     ^
2023.07.23 20:07:00 INFO  file:///C:/Users/oskar/adventOfCode22/Go.scala:23:19: stale bloop error: end of statement expected but character literal found
        if opp == 'A' && 
                  ^
2023.07.23 20:07:00 INFO  file:///C:/Users/oskar/adventOfCode22/Go.scala:23:9: stale bloop error: Not found: 'if
        if opp == 'A' && 
        ^^
2023.07.23 20:07:01 INFO  file:///C:/Users/oskar/adventOfCode22/Go.scala:22:22: stale bloop error: empty character literal
            if me == ''
                     ^
2023.07.23 20:07:01 INFO  file:///C:/Users/oskar/adventOfCode22/Go.scala:23:19: stale bloop error: end of statement expected but character literal found
        if opp == 'A' && 
                  ^
2023.07.23 20:07:01 INFO  file:///C:/Users/oskar/adventOfCode22/Go.scala:23:9: stale bloop error: Not found: 'if
        if opp == 'A' && 
        ^^
2023.07.23 20:07:01 INFO  file:///C:/Users/oskar/adventOfCode22/Go.scala:22:22: stale bloop error: empty character literal
            if me == ''
                     ^
2023.07.23 20:07:01 INFO  file:///C:/Users/oskar/adventOfCode22/Go.scala:23:19: stale bloop error: end of statement expected but character literal found
        if opp == 'A' && 
                  ^
2023.07.23 20:07:01 INFO  file:///C:/Users/oskar/adventOfCode22/Go.scala:23:9: stale bloop error: Not found: 'if
        if opp == 'A' && 
        ^^
2023.07.23 20:07:10 INFO  file:///C:/Users/oskar/adventOfCode22/Go.scala:22:22: stale bloop error: empty character literal
            if me == ''
                     ^
2023.07.23 20:07:10 INFO  file:///C:/Users/oskar/adventOfCode22/Go.scala:23:19: stale bloop error: end of statement expected but character literal found
        if opp == 'A' && 
                  ^
2023.07.23 20:07:10 INFO  file:///C:/Users/oskar/adventOfCode22/Go.scala:23:9: stale bloop error: Not found: 'if
        if opp == 'A' && 
        ^^
2023.07.23 20:07:10 INFO  file:///C:/Users/oskar/adventOfCode22/Go.scala:22:22: stale bloop error: empty character literal
            if me == ''
                     ^
2023.07.23 20:07:10 INFO  file:///C:/Users/oskar/adventOfCode22/Go.scala:23:19: stale bloop error: end of statement expected but character literal found
        if opp == 'A' && 
                  ^
2023.07.23 20:07:10 INFO  file:///C:/Users/oskar/adventOfCode22/Go.scala:23:9: stale bloop error: Not found: 'if
        if opp == 'A' && 
        ^^
2023.07.23 20:07:10 INFO  file:///C:/Users/oskar/adventOfCode22/Go.scala:22:22: stale bloop error: empty character literal
            if me == ''
                     ^
2023.07.23 20:07:10 INFO  file:///C:/Users/oskar/adventOfCode22/Go.scala:23:19: stale bloop error: end of statement expected but character literal found
        if opp == 'A' && 
                  ^
2023.07.23 20:07:10 INFO  file:///C:/Users/oskar/adventOfCode22/Go.scala:23:9: stale bloop error: Not found: 'if
        if opp == 'A' && 
        ^^
2023.07.23 20:07:10 INFO  file:///C:/Users/oskar/adventOfCode22/Go.scala:22:22: stale bloop error: empty character literal
            if me == ''
                     ^
2023.07.23 20:07:10 INFO  file:///C:/Users/oskar/adventOfCode22/Go.scala:23:19: stale bloop error: end of statement expected but character literal found
        if opp == 'A' && 
                  ^
2023.07.23 20:07:10 INFO  file:///C:/Users/oskar/adventOfCode22/Go.scala:23:9: stale bloop error: Not found: 'if
        if opp == 'A' && 
        ^^
2023.07.23 20:07:10 INFO  file:///C:/Users/oskar/adventOfCode22/Go.scala:22:22: stale bloop error: empty character literal
            if me == ''
                     ^
2023.07.23 20:07:10 INFO  file:///C:/Users/oskar/adventOfCode22/Go.scala:23:19: stale bloop error: end of statement expected but character literal found
        if opp == 'A' && 
                  ^
2023.07.23 20:07:10 INFO  file:///C:/Users/oskar/adventOfCode22/Go.scala:23:9: stale bloop error: Not found: 'if
        if opp == 'A' && 
        ^^
2023.07.23 20:07:10 INFO  file:///C:/Users/oskar/adventOfCode22/Go.scala:22:22: stale bloop error: empty character literal
            if me == ''
                     ^
2023.07.23 20:07:10 INFO  file:///C:/Users/oskar/adventOfCode22/Go.scala:23:19: stale bloop error: end of statement expected but character literal found
        if opp == 'A' && 
                  ^
2023.07.23 20:07:10 INFO  file:///C:/Users/oskar/adventOfCode22/Go.scala:23:9: stale bloop error: Not found: 'if
        if opp == 'A' && 
        ^^
2023.07.23 20:07:10 INFO  file:///C:/Users/oskar/adventOfCode22/Go.scala:22:22: stale bloop error: empty character literal
            if me == ''
                     ^
2023.07.23 20:07:10 INFO  file:///C:/Users/oskar/adventOfCode22/Go.scala:23:19: stale bloop error: end of statement expected but character literal found
        if opp == 'A' && 
                  ^
2023.07.23 20:07:10 INFO  file:///C:/Users/oskar/adventOfCode22/Go.scala:23:9: stale bloop error: Not found: 'if
        if opp == 'A' && 
        ^^
2023.07.23 20:07:10 INFO  file:///C:/Users/oskar/adventOfCode22/Go.scala:22:22: stale bloop error: empty character literal
            if me == ''
                     ^
2023.07.23 20:07:10 INFO  file:///C:/Users/oskar/adventOfCode22/Go.scala:23:19: stale bloop error: end of statement expected but character literal found
        if opp == 'A' && 
                  ^
2023.07.23 20:07:10 INFO  file:///C:/Users/oskar/adventOfCode22/Go.scala:23:9: stale bloop error: Not found: 'if
        if opp == 'A' && 
        ^^
2023.07.23 20:07:16 INFO  file:///C:/Users/oskar/adventOfCode22/Go.scala:22:22: stale bloop error: empty character literal
            if me == ''
                     ^
2023.07.23 20:07:16 INFO  file:///C:/Users/oskar/adventOfCode22/Go.scala:23:19: stale bloop error: end of statement expected but character literal found
        if opp == 'A' && 
                  ^
2023.07.23 20:07:16 INFO  file:///C:/Users/oskar/adventOfCode22/Go.scala:23:9: stale bloop error: Not found: 'if
        if opp == 'A' && 
        ^^
2023.07.23 20:07:16 INFO  file:///C:/Users/oskar/adventOfCode22/Go.scala:22:22: stale bloop error: empty character literal
            if me == ''
                     ^
2023.07.23 20:07:16 INFO  file:///C:/Users/oskar/adventOfCode22/Go.scala:23:19: stale bloop error: end of statement expected but character literal found
        if opp == 'A' && 
                  ^
2023.07.23 20:07:16 INFO  file:///C:/Users/oskar/adventOfCode22/Go.scala:23:9: stale bloop error: Not found: 'if
        if opp == 'A' && 
        ^^
2023.07.23 20:07:17 INFO  file:///C:/Users/oskar/adventOfCode22/Go.scala:22:22: stale bloop error: empty character literal
            if me == ''
                     ^
2023.07.23 20:07:17 INFO  file:///C:/Users/oskar/adventOfCode22/Go.scala:23:19: stale bloop error: end of statement expected but character literal found
        if opp == 'A' && 
                  ^
2023.07.23 20:07:17 INFO  file:///C:/Users/oskar/adventOfCode22/Go.scala:23:9: stale bloop error: Not found: 'if
        if opp == 'A' && 
        ^^
2023.07.23 20:07:17 INFO  file:///C:/Users/oskar/adventOfCode22/Go.scala:22:22: stale bloop error: empty character literal
            if me == ''
                     ^
2023.07.23 20:07:17 INFO  file:///C:/Users/oskar/adventOfCode22/Go.scala:23:19: stale bloop error: end of statement expected but character literal found
        if opp == 'A' && 
                  ^
2023.07.23 20:07:17 INFO  file:///C:/Users/oskar/adventOfCode22/Go.scala:23:9: stale bloop error: Not found: 'if
        if opp == 'A' && 
        ^^
2023.07.23 20:07:19 INFO  file:///C:/Users/oskar/adventOfCode22/Go.scala:22:22: stale bloop error: empty character literal
            if me == ''
                     ^
2023.07.23 20:07:19 INFO  file:///C:/Users/oskar/adventOfCode22/Go.scala:23:19: stale bloop error: end of statement expected but character literal found
        if opp == 'A' && 
                  ^
2023.07.23 20:07:19 INFO  file:///C:/Users/oskar/adventOfCode22/Go.scala:23:9: stale bloop error: Not found: 'if
        if opp == 'A' && 
        ^^
2023.07.23 20:07:19 INFO  file:///C:/Users/oskar/adventOfCode22/Go.scala:22:22: stale bloop error: empty character literal
            if me == ''
                     ^
2023.07.23 20:07:19 INFO  file:///C:/Users/oskar/adventOfCode22/Go.scala:23:19: stale bloop error: end of statement expected but character literal found
        if opp == 'A' && 
                  ^
2023.07.23 20:07:19 INFO  file:///C:/Users/oskar/adventOfCode22/Go.scala:23:9: stale bloop error: Not found: 'if
        if opp == 'A' && 
        ^^
2023.07.23 20:07:19 INFO  file:///C:/Users/oskar/adventOfCode22/Go.scala:22:22: stale bloop error: empty character literal
            if me == ''
                     ^
2023.07.23 20:07:19 INFO  file:///C:/Users/oskar/adventOfCode22/Go.scala:23:19: stale bloop error: end of statement expected but character literal found
        if opp == 'A' && 
                  ^
2023.07.23 20:07:19 INFO  file:///C:/Users/oskar/adventOfCode22/Go.scala:23:9: stale bloop error: Not found: 'if
        if opp == 'A' && 
        ^^
2023.07.23 20:07:19 INFO  file:///C:/Users/oskar/adventOfCode22/Go.scala:22:22: stale bloop error: empty character literal
            if me == ''
                     ^
2023.07.23 20:07:19 INFO  file:///C:/Users/oskar/adventOfCode22/Go.scala:23:19: stale bloop error: end of statement expected but character literal found
        if opp == 'A' && 
                  ^
2023.07.23 20:07:19 INFO  file:///C:/Users/oskar/adventOfCode22/Go.scala:23:9: stale bloop error: Not found: 'if
        if opp == 'A' && 
        ^^
2023.07.23 20:07:19 INFO  file:///C:/Users/oskar/adventOfCode22/Go.scala:22:22: stale bloop error: empty character literal
            if me == ''
                     ^
2023.07.23 20:07:19 INFO  file:///C:/Users/oskar/adventOfCode22/Go.scala:23:19: stale bloop error: end of statement expected but character literal found
        if opp == 'A' && 
                  ^
2023.07.23 20:07:19 INFO  file:///C:/Users/oskar/adventOfCode22/Go.scala:23:9: stale bloop error: Not found: 'if
        if opp == 'A' && 
        ^^
2023.07.23 20:07:20 INFO  file:///C:/Users/oskar/adventOfCode22/Go.scala:22:22: stale bloop error: empty character literal
            if me == ''
                     ^
2023.07.23 20:07:20 INFO  file:///C:/Users/oskar/adventOfCode22/Go.scala:23:19: stale bloop error: end of statement expected but character literal found
        if opp == 'A' && 
                  ^
2023.07.23 20:07:20 INFO  file:///C:/Users/oskar/adventOfCode22/Go.scala:23:9: stale bloop error: Not found: 'if
        if opp == 'A' && 
        ^^
2023.07.23 20:07:19 INFO  file:///C:/Users/oskar/adventOfCode22/Go.scala:22:22: stale bloop error: empty character literal
            if me == ''
                     ^
2023.07.23 20:07:19 INFO  file:///C:/Users/oskar/adventOfCode22/Go.scala:23:19: stale bloop error: end of statement expected but character literal found
        if opp == 'A' && 
                  ^
2023.07.23 20:07:19 INFO  file:///C:/Users/oskar/adventOfCode22/Go.scala:23:9: stale bloop error: Not found: 'if
        if opp == 'A' && 
        ^^
2023.07.23 20:07:20 INFO  file:///C:/Users/oskar/adventOfCode22/Go.scala:22:22: stale bloop error: empty character literal
            if me == ''
                     ^
2023.07.23 20:07:20 INFO  file:///C:/Users/oskar/adventOfCode22/Go.scala:23:19: stale bloop error: end of statement expected but character literal found
        if opp == 'A' && 
                  ^
2023.07.23 20:07:20 INFO  file:///C:/Users/oskar/adventOfCode22/Go.scala:23:9: stale bloop error: Not found: 'if
        if opp == 'A' && 
        ^^
2023.07.23 20:07:20 INFO  file:///C:/Users/oskar/adventOfCode22/Go.scala:22:22: stale bloop error: empty character literal
            if me == ''
                     ^
2023.07.23 20:07:20 INFO  file:///C:/Users/oskar/adventOfCode22/Go.scala:23:19: stale bloop error: end of statement expected but character literal found
        if opp == 'A' && 
                  ^
2023.07.23 20:07:20 INFO  file:///C:/Users/oskar/adventOfCode22/Go.scala:23:9: stale bloop error: Not found: 'if
        if opp == 'A' && 
        ^^
2023.07.23 20:07:20 INFO  file:///C:/Users/oskar/adventOfCode22/Go.scala:22:22: stale bloop error: empty character literal
            if me == ''
                     ^
2023.07.23 20:07:20 INFO  file:///C:/Users/oskar/adventOfCode22/Go.scala:23:19: stale bloop error: end of statement expected but character literal found
        if opp == 'A' && 
                  ^
2023.07.23 20:07:20 INFO  file:///C:/Users/oskar/adventOfCode22/Go.scala:23:9: stale bloop error: Not found: 'if
        if opp == 'A' && 
        ^^
2023.07.23 20:07:20 INFO  file:///C:/Users/oskar/adventOfCode22/Go.scala:22:22: stale bloop error: empty character literal
            if me == ''
                     ^
2023.07.23 20:07:20 INFO  file:///C:/Users/oskar/adventOfCode22/Go.scala:23:19: stale bloop error: end of statement expected but character literal found
        if opp == 'A' && 
                  ^
2023.07.23 20:07:20 INFO  file:///C:/Users/oskar/adventOfCode22/Go.scala:23:9: stale bloop error: Not found: 'if
        if opp == 'A' && 
        ^^
2023.07.23 20:07:20 INFO  file:///C:/Users/oskar/adventOfCode22/Go.scala:22:22: stale bloop error: empty character literal
            if me == ''
                     ^
2023.07.23 20:07:20 INFO  file:///C:/Users/oskar/adventOfCode22/Go.scala:23:19: stale bloop error: end of statement expected but character literal found
        if opp == 'A' && 
                  ^
2023.07.23 20:07:20 INFO  file:///C:/Users/oskar/adventOfCode22/Go.scala:23:9: stale bloop error: Not found: 'if
        if opp == 'A' && 
        ^^
heinäk. 23, 2023 8:07:20 IP. org.eclipse.lsp4j.jsonrpc.RemoteEndpoint handleCancellation
WARNING: Unmatched cancel notification for request id 3050
2023.07.23 20:07:20 INFO  file:///C:/Users/oskar/adventOfCode22/Go.scala:22:22: stale bloop error: empty character literal
            if me == ''
                     ^
2023.07.23 20:07:20 INFO  file:///C:/Users/oskar/adventOfCode22/Go.scala:23:19: stale bloop error: end of statement expected but character literal found
        if opp == 'A' && 
                  ^
2023.07.23 20:07:20 INFO  file:///C:/Users/oskar/adventOfCode22/Go.scala:23:9: stale bloop error: Not found: 'if
        if opp == 'A' && 
        ^^
2023.07.23 20:07:20 INFO  file:///C:/Users/oskar/adventOfCode22/Go.scala:22:22: stale bloop error: empty character literal
            if me == ''
                     ^
2023.07.23 20:07:20 INFO  file:///C:/Users/oskar/adventOfCode22/Go.scala:23:19: stale bloop error: end of statement expected but character literal found
        if opp == 'A' && 
                  ^
2023.07.23 20:07:20 INFO  file:///C:/Users/oskar/adventOfCode22/Go.scala:23:9: stale bloop error: Not found: 'if
        if opp == 'A' && 
        ^^
2023.07.23 20:07:21 INFO  file:///C:/Users/oskar/adventOfCode22/Go.scala:22:22: stale bloop error: empty character literal
            if me == ''
                     ^
2023.07.23 20:07:21 INFO  file:///C:/Users/oskar/adventOfCode22/Go.scala:23:19: stale bloop error: end of statement expected but character literal found
        if opp == 'A' && 
                  ^
2023.07.23 20:07:21 INFO  file:///C:/Users/oskar/adventOfCode22/Go.scala:23:9: stale bloop error: Not found: 'if
        if opp == 'A' && 
        ^^
2023.07.23 20:07:20 INFO  file:///C:/Users/oskar/adventOfCode22/Go.scala:22:22: stale bloop error: empty character literal
            if me == ''
                     ^
2023.07.23 20:07:20 INFO  file:///C:/Users/oskar/adventOfCode22/Go.scala:23:19: stale bloop error: end of statement expected but character literal found
        if opp == 'A' && 
                  ^
2023.07.23 20:07:20 INFO  file:///C:/Users/oskar/adventOfCode22/Go.scala:23:9: stale bloop error: Not found: 'if
        if opp == 'A' && 
        ^^
2023.07.23 20:07:21 INFO  file:///C:/Users/oskar/adventOfCode22/Go.scala:22:22: stale bloop error: empty character literal
            if me == ''
                     ^
2023.07.23 20:07:21 INFO  file:///C:/Users/oskar/adventOfCode22/Go.scala:23:19: stale bloop error: end of statement expected but character literal found
        if opp == 'A' && 
                  ^
2023.07.23 20:07:21 INFO  file:///C:/Users/oskar/adventOfCode22/Go.scala:23:9: stale bloop error: Not found: 'if
        if opp == 'A' && 
        ^^
2023.07.23 20:07:22 INFO  file:///C:/Users/oskar/adventOfCode22/Go.scala:22:22: stale bloop error: empty character literal
            if me == ''
                     ^
2023.07.23 20:07:22 INFO  file:///C:/Users/oskar/adventOfCode22/Go.scala:23:19: stale bloop error: end of statement expected but character literal found
        if opp == 'A' && 
                  ^
2023.07.23 20:07:22 INFO  file:///C:/Users/oskar/adventOfCode22/Go.scala:23:9: stale bloop error: Not found: 'if
        if opp == 'A' && 
        ^^
2023.07.23 20:07:23 INFO  file:///C:/Users/oskar/adventOfCode22/Go.scala:22:22: stale bloop error: empty character literal
            if me == ''
                     ^
2023.07.23 20:07:23 INFO  file:///C:/Users/oskar/adventOfCode22/Go.scala:23:19: stale bloop error: end of statement expected but character literal found
        if opp == 'A' && 
                  ^
2023.07.23 20:07:23 INFO  file:///C:/Users/oskar/adventOfCode22/Go.scala:23:9: stale bloop error: Not found: 'if
        if opp == 'A' && 
        ^^
2023.07.23 20:07:23 INFO  file:///C:/Users/oskar/adventOfCode22/Go.scala:22:22: stale bloop error: empty character literal
            if me == ''
                     ^
2023.07.23 20:07:23 INFO  file:///C:/Users/oskar/adventOfCode22/Go.scala:23:19: stale bloop error: end of statement expected but character literal found
        if opp == 'A' && 
                  ^
2023.07.23 20:07:23 INFO  file:///C:/Users/oskar/adventOfCode22/Go.scala:23:9: stale bloop error: Not found: 'if
        if opp == 'A' && 
        ^^
2023.07.23 20:07:23 INFO  file:///C:/Users/oskar/adventOfCode22/Go.scala:22:22: stale bloop error: empty character literal
            if me == ''
                     ^
2023.07.23 20:07:23 INFO  file:///C:/Users/oskar/adventOfCode22/Go.scala:23:19: stale bloop error: end of statement expected but character literal found
        if opp == 'A' && 
                  ^
2023.07.23 20:07:23 INFO  file:///C:/Users/oskar/adventOfCode22/Go.scala:23:9: stale bloop error: Not found: 'if
        if opp == 'A' && 
        ^^
2023.07.23 20:07:23 INFO  file:///C:/Users/oskar/adventOfCode22/Go.scala:22:22: stale bloop error: empty character literal
            if me == ''
                     ^
2023.07.23 20:07:23 INFO  file:///C:/Users/oskar/adventOfCode22/Go.scala:23:19: stale bloop error: end of statement expected but character literal found
        if opp == 'A' && 
                  ^
2023.07.23 20:07:23 INFO  file:///C:/Users/oskar/adventOfCode22/Go.scala:23:9: stale bloop error: Not found: 'if
        if opp == 'A' && 
        ^^
2023.07.23 20:07:24 INFO  file:///C:/Users/oskar/adventOfCode22/Go.scala:22:22: stale bloop error: empty character literal
            if me == ''
                     ^
2023.07.23 20:07:24 INFO  file:///C:/Users/oskar/adventOfCode22/Go.scala:23:19: stale bloop error: end of statement expected but character literal found
        if opp == 'A' && 
                  ^
2023.07.23 20:07:24 INFO  file:///C:/Users/oskar/adventOfCode22/Go.scala:23:9: stale bloop error: Not found: 'if
        if opp == 'A' && 
        ^^
2023.07.23 20:07:24 INFO  file:///C:/Users/oskar/adventOfCode22/Go.scala:22:22: stale bloop error: empty character literal
            if me == ''
                     ^
2023.07.23 20:07:24 INFO  file:///C:/Users/oskar/adventOfCode22/Go.scala:23:19: stale bloop error: end of statement expected but character literal found
        if opp == 'A' && 
                  ^
2023.07.23 20:07:24 INFO  file:///C:/Users/oskar/adventOfCode22/Go.scala:23:9: stale bloop error: Not found: 'if
        if opp == 'A' && 
        ^^
2023.07.23 20:07:24 INFO  file:///C:/Users/oskar/adventOfCode22/Go.scala:22:22: stale bloop error: empty character literal
            if me == ''
                     ^
2023.07.23 20:07:24 INFO  file:///C:/Users/oskar/adventOfCode22/Go.scala:23:19: stale bloop error: end of statement expected but character literal found
        if opp == 'A' && 
                  ^
2023.07.23 20:07:24 INFO  file:///C:/Users/oskar/adventOfCode22/Go.scala:23:9: stale bloop error: Not found: 'if
        if opp == 'A' && 
        ^^
2023.07.23 20:07:24 INFO  file:///C:/Users/oskar/adventOfCode22/Go.scala:22:22: stale bloop error: empty character literal
            if me == ''
                     ^
2023.07.23 20:07:24 INFO  file:///C:/Users/oskar/adventOfCode22/Go.scala:23:19: stale bloop error: end of statement expected but character literal found
        if opp == 'A' && 
                  ^
2023.07.23 20:07:24 INFO  file:///C:/Users/oskar/adventOfCode22/Go.scala:23:9: stale bloop error: Not found: 'if
        if opp == 'A' && 
        ^^
2023.07.23 20:07:24 INFO  file:///C:/Users/oskar/adventOfCode22/Go.scala:22:22: stale bloop error: empty character literal
            if me == ''
                     ^
2023.07.23 20:07:24 INFO  file:///C:/Users/oskar/adventOfCode22/Go.scala:23:19: stale bloop error: end of statement expected but character literal found
        if opp == 'A' && 
                  ^
2023.07.23 20:07:24 INFO  file:///C:/Users/oskar/adventOfCode22/Go.scala:23:9: stale bloop error: Not found: 'if
        if opp == 'A' && 
        ^^
2023.07.23 20:07:24 INFO  file:///C:/Users/oskar/adventOfCode22/Go.scala:22:22: stale bloop error: empty character literal
            if me == ''
                     ^
2023.07.23 20:07:24 INFO  file:///C:/Users/oskar/adventOfCode22/Go.scala:23:19: stale bloop error: end of statement expected but character literal found
        if opp == 'A' && 
                  ^
2023.07.23 20:07:24 INFO  file:///C:/Users/oskar/adventOfCode22/Go.scala:23:9: stale bloop error: Not found: 'if
        if opp == 'A' && 
        ^^
2023.07.23 20:07:24 INFO  file:///C:/Users/oskar/adventOfCode22/Go.scala:22:22: stale bloop error: empty character literal
            if me == ''
                     ^
2023.07.23 20:07:24 INFO  file:///C:/Users/oskar/adventOfCode22/Go.scala:23:19: stale bloop error: end of statement expected but character literal found
        if opp == 'A' && 
                  ^
2023.07.23 20:07:24 INFO  file:///C:/Users/oskar/adventOfCode22/Go.scala:23:9: stale bloop error: Not found: 'if
        if opp == 'A' && 
        ^^
2023.07.23 20:07:24 INFO  file:///C:/Users/oskar/adventOfCode22/Go.scala:22:22: stale bloop error: empty character literal
            if me == ''
                     ^
2023.07.23 20:07:24 INFO  file:///C:/Users/oskar/adventOfCode22/Go.scala:23:19: stale bloop error: end of statement expected but character literal found
        if opp == 'A' && 
                  ^
2023.07.23 20:07:24 INFO  file:///C:/Users/oskar/adventOfCode22/Go.scala:23:9: stale bloop error: Not found: 'if
        if opp == 'A' && 
        ^^
2023.07.23 20:07:24 INFO  file:///C:/Users/oskar/adventOfCode22/Go.scala:22:22: stale bloop error: empty character literal
            if me == ''
                     ^
2023.07.23 20:07:24 INFO  file:///C:/Users/oskar/adventOfCode22/Go.scala:23:19: stale bloop error: end of statement expected but character literal found
        if opp == 'A' && 
                  ^
2023.07.23 20:07:24 INFO  file:///C:/Users/oskar/adventOfCode22/Go.scala:23:9: stale bloop error: Not found: 'if
        if opp == 'A' && 
        ^^
2023.07.23 20:07:24 INFO  file:///C:/Users/oskar/adventOfCode22/Go.scala:22:22: stale bloop error: empty character literal
            if me == ''
                     ^
2023.07.23 20:07:24 INFO  file:///C:/Users/oskar/adventOfCode22/Go.scala:23:19: stale bloop error: end of statement expected but character literal found
        if opp == 'A' && 
                  ^
2023.07.23 20:07:24 INFO  file:///C:/Users/oskar/adventOfCode22/Go.scala:23:9: stale bloop error: Not found: 'if
        if opp == 'A' && 
        ^^
2023.07.23 20:07:29 INFO  file:///C:/Users/oskar/adventOfCode22/Go.scala:22:22: stale bloop error: empty character literal
            if me == ''
                     ^
2023.07.23 20:07:29 INFO  file:///C:/Users/oskar/adventOfCode22/Go.scala:23:19: stale bloop error: end of statement expected but character literal found
        if opp == 'A' && 
                  ^
2023.07.23 20:07:29 INFO  file:///C:/Users/oskar/adventOfCode22/Go.scala:23:9: stale bloop error: Not found: 'if
        if opp == 'A' && 
        ^^
2023.07.23 20:07:29 INFO  file:///C:/Users/oskar/adventOfCode22/Go.scala:22:22: stale bloop error: empty character literal
            if me == ''
                     ^
2023.07.23 20:07:29 INFO  file:///C:/Users/oskar/adventOfCode22/Go.scala:23:19: stale bloop error: end of statement expected but character literal found
        if opp == 'A' && 
                  ^
2023.07.23 20:07:29 INFO  file:///C:/Users/oskar/adventOfCode22/Go.scala:23:9: stale bloop error: Not found: 'if
        if opp == 'A' && 
        ^^
2023.07.23 20:07:39 INFO  file:///C:/Users/oskar/adventOfCode22/Go.scala:22:22: stale bloop error: empty character literal
            if me == ''
                     ^
2023.07.23 20:07:39 INFO  file:///C:/Users/oskar/adventOfCode22/Go.scala:23:19: stale bloop error: end of statement expected but character literal found
        if opp == 'A' && 
                  ^
2023.07.23 20:07:39 INFO  file:///C:/Users/oskar/adventOfCode22/Go.scala:23:9: stale bloop error: Not found: 'if
        if opp == 'A' && 
        ^^
2023.07.23 20:07:39 INFO  file:///C:/Users/oskar/adventOfCode22/Go.scala:22:22: stale bloop error: empty character literal
            if me == ''
                     ^
2023.07.23 20:07:39 INFO  file:///C:/Users/oskar/adventOfCode22/Go.scala:23:19: stale bloop error: end of statement expected but character literal found
        if opp == 'A' && 
                  ^
2023.07.23 20:07:39 INFO  file:///C:/Users/oskar/adventOfCode22/Go.scala:23:9: stale bloop error: Not found: 'if
        if opp == 'A' && 
        ^^
2023.07.23 20:07:43 INFO  file:///C:/Users/oskar/adventOfCode22/Go.scala:22:22: stale bloop error: empty character literal
            if me == ''
                     ^
2023.07.23 20:07:43 INFO  file:///C:/Users/oskar/adventOfCode22/Go.scala:23:19: stale bloop error: end of statement expected but character literal found
        if opp == 'A' && 
                  ^
2023.07.23 20:07:43 INFO  file:///C:/Users/oskar/adventOfCode22/Go.scala:23:9: stale bloop error: Not found: 'if
        if opp == 'A' && 
        ^^
2023.07.23 20:07:43 INFO  file:///C:/Users/oskar/adventOfCode22/Go.scala:22:22: stale bloop error: empty character literal
            if me == ''
                     ^
2023.07.23 20:07:43 INFO  file:///C:/Users/oskar/adventOfCode22/Go.scala:23:19: stale bloop error: end of statement expected but character literal found
        if opp == 'A' && 
                  ^
2023.07.23 20:07:43 INFO  file:///C:/Users/oskar/adventOfCode22/Go.scala:23:9: stale bloop error: Not found: 'if
        if opp == 'A' && 
        ^^
2023.07.23 20:07:44 INFO  file:///C:/Users/oskar/adventOfCode22/Go.scala:22:22: stale bloop error: empty character literal
            if me == ''
                     ^
2023.07.23 20:07:44 INFO  file:///C:/Users/oskar/adventOfCode22/Go.scala:23:19: stale bloop error: end of statement expected but character literal found
        if opp == 'A' && 
                  ^
2023.07.23 20:07:44 INFO  file:///C:/Users/oskar/adventOfCode22/Go.scala:23:9: stale bloop error: Not found: 'if
        if opp == 'A' && 
        ^^
2023.07.23 20:07:44 INFO  file:///C:/Users/oskar/adventOfCode22/Go.scala:22:22: stale bloop error: empty character literal
            if me == ''
                     ^
2023.07.23 20:07:44 INFO  file:///C:/Users/oskar/adventOfCode22/Go.scala:23:19: stale bloop error: end of statement expected but character literal found
        if opp == 'A' && 
                  ^
2023.07.23 20:07:44 INFO  file:///C:/Users/oskar/adventOfCode22/Go.scala:23:9: stale bloop error: Not found: 'if
        if opp == 'A' && 
        ^^
2023.07.23 20:07:44 INFO  file:///C:/Users/oskar/adventOfCode22/Go.scala:22:22: stale bloop error: empty character literal
            if me == ''
                     ^
2023.07.23 20:07:44 INFO  file:///C:/Users/oskar/adventOfCode22/Go.scala:23:19: stale bloop error: end of statement expected but character literal found
        if opp == 'A' && 
                  ^
2023.07.23 20:07:44 INFO  file:///C:/Users/oskar/adventOfCode22/Go.scala:23:9: stale bloop error: Not found: 'if
        if opp == 'A' && 
        ^^
2023.07.23 20:07:45 INFO  compiling project_bd2c96d2de (1 scala source)
2023.07.23 20:07:45 INFO  time: compiled project_bd2c96d2de in 0.18s
2023.07.23 20:07:53 INFO  file:///C:/Users/oskar/adventOfCode22/Go.scala:33:25: stale bloop error: expression expected but '}' found
        if opp == 'A' && 
                        ^
2023.07.23 20:07:53 INFO  file:///C:/Users/oskar/adventOfCode22/Go.scala:33:25: stale bloop error: expression expected but '}' found
        if opp == 'A' && 
                        ^
2023.07.23 20:08:24 INFO  compiling project_bd2c96d2de (1 scala source)
2023.07.23 20:08:24 INFO  time: compiled project_bd2c96d2de in 0.17s
2023.07.23 20:09:09 INFO  compiling project_bd2c96d2de (1 scala source)
2023.07.23 20:09:09 INFO  time: compiled project_bd2c96d2de in 0.32s
2023.07.23 20:09:46 INFO  compiling project_bd2c96d2de (1 scala source)
2023.07.23 20:09:46 INFO  time: compiled project_bd2c96d2de in 0.29s
2023.07.23 20:09:57 INFO  compiling project_bd2c96d2de (1 scala source)
2023.07.23 20:09:57 INFO  time: compiled project_bd2c96d2de in 0.3s
heinäk. 23, 2023 8:25:36 IP. org.eclipse.lsp4j.jsonrpc.RemoteEndpoint handleCancellation
WARNING: Unmatched cancel notification for request id 4072
2023.07.23 20:26:49 INFO  compiling project_bd2c96d2de (1 scala source)
2023.07.23 20:26:49 INFO  time: compiled project_bd2c96d2de in 0.4s
heinäk. 23, 2023 8:28:02 IP. org.eclipse.lsp4j.jsonrpc.RemoteEndpoint handleCancellation
WARNING: Unmatched cancel notification for request id 4293
2023.07.23 20:28:21 INFO  compiling project_bd2c96d2de (1 scala source)
2023.07.23 20:28:21 INFO  time: compiled project_bd2c96d2de in 0.37s
2023.07.26 11:43:30 INFO  BSP server: Checking https://repo1.maven.org/maven2/org/scala-lang/scala-library/maven-metadata.xml
2023.07.26 11:43:30 INFO  BSP server: Checked https://repo1.maven.org/maven2/org/scala-lang/scala-library/maven-metadata.xml
2023.07.26 11:43:30 INFO  BSP server: Checking https://repo1.maven.org/maven2/org/scala-lang/scala3-library_3/maven-metadata.xml
2023.07.26 11:43:30 INFO  BSP server: Checked https://repo1.maven.org/maven2/org/scala-lang/scala3-library_3/maven-metadata.xml
2023.07.26 11:43:30 INFO  BSP server: Downloading https://repo1.maven.org/maven2/org/scala-lang/scala3-library_3/maven-metadata.xml
2023.07.26 11:43:30 INFO  BSP server: Downloaded https://repo1.maven.org/maven2/org/scala-lang/scala3-library_3/maven-metadata.xml
2023.07.26 11:43:30 INFO  Disconnecting from scala-cli session...
2023.07.26 11:43:30 INFO  Shut down connection with build server.
2023.07.26 11:43:30 INFO  Attempting to connect to the build server...
2023.07.26 11:43:30 INFO  Cancelling compilation on scala-cli server
2023.07.26 11:43:30 INFO  Running BSP server List(C:\Users\oskar\AppData\Local\Coursier\data\bin\.scala-cli.aux.exe, bsp, --json-options, C:\Users\oskar\adventOfCode22\.scala-build\ide-options-v2.json, C:\Users\oskar\adventOfCode22)
2023.07.26 11:43:30 INFO  tracing is disabled for protocol BSP, to enable tracing of incoming and outgoing JSON messages create an empty file at C:\Users\oskar\adventOfCode22\.metals\bsp.trace.json or C:\Users\oskar\AppData\Local\scalameta\metals\cache\bsp.trace.json
2023.07.26 11:43:31 INFO  BSP server: Checking https://github.com/coursier/jvm-index/raw/master/index.json
2023.07.26 11:43:31 INFO  BSP server: Checked https://github.com/coursier/jvm-index/raw/master/index.json
2023.07.26 11:43:31 INFO  BSP server: Downloading https://github.com/coursier/jvm-index/raw/master/index.json
2023.07.26 11:43:31 INFO  BSP server: Downloaded https://github.com/coursier/jvm-index/raw/master/index.json
2023.07.26 11:43:34 INFO  time: Connected to build server in 3.93s
2023.07.26 11:43:34 INFO  Connected to Build server: scala-cli v1.0.0-RC1
2023.07.26 11:43:34 INFO  compiling project_bd2c96d2de (1 scala source)
2023.07.26 11:43:34 INFO  time: compiled project_bd2c96d2de in 0.61s
2023.07.26 11:43:36 INFO  time: indexed workspace in 1.69s
2023.07.26 11:43:38 INFO  Refreshed build after change
2023.07.26 11:43:59 INFO  compiling project_bd2c96d2de (1 scala source)
2023.07.26 11:43:59 INFO  time: compiled project_bd2c96d2de in 0.25s
2023.07.26 11:45:45 INFO  Correctly reloaded workspace
2023.07.26 11:45:47 INFO  time: indexed workspace in 1.39s
2023.07.26 11:46:01 INFO  Disconnecting from scala-cli session...
2023.07.26 11:46:01 INFO  Shut down connection with build server.
2023.07.26 11:46:01 INFO  Attempting to connect to the build server...
2023.07.26 11:46:01 INFO  Running BSP server List(C:\Users\oskar\AppData\Local\Coursier\data\bin\.scala-cli.aux.exe, bsp, --json-options, C:\Users\oskar\adventOfCode22\.scala-build\ide-options-v2.json, C:\Users\oskar\adventOfCode22)
2023.07.26 11:46:01 INFO  tracing is disabled for protocol BSP, to enable tracing of incoming and outgoing JSON messages create an empty file at C:\Users\oskar\adventOfCode22\.metals\bsp.trace.json or C:\Users\oskar\AppData\Local\scalameta\metals\cache\bsp.trace.json
2023.07.26 11:46:03 INFO  time: Connected to build server in 2.58s
2023.07.26 11:46:03 INFO  Connected to Build server: scala-cli v1.0.0-RC1
2023.07.26 11:46:05 INFO  time: indexed workspace in 1.62s
2023.07.26 11:46:48 WARN  no build target for: C:\Users\oskar\adventOfCode22\build.sbt
2023.07.26 11:46:49 WARN  no build target for: C:\Users\oskar\adventOfCode22\build.sbt
2023.07.26 11:46:54 INFO  running 'C:\Users\oskar\Downloads\Ohjelma-asennukset\OpenJDK11U-jdk_x64_windows_hotspot_11.0.16.1_1\jdk-11.0.16.1+1\bin\java.exe -Djline.terminal=jline.UnsupportedTerminal -Dsbt.log.noformat=true -Dfile.encoding=UTF-8 -Dsbt.version=1.9.2 -jar C:\Users\oskar\AppData\Local\Temp\metals17757364937489054597\sbt-launch.jar -Dbloop.export-jar-classifiers=sources bloopInstall'
2023.07.26 11:46:54 ERROR [info] [launcher] getting org.scala-sbt sbt 1.9.2  (this may take some time)...
2023.07.26 11:47:01 ERROR [info] [launcher] getting Scala 2.12.18 (for sbt)...
2023.07.26 11:47:06 INFO  [info] Updated file C:\Users\oskar\adventOfCode22\project\build.properties: set sbt.version to 1.9.2
2023.07.26 11:47:06 INFO  [info] welcome to sbt 1.9.2 (Eclipse Adoptium Java 11.0.16.1)
2023.07.26 11:47:07 INFO  [info] loading global plugins from C:\Users\oskar\.sbt\1.0\plugins
2023.07.26 11:47:12 INFO  [info] loading settings for project adventofcode22-build-build from metals.sbt ...
2023.07.26 11:47:12 INFO  [info] loading project definition from C:\Users\oskar\adventOfCode22\project\project
2023.07.26 11:47:13 INFO  [info] loading settings for project adventofcode22-build from metals.sbt ...
2023.07.26 11:47:13 INFO  [info] loading project definition from C:\Users\oskar\adventOfCode22\project
2023.07.26 11:47:17 INFO  [success] Generated .bloop\adventofcode22-build.json
2023.07.26 11:47:17 INFO  [success] Total time: 4 s, completed 26.7.2023 klo 11.47.17
2023.07.26 11:47:19 INFO  [info] loading settings for project root from build.sbt ...
2023.07.26 11:47:19 INFO  [info] set current project to wordlesolver (in build file:/C:/Users/oskar/adventOfCode22/)
2023.07.26 11:47:21 INFO  [success] Generated .bloop\root-test.json
2023.07.26 11:47:21 INFO  [success] Generated .bloop\root.json
2023.07.26 11:47:21 INFO  [success] Total time: 2 s, completed 26.7.2023 klo 11.47.21
2023.07.26 11:47:21 INFO  time: ran 'sbt bloopInstall' in 27s
2023.07.26 11:47:21 INFO  Disconnecting from scala-cli session...
2023.07.26 11:47:21 INFO  Shut down connection with build server.
2023.07.26 11:47:21 INFO  Attempting to connect to the build server...
2023.07.26 11:47:21 INFO  Bloop uses C:\Users\oskar\Downloads\Ohjelma-asennukset\OpenJDK11U-jdk_x64_windows_hotspot_11.0.16.1_1\jdk-11.0.16.1+1 defined at C:\Users\oskar\.bloop\bloop.json
2023.07.26 11:47:23 INFO  tracing is disabled for protocol BSP, to enable tracing of incoming and outgoing JSON messages create an empty file at C:\Users\oskar\adventOfCode22\.metals\bsp.trace.json or C:\Users\oskar\AppData\Local\scalameta\metals\cache\bsp.trace.json
2023.07.26 11:47:23 INFO  Attempting to connect to the build server...
2023.07.26 11:47:23 INFO  Bloop uses C:\Users\oskar\Downloads\Ohjelma-asennukset\OpenJDK11U-jdk_x64_windows_hotspot_11.0.16.1_1\jdk-11.0.16.1+1 defined at C:\Users\oskar\.bloop\bloop.json
2023.07.26 11:47:23 INFO  tracing is disabled for protocol BSP, to enable tracing of incoming and outgoing JSON messages create an empty file at C:\Users\oskar\adventOfCode22\project\.metals\bsp.trace.json or C:\Users\oskar\AppData\Local\scalameta\metals\cache\bsp.trace.json
2023.07.26 11:47:27 INFO  time: Connected to build server in 6s
2023.07.26 11:47:27 INFO  Connected to Build server: Bloop v1.5.8
2023.07.26 11:47:27 INFO  time: Imported build in 0.18s
2023.07.26 11:47:36 INFO  time: indexed workspace in 8.86s
2023.07.26 11:47:36 INFO  compiling root (2 scala sources)
2023.07.26 11:47:40 INFO  time: compiled root in 4.13s
2023.07.26 11:47:40 INFO  compiling root-test (2 scala sources)
2023.07.26 11:47:40 INFO  time: compiled root-test in 470?s
2023.07.26 11:50:26 INFO  skipping build import with status 'Installed'
2023.07.26 11:50:26 INFO  compiling root (1 scala source)
2023.07.26 11:50:26 INFO  time: compiled root in 0.41s
2023.07.26 11:50:28 INFO  skipping build import with status 'Installed'
heinäk. 26, 2023 11:53:45 AP. org.eclipse.lsp4j.jsonrpc.RemoteEndpoint handleCancellation
WARNING: Unmatched cancel notification for request id 4761
2023.07.26 11:54:45 INFO  skipping build import with status 'Installed'
2023.07.26 11:54:45 INFO  compiling root (1 scala source)
2023.07.26 11:54:45 INFO  time: compiled root in 0.28s
2023.07.26 11:54:48 INFO  skipping build import with status 'Installed'
2023.07.26 11:54:48 INFO  compiling root (1 scala source)
2023.07.26 11:54:48 INFO  time: compiled root in 0.13s
2023.07.26 11:54:51 INFO  skipping build import with status 'Installed'
2023.07.26 11:54:51 INFO  compiling root (1 scala source)
2023.07.26 11:54:51 INFO  time: compiled root in 0.31s
heinäk. 26, 2023 11:55:30 AP. org.eclipse.lsp4j.jsonrpc.RemoteEndpoint handleCancellation
WARNING: Unmatched cancel notification for request id 5114
2023.07.26 11:57:52 INFO  skipping build import with status 'Installed'
2023.07.26 11:57:52 INFO  compiling root (1 scala source)
2023.07.26 11:57:52 INFO  time: compiled root in 0.69s
2023.07.26 11:58:00 INFO  skipping build import with status 'Installed'
2023.07.26 11:58:00 INFO  compiling root (1 scala source)
2023.07.26 11:58:00 INFO  time: compiled root in 0.44s
2023.07.26 11:58:04 INFO  skipping build import with status 'Installed'
2023.07.26 11:58:04 INFO  compiling root (1 scala source)
2023.07.26 11:58:04 INFO  time: compiled root in 0.78s
2023.07.26 11:58:21 INFO  skipping build import with status 'Installed'
2023.07.26 11:58:21 INFO  compiling root (1 scala source)
2023.07.26 11:58:21 INFO  time: compiled root in 0.39s
2023.07.26 11:58:23 INFO  skipping build import with status 'Installed'
2023.07.26 11:58:23 INFO  compiling root (1 scala source)
2023.07.26 11:58:23 INFO  time: compiled root in 0.38s
2023.07.26 12:01:47 INFO  skipping build import with status 'Installed'
2023.07.26 12:01:47 INFO  compiling root (1 scala source)
2023.07.26 12:01:47 INFO  time: compiled root in 0.62s
2023.07.26 12:01:48 WARN  Could not load snapshot text for C:\Users\oskar\adventOfCode22\Day3.scala
heinäk. 26, 2023 12:01:51 IP. org.eclipse.lsp4j.jsonrpc.RemoteEndpoint handleCancellation
WARNING: Unmatched cancel notification for request id 5733
2023.07.26 12:01:52 WARN  Could not load snapshot text for C:\Users\oskar\adventOfCode22\Day3.scala
2023.07.26 12:01:53 WARN  Could not load snapshot text for C:\Users\oskar\adventOfCode22\Day3.scala
2023.07.26 12:02:02 WARN  Could not load snapshot text for C:\Users\oskar\adventOfCode22\Day3.scala
2023.07.26 12:02:03 WARN  Could not load snapshot text for C:\Users\oskar\adventOfCode22\Day3.scala
2023.07.26 12:02:06 WARN  Could not load snapshot text for C:\Users\oskar\adventOfCode22\Day3.scala
2023.07.26 12:02:07 WARN  Could not load snapshot text for C:\Users\oskar\adventOfCode22\Day3.scala
2023.07.26 12:02:08 WARN  Could not load snapshot text for C:\Users\oskar\adventOfCode22\Day3.scala
2023.07.26 12:02:11 WARN  Could not load snapshot text for C:\Users\oskar\adventOfCode22\Day3.scala
2023.07.26 12:02:12 WARN  Could not load snapshot text for C:\Users\oskar\adventOfCode22\Day3.scala
2023.07.26 12:02:13 WARN  Could not load snapshot text for C:\Users\oskar\adventOfCode22\Day3.scala
heinäk. 26, 2023 12:02:19 IP. org.eclipse.lsp4j.jsonrpc.RemoteEndpoint handleCancellation
WARNING: Unmatched cancel notification for request id 5828
2023.07.26 12:02:22 WARN  Could not load snapshot text for C:\Users\oskar\adventOfCode22\Day3.scala
2023.07.26 12:02:23 WARN  Could not load snapshot text for C:\Users\oskar\adventOfCode22\Day3.scala
2023.07.26 12:02:23 INFO  skipping build import with status 'Installed'
2023.07.26 12:02:23 INFO  compiling root (1 scala source)
2023.07.26 12:02:23 INFO  time: compiled root in 0.57s
2023.07.26 12:02:24 WARN  Could not load snapshot text for C:\Users\oskar\adventOfCode22\Day3.scala
2023.07.26 12:02:29 WARN  Could not load snapshot text for C:\Users\oskar\adventOfCode22\Day3.scala
2023.07.26 12:02:30 WARN  Could not load snapshot text for C:\Users\oskar\adventOfCode22\Day3.scala
2023.07.26 12:02:37 WARN  Could not load snapshot text for C:\Users\oskar\adventOfCode22\Day3.scala
2023.07.26 12:02:38 WARN  Could not load snapshot text for C:\Users\oskar\adventOfCode22\Day3.scala
2023.07.26 12:02:38 WARN  Could not load snapshot text for C:\Users\oskar\adventOfCode22\Day3.scala
2023.07.26 12:02:40 WARN  Could not load snapshot text for C:\Users\oskar\adventOfCode22\Day3.scala
2023.07.26 12:02:40 WARN  Could not load snapshot text for C:\Users\oskar\adventOfCode22\Day3.scala
2023.07.26 12:02:53 WARN  Could not load snapshot text for C:\Users\oskar\adventOfCode22\Day3.scala
2023.07.26 12:02:55 WARN  Could not load snapshot text for C:\Users\oskar\adventOfCode22\Day3.scala
2023.07.26 12:02:56 WARN  Could not load snapshot text for C:\Users\oskar\adventOfCode22\Day3.scala
2023.07.26 12:02:57 WARN  Could not load snapshot text for C:\Users\oskar\adventOfCode22\Day3.scala
2023.07.26 12:02:58 WARN  Could not load snapshot text for C:\Users\oskar\adventOfCode22\Day3.scala
2023.07.26 12:02:58 WARN  Could not load snapshot text for C:\Users\oskar\adventOfCode22\Day3.scala
2023.07.26 12:02:59 WARN  Could not load snapshot text for C:\Users\oskar\adventOfCode22\Day3.scala
2023.07.26 12:03:00 INFO  skipping build import with status 'Installed'
2023.07.26 12:03:00 INFO  compiling root (1 scala source)
2023.07.26 12:03:00 INFO  time: compiled root in 0.17s
2023.07.26 12:03:01 WARN  Could not load snapshot text for C:\Users\oskar\adventOfCode22\Day3.scala
2023.07.26 12:03:04 WARN  Could not load snapshot text for C:\Users\oskar\adventOfCode22\Day3.scala
2023.07.26 12:03:05 INFO  skipping build import with status 'Installed'
2023.07.26 12:03:05 INFO  compiling root (1 scala source)
2023.07.26 12:03:05 INFO  time: compiled root in 0.36s
heinäk. 26, 2023 12:04:20 IP. org.eclipse.lsp4j.jsonrpc.RemoteEndpoint handleCancellation
WARNING: Unmatched cancel notification for request id 6242
2023.07.26 12:05:11 INFO  skipping build import with status 'Installed'
2023.07.26 12:05:11 INFO  compiling root (1 scala source)
2023.07.26 12:05:11 INFO  time: compiled root in 0.55s
2023.07.26 12:05:19 INFO  skipping build import with status 'Installed'
2023.07.26 12:05:19 INFO  compiling root (1 scala source)
2023.07.26 12:05:19 INFO  time: compiled root in 0.4s
2023.07.26 12:05:25 INFO  skipping build import with status 'Installed'
2023.07.26 12:05:25 INFO  compiling root (1 scala source)
2023.07.26 12:05:25 INFO  time: compiled root in 0.38s
2023.07.26 12:05:40 INFO  skipping build import with status 'Installed'
2023.07.26 12:05:40 INFO  compiling root (1 scala source)
2023.07.26 12:05:40 INFO  time: compiled root in 0.41s
2023.07.26 12:05:42 INFO  skipping build import with status 'Installed'
2023.07.26 12:06:07 INFO  skipping build import with status 'Installed'
2023.07.26 12:06:07 INFO  compiling root (1 scala source)
2023.07.26 12:06:07 INFO  time: compiled root in 0.35s
2023.07.26 12:18:28 WARN  no build target for: C:\Users\oskar\adventOfCode22\Day4.scala
Exception in thread "pool-12-thread-1" java.lang.InterruptedException
	at scala.meta.internal.metals.FutureCancelToken.checkCanceled(FutureCancelToken.scala:29)
	at scala.meta.internal.pc.CompilerAccess.onCompilerJobQueue$$anonfun$1(CompilerAccess.scala:229)
	at scala.meta.internal.pc.CompilerJobQueue$Job.run(CompilerJobQueue.scala:152)
	at java.base/java.util.concurrent.ThreadPoolExecutor.runWorker(ThreadPoolExecutor.java:1128)
	at java.base/java.util.concurrent.ThreadPoolExecutor$Worker.run(ThreadPoolExecutor.java:628)
	at java.base/java.lang.Thread.run(Thread.java:829)
heinäk. 26, 2023 12:18:43 IP. org.eclipse.lsp4j.jsonrpc.RemoteEndpoint handleCancellation
WARNING: Unmatched cancel notification for request id 6657
2023.07.26 12:18:45 WARN  no build target for: C:\Users\oskar\adventOfCode22\Day4.scala
2023.07.26 12:18:45 INFO  skipping build import with status 'Installed'
heinäk. 26, 2023 12:19:05 IP. org.eclipse.lsp4j.jsonrpc.RemoteEndpoint handleCancellation
WARNING: Unmatched cancel notification for request id 6724
2023.07.26 12:19:10 INFO  skipping build import with status 'Installed'
2023.07.26 12:19:10 WARN  no build target for: C:\Users\oskar\adventOfCode22\Day4.scala
2023.07.26 12:19:19 WARN  no build target for: C:\Users\oskar\adventOfCode22\Day4.scala
2023.07.26 12:19:19 INFO  skipping build import with status 'Installed'
2023.07.26 12:19:25 WARN  no build target for: C:\Users\oskar\adventOfCode22\Day4.scala
2023.07.26 12:19:25 INFO  skipping build import with status 'Installed'
2023.07.26 12:19:34 WARN  no build target for: C:\Users\oskar\adventOfCode22\Day4.scala
2023.07.26 12:19:34 INFO  skipping build import with status 'Installed'
2023.07.26 12:19:36 WARN  no build target for: C:\Users\oskar\adventOfCode22\Day4.scala
2023.07.26 12:19:36 INFO  skipping build import with status 'Installed'
2023.07.26 12:19:39 INFO  running 'C:\Users\oskar\Downloads\Ohjelma-asennukset\OpenJDK11U-jdk_x64_windows_hotspot_11.0.16.1_1\jdk-11.0.16.1+1\bin\java.exe -Djline.terminal=jline.UnsupportedTerminal -Dsbt.log.noformat=true -Dfile.encoding=UTF-8 -jar C:\Users\oskar\AppData\Local\Temp\metals10300755623573614341\sbt-launch.jar -Dbloop.export-jar-classifiers=sources bloopInstall'
2023.07.26 12:19:40 INFO  sbt thinks that server is already booting because of this exception:
2023.07.26 12:19:40 ERROR sbt.internal.ServerAlreadyBootingException: java.io.IOException: Could not create lock for \\.\pipe\sbt-load7989648274719830218_lock, error 5
2023.07.26 12:19:40 ERROR 	at sbt.internal.BootServerSocket.newSocket(BootServerSocket.java:357)
2023.07.26 12:19:40 ERROR 	at sbt.internal.BootServerSocket.<init>(BootServerSocket.java:296)
2023.07.26 12:19:40 ERROR 	at sbt.xMain$.getSocketOrExit(Main.scala:152)
2023.07.26 12:19:40 ERROR 	at sbt.xMain$.bootServerSocket$lzycompute$1(Main.scala:78)
2023.07.26 12:19:40 ERROR 	at sbt.xMain$.bootServerSocket$1(Main.scala:78)
2023.07.26 12:19:40 ERROR 	at sbt.xMain$.withStreams$1(Main.scala:86)
2023.07.26 12:19:40 ERROR 	at sbt.xMain$.run(Main.scala:123)
2023.07.26 12:19:40 ERROR 	at java.base/jdk.internal.reflect.NativeMethodAccessorImpl.invoke0(Native Method)
2023.07.26 12:19:40 ERROR 	at java.base/jdk.internal.reflect.NativeMethodAccessorImpl.invoke(NativeMethodAccessorImpl.java:62)
2023.07.26 12:19:40 ERROR 	at java.base/jdk.internal.reflect.DelegatingMethodAccessorImpl.invoke(DelegatingMethodAccessorImpl.java:43)
2023.07.26 12:19:40 ERROR 	at java.base/java.lang.reflect.Method.invoke(Method.java:566)
2023.07.26 12:19:40 ERROR 	at sbt.internal.XMainConfiguration.run(XMainConfiguration.java:59)
2023.07.26 12:19:40 ERROR 	at sbt.xMain.run(Main.scala:47)
2023.07.26 12:19:40 ERROR 	at xsbt.boot.Launch$.$anonfun$run$1(Launch.scala:149)
2023.07.26 12:19:40 ERROR 	at xsbt.boot.Launch$.withContextLoader(Launch.scala:176)
2023.07.26 12:19:40 ERROR 	at xsbt.boot.Launch$.run(Launch.scala:149)
2023.07.26 12:19:40 ERROR 	at xsbt.boot.Launch$.$anonfun$apply$1(Launch.scala:44)
2023.07.26 12:19:40 ERROR 	at xsbt.boot.Launch$.launch(Launch.scala:159)
2023.07.26 12:19:40 ERROR 	at xsbt.boot.Launch$.apply(Launch.scala:44)
2023.07.26 12:19:40 ERROR 	at xsbt.boot.Launch$.apply(Launch.scala:21)
2023.07.26 12:19:40 ERROR 	at xsbt.boot.Boot$.runImpl(Boot.scala:78)
2023.07.26 12:19:40 ERROR 	at xsbt.boot.Boot$.run(Boot.scala:73)
2023.07.26 12:19:40 ERROR 	at xsbt.boot.Boot$.main(Boot.scala:21)
2023.07.26 12:19:40 ERROR 	at xsbt.boot.Boot.main(Boot.scala)
2023.07.26 12:19:40 ERROR Caused by: java.io.IOException: Could not create lock for \\.\pipe\sbt-load7989648274719830218_lock, error 5
2023.07.26 12:19:40 ERROR 	at org.scalasbt.ipcsocket.Win32NamedPipeServerSocket.<init>(Win32NamedPipeServerSocket.java:129)
2023.07.26 12:19:40 ERROR 	at org.scalasbt.ipcsocket.Win32NamedPipeServerSocket.<init>(Win32NamedPipeServerSocket.java:48)
2023.07.26 12:19:40 ERROR 	at sbt.internal.BootServerSocket.newSocket(BootServerSocket.java:351)
2023.07.26 12:19:40 ERROR 	... 23 more
2023.07.26 12:19:41 INFO  time: ran 'sbt bloopInstall' in 1.97s
2023.07.26 12:19:41 ERROR sbt command failed: C:\Users\oskar\Downloads\Ohjelma-asennukset\OpenJDK11U-jdk_x64_windows_hotspot_11.0.16.1_1\jdk-11.0.16.1+1\bin\java.exe -Djline.terminal=jline.UnsupportedTerminal -Dsbt.log.noformat=true -Dfile.encoding=UTF-8 -jar C:\Users\oskar\AppData\Local\Temp\metals10300755623573614341\sbt-launch.jar -Dbloop.export-jar-classifiers=sources bloopInstall
2023.07.26 12:19:41 INFO  Disconnecting from Bloop session...
2023.07.26 12:19:41 INFO  Shut down connection with build server.
2023.07.26 12:19:41 INFO  Shut down connection with build server.
2023.07.26 12:19:41 INFO  Attempting to connect to the build server...
2023.07.26 12:19:41 INFO  Bloop uses C:\Users\oskar\Downloads\Ohjelma-asennukset\OpenJDK11U-jdk_x64_windows_hotspot_11.0.16.1_1\jdk-11.0.16.1+1 defined at C:\Users\oskar\.bloop\bloop.json
2023.07.26 12:19:41 INFO  tracing is disabled for protocol BSP, to enable tracing of incoming and outgoing JSON messages create an empty file at C:\Users\oskar\adventOfCode22\.metals\bsp.trace.json or C:\Users\oskar\AppData\Local\scalameta\metals\cache\bsp.trace.json
2023.07.26 12:19:41 INFO  Attempting to connect to the build server...
2023.07.26 12:19:41 INFO  Bloop uses C:\Users\oskar\Downloads\Ohjelma-asennukset\OpenJDK11U-jdk_x64_windows_hotspot_11.0.16.1_1\jdk-11.0.16.1+1 defined at C:\Users\oskar\.bloop\bloop.json
2023.07.26 12:19:41 INFO  tracing is disabled for protocol BSP, to enable tracing of incoming and outgoing JSON messages create an empty file at C:\Users\oskar\adventOfCode22\project\.metals\bsp.trace.json or C:\Users\oskar\AppData\Local\scalameta\metals\cache\bsp.trace.json
2023.07.26 12:19:41 INFO  time: Connected to build server in 0.1s
2023.07.26 12:19:41 INFO  Connected to Build server: Bloop v1.5.8
2023.07.26 12:19:42 INFO  time: indexed workspace in 1.65s
2023.07.26 12:19:42 WARN  no build target for: C:\Users\oskar\adventOfCode22\Day4.scala
2023.07.26 12:19:45 INFO  compiling root-test (1 scala source)
2023.07.26 12:19:45 INFO  time: compiled root-test in 342?s
2023.07.26 12:19:45 INFO  time: code lens generation in 1.99s
2023.07.26 12:19:52 WARN  no build target for: C:\Users\oskar\adventOfCode22\Day4.scala
2023.07.26 12:19:52 INFO  skipping build import with status 'Failed'
2023.07.26 12:20:14 WARN  no build target for: C:\Users\oskar\adventOfCode22\Day4.scala
2023.07.26 12:20:14 INFO  skipping build import with status 'Failed'
2023.07.26 12:20:19 INFO  Disconnecting from Bloop session...
2023.07.26 12:20:19 INFO  Shut down connection with build server.
2023.07.26 12:20:19 INFO  Shut down connection with build server.
2023.07.26 12:20:19 INFO  Attempting to connect to the build server...
2023.07.26 12:20:19 INFO  Bloop uses C:\Users\oskar\Downloads\Ohjelma-asennukset\OpenJDK11U-jdk_x64_windows_hotspot_11.0.16.1_1\jdk-11.0.16.1+1 defined at C:\Users\oskar\.bloop\bloop.json
2023.07.26 12:20:25 INFO  tracing is disabled for protocol BSP, to enable tracing of incoming and outgoing JSON messages create an empty file at C:\Users\oskar\adventOfCode22\.metals\bsp.trace.json or C:\Users\oskar\AppData\Local\scalameta\metals\cache\bsp.trace.json
2023.07.26 12:20:25 INFO  Attempting to connect to the build server...
2023.07.26 12:20:25 INFO  Bloop uses C:\Users\oskar\Downloads\Ohjelma-asennukset\OpenJDK11U-jdk_x64_windows_hotspot_11.0.16.1_1\jdk-11.0.16.1+1 defined at C:\Users\oskar\.bloop\bloop.json
2023.07.26 12:20:25 INFO  tracing is disabled for protocol BSP, to enable tracing of incoming and outgoing JSON messages create an empty file at C:\Users\oskar\adventOfCode22\project\.metals\bsp.trace.json or C:\Users\oskar\AppData\Local\scalameta\metals\cache\bsp.trace.json
2023.07.26 12:20:25 INFO  time: Connected to build server in 6.25s
2023.07.26 12:20:25 INFO  Connected to Build server: Bloop v1.5.8
2023.07.26 12:20:26 INFO  time: Imported build in 0.12s
2023.07.26 12:20:27 INFO  time: indexed workspace in 1.58s
2023.07.26 12:20:27 WARN  no build target for: C:\Users\oskar\adventOfCode22\Day4.scala
2023.07.26 12:20:29 INFO  compiling root-test (1 scala source)
2023.07.26 12:20:29 INFO  time: code lens generation in 1.44s
2023.07.26 12:20:33 INFO  time: compiled root-test in 3.28s
2023.07.26 12:20:40 WARN  no build target for: C:\Users\oskar\adventOfCode22\Day4.scala
2023.07.26 12:20:40 INFO  skipping build import with status 'Failed'
2023.07.26 12:20:42 INFO  running 'C:\Users\oskar\Downloads\Ohjelma-asennukset\OpenJDK11U-jdk_x64_windows_hotspot_11.0.16.1_1\jdk-11.0.16.1+1\bin\java.exe -Djline.terminal=jline.UnsupportedTerminal -Dsbt.log.noformat=true -Dfile.encoding=UTF-8 -jar C:\Users\oskar\AppData\Local\Temp\metals6229435026015172619\sbt-launch.jar -Dbloop.export-jar-classifiers=sources bloopInstall'
2023.07.26 12:20:44 INFO  sbt thinks that server is already booting because of this exception:
2023.07.26 12:20:44 ERROR sbt.internal.ServerAlreadyBootingException: java.io.IOException: Could not create lock for \\.\pipe\sbt-load7989648274719830218_lock, error 5
2023.07.26 12:20:44 ERROR 	at sbt.internal.BootServerSocket.newSocket(BootServerSocket.java:357)
2023.07.26 12:20:44 ERROR 	at sbt.internal.BootServerSocket.<init>(BootServerSocket.java:296)
2023.07.26 12:20:44 ERROR 	at sbt.xMain$.getSocketOrExit(Main.scala:152)
2023.07.26 12:20:44 ERROR 	at sbt.xMain$.bootServerSocket$lzycompute$1(Main.scala:78)
2023.07.26 12:20:44 ERROR 	at sbt.xMain$.bootServerSocket$1(Main.scala:78)
2023.07.26 12:20:44 ERROR 	at sbt.xMain$.withStreams$1(Main.scala:86)
2023.07.26 12:20:44 ERROR 	at sbt.xMain$.run(Main.scala:123)
2023.07.26 12:20:44 ERROR 	at java.base/jdk.internal.reflect.NativeMethodAccessorImpl.invoke0(Native Method)
2023.07.26 12:20:44 ERROR 	at java.base/jdk.internal.reflect.NativeMethodAccessorImpl.invoke(NativeMethodAccessorImpl.java:62)
2023.07.26 12:20:44 ERROR 	at java.base/jdk.internal.reflect.DelegatingMethodAccessorImpl.invoke(DelegatingMethodAccessorImpl.java:43)
2023.07.26 12:20:44 ERROR 	at java.base/java.lang.reflect.Method.invoke(Method.java:566)
2023.07.26 12:20:44 ERROR 	at sbt.internal.XMainConfiguration.run(XMainConfiguration.java:59)
2023.07.26 12:20:44 ERROR 	at sbt.xMain.run(Main.scala:47)
2023.07.26 12:20:44 ERROR 	at xsbt.boot.Launch$.$anonfun$run$1(Launch.scala:149)
2023.07.26 12:20:44 ERROR 	at xsbt.boot.Launch$.withContextLoader(Launch.scala:176)
2023.07.26 12:20:44 ERROR 	at xsbt.boot.Launch$.run(Launch.scala:149)
2023.07.26 12:20:44 ERROR 	at xsbt.boot.Launch$.$anonfun$apply$1(Launch.scala:44)
2023.07.26 12:20:44 ERROR 	at xsbt.boot.Launch$.launch(Launch.scala:159)
2023.07.26 12:20:44 ERROR 	at xsbt.boot.Launch$.apply(Launch.scala:44)
2023.07.26 12:20:44 ERROR 	at xsbt.boot.Launch$.apply(Launch.scala:21)
2023.07.26 12:20:44 ERROR 	at xsbt.boot.Boot$.runImpl(Boot.scala:78)
2023.07.26 12:20:44 ERROR 	at xsbt.boot.Boot$.run(Boot.scala:73)
2023.07.26 12:20:44 ERROR 	at xsbt.boot.Boot$.main(Boot.scala:21)
2023.07.26 12:20:44 ERROR 	at xsbt.boot.Boot.main(Boot.scala)
2023.07.26 12:20:44 ERROR Caused by: java.io.IOException: Could not create lock for \\.\pipe\sbt-load7989648274719830218_lock, error 5
2023.07.26 12:20:44 ERROR 	at org.scalasbt.ipcsocket.Win32NamedPipeServerSocket.<init>(Win32NamedPipeServerSocket.java:129)
2023.07.26 12:20:44 ERROR 	at org.scalasbt.ipcsocket.Win32NamedPipeServerSocket.<init>(Win32NamedPipeServerSocket.java:48)
2023.07.26 12:20:44 ERROR 	at sbt.internal.BootServerSocket.newSocket(BootServerSocket.java:351)
2023.07.26 12:20:44 ERROR 	... 23 more
2023.07.26 12:20:44 INFO  time: ran 'sbt bloopInstall' in 1.58s
2023.07.26 12:20:44 ERROR sbt command failed: C:\Users\oskar\Downloads\Ohjelma-asennukset\OpenJDK11U-jdk_x64_windows_hotspot_11.0.16.1_1\jdk-11.0.16.1+1\bin\java.exe -Djline.terminal=jline.UnsupportedTerminal -Dsbt.log.noformat=true -Dfile.encoding=UTF-8 -jar C:\Users\oskar\AppData\Local\Temp\metals6229435026015172619\sbt-launch.jar -Dbloop.export-jar-classifiers=sources bloopInstall
2023.07.26 12:20:44 INFO  Disconnecting from Bloop session...
2023.07.26 12:20:44 INFO  Shut down connection with build server.
2023.07.26 12:20:44 INFO  Shut down connection with build server.
2023.07.26 12:20:44 INFO  Attempting to connect to the build server...
2023.07.26 12:20:44 INFO  Bloop uses C:\Users\oskar\Downloads\Ohjelma-asennukset\OpenJDK11U-jdk_x64_windows_hotspot_11.0.16.1_1\jdk-11.0.16.1+1 defined at C:\Users\oskar\.bloop\bloop.json
2023.07.26 12:20:44 INFO  tracing is disabled for protocol BSP, to enable tracing of incoming and outgoing JSON messages create an empty file at C:\Users\oskar\adventOfCode22\.metals\bsp.trace.json or C:\Users\oskar\AppData\Local\scalameta\metals\cache\bsp.trace.json
2023.07.26 12:20:44 INFO  Attempting to connect to the build server...
2023.07.26 12:20:44 INFO  Bloop uses C:\Users\oskar\Downloads\Ohjelma-asennukset\OpenJDK11U-jdk_x64_windows_hotspot_11.0.16.1_1\jdk-11.0.16.1+1 defined at C:\Users\oskar\.bloop\bloop.json
2023.07.26 12:20:44 INFO  tracing is disabled for protocol BSP, to enable tracing of incoming and outgoing JSON messages create an empty file at C:\Users\oskar\adventOfCode22\project\.metals\bsp.trace.json or C:\Users\oskar\AppData\Local\scalameta\metals\cache\bsp.trace.json
2023.07.26 12:20:44 INFO  time: Connected to build server in 78ms
2023.07.26 12:20:44 INFO  Connected to Build server: Bloop v1.5.8
2023.07.26 12:20:46 INFO  time: indexed workspace in 1.75s
2023.07.26 12:20:46 WARN  no build target for: C:\Users\oskar\adventOfCode22\Day4.scala
2023.07.26 12:20:48 INFO  compiling root-test (1 scala source)
2023.07.26 12:20:48 INFO  time: compiled root-test in 376?s
2023.07.26 12:20:48 INFO  time: code lens generation in 1.7s
2023.07.26 12:20:51 WARN  no build target for: C:\Users\oskar\adventOfCode22\Day4.scala
2023.07.26 12:20:51 INFO  skipping build import with status 'Failed'
2023.07.26 12:21:02 INFO  skipping build import with status 'Failed'
2023.07.26 12:21:05 INFO  time: code lens generation in 1.91s
2023.07.26 12:21:05 INFO  time: code lens generation in 3.37s
2023.07.26 12:21:05 INFO  time: code lens generation in 2.95s
2023.07.26 12:21:05 WARN  no build target for: C:\Users\oskar\adventOfCode22\Day4.scala
2023.07.26 12:21:05 INFO  skipping build import with status 'Failed'
2023.07.26 12:21:07 WARN  no build target for: C:\Users\oskar\adventOfCode22\Day4.scala
2023.07.26 12:21:07 INFO  skipping build import with status 'Failed'
2023.07.26 12:21:49 INFO  skipping build import with status 'Failed'
2023.07.26 12:21:49 WARN  no build target for: C:\Users\oskar\adventOfCode22\Day4.scala
2023.07.26 12:22:07 INFO  skipping build import with status 'Failed'
2023.07.26 12:22:07 WARN  no build target for: C:\Users\oskar\adventOfCode22\Day4.scala
2023.07.26 12:22:30 INFO  skipping build import with status 'Failed'
2023.07.26 12:22:30 WARN  no build target for: C:\Users\oskar\adventOfCode22\Day4.scala
heinäk. 26, 2023 12:22:50 IP. org.eclipse.lsp4j.jsonrpc.RemoteEndpoint handleCancellation
WARNING: Unmatched cancel notification for request id 7169
2023.07.26 12:23:00 WARN  no build target for: C:\Users\oskar\adventOfCode22\Day4.scala
2023.07.26 12:23:00 INFO  skipping build import with status 'Failed'
heinäk. 26, 2023 12:23:11 IP. org.eclipse.lsp4j.jsonrpc.RemoteEndpoint handleCancellation
WARNING: Unmatched cancel notification for request id 7282
2023.07.26 12:24:49 INFO  skipping build import with status 'Failed'
2023.07.26 12:24:49 WARN  no build target for: C:\Users\oskar\adventOfCode22\Day4.scala
2023.07.26 12:25:46 WARN  no build target for: C:\Users\oskar\adventOfCode22\Day4.scala
2023.07.26 12:25:46 INFO  skipping build import with status 'Failed'
2023.07.26 12:27:15 INFO  skipping build import with status 'Failed'
2023.07.26 12:27:15 WARN  no build target for: C:\Users\oskar\adventOfCode22\Day4.scala
2023.07.26 12:27:24 WARN  no build target for: C:\Users\oskar\adventOfCode22\Day4.scala
2023.07.26 12:27:24 INFO  skipping build import with status 'Failed'
2023.07.26 12:27:38 WARN  no build target for: C:\Users\oskar\adventOfCode22\Day4.scala
2023.07.26 12:27:38 INFO  skipping build import with status 'Failed'
2023.07.26 12:27:48 WARN  no build target for: C:\Users\oskar\adventOfCode22\Day4.scala
2023.07.26 12:27:48 INFO  skipping build import with status 'Failed'
2023.07.26 12:27:56 INFO  skipping build import with status 'Failed'
2023.07.26 12:27:56 INFO  compiling root (1 scala source)
2023.07.26 12:27:56 INFO  time: compiled root in 0.68s
2023.07.26 12:28:35 INFO  skipping build import with status 'Failed'
2023.07.26 12:28:35 INFO  compiling root (1 scala source)
2023.07.26 12:28:35 INFO  time: compiled root in 0.49s
2023.07.26 12:28:42 INFO  skipping build import with status 'Failed'
2023.07.26 12:28:42 INFO  compiling root (1 scala source)
2023.07.26 12:28:42 INFO  time: compiled root in 0.49s
heinäk. 26, 2023 12:29:24 IP. org.eclipse.lsp4j.jsonrpc.RemoteEndpoint handleCancellation
WARNING: Unmatched cancel notification for request id 8272
2023.07.26 12:29:26 INFO  skipping build import with status 'Failed'
2023.07.26 12:29:26 INFO  compiling root (1 scala source)
2023.07.26 12:29:26 INFO  time: compiled root in 0.96s
2023.07.26 12:29:40 INFO  skipping build import with status 'Failed'
2023.07.26 12:29:40 INFO  compiling root (1 scala source)
2023.07.26 12:29:40 INFO  time: compiled root in 0.41s
heinäk. 26, 2023 12:31:53 IP. org.eclipse.lsp4j.jsonrpc.RemoteEndpoint handleCancellation
WARNING: Unmatched cancel notification for request id 8512
2023.07.26 12:32:37 INFO  skipping build import with status 'Failed'
2023.07.26 12:32:37 INFO  compiling root (1 scala source)
2023.07.26 12:32:37 INFO  time: compiled root in 0.39s
2023.07.26 12:34:22 INFO  skipping build import with status 'Failed'
2023.07.26 12:34:22 INFO  compiling root (1 scala source)
2023.07.26 12:34:22 INFO  time: compiled root in 0.46s
heinäk. 26, 2023 1:03:19 IP. org.eclipse.lsp4j.jsonrpc.RemoteEndpoint handleCancellation
WARNING: Unmatched cancel notification for request id 8809
2023.07.26 13:03:25 INFO  skipping build import with status 'Failed'
2023.07.26 13:03:25 INFO  compiling root (1 scala source)
2023.07.26 13:03:25 INFO  time: compiled root in 0.38s
2023.07.26 13:03:26 INFO  skipping build import with status 'Failed'
2023.07.26 13:03:35 INFO  skipping build import with status 'Failed'
2023.07.26 13:03:35 INFO  compiling root (1 scala source)
2023.07.26 13:03:35 INFO  time: compiled root in 0.27s
heinäk. 26, 2023 1:08:32 IP. org.eclipse.lsp4j.jsonrpc.RemoteEndpoint handleCancellation
WARNING: Unmatched cancel notification for request id 9383
heinäk. 26, 2023 1:09:52 IP. org.eclipse.lsp4j.jsonrpc.RemoteEndpoint handleCancellation
WARNING: Unmatched cancel notification for request id 9623
2023.07.26 13:10:28 INFO  skipping build import with status 'Failed'
2023.07.26 13:10:28 INFO  compiling root (1 scala source)
2023.07.26 13:10:28 INFO  time: compiled root in 0.57s
2023.07.26 13:10:40 INFO  skipping build import with status 'Failed'
2023.07.26 13:10:40 INFO  compiling root (1 scala source)
2023.07.26 13:10:40 INFO  time: compiled root in 0.56s
2023.07.26 13:14:12 INFO  file:///C:/Users/oskar/adventOfCode22/Day3.scala:6:37: stale bloop error: Found:    (9 : Int)
Required: Array[Char]
    val stacks = Array[Array[Char]](9)
                                    ^
2023.07.26 13:14:12 INFO  file:///C:/Users/oskar/adventOfCode22/Day3.scala:6:37: stale bloop error: Found:    (9 : Int)
Required: Array[Char]
    val stacks = Array[Array[Char]](9)
                                    ^
2023.07.26 13:14:12 INFO  file:///C:/Users/oskar/adventOfCode22/Day3.scala:6:37: stale bloop error: Found:    (9 : Int)
Required: Array[Char]
    val stacks = Array[Array[Char]](9)
                                    ^
2023.07.26 13:14:13 INFO  skipping build import with status 'Failed'
2023.07.26 13:14:13 INFO  compiling root (1 scala source)
2023.07.26 13:14:13 INFO  file:///C:/Users/oskar/adventOfCode22/Day3.scala:6:34: stale bloop error: ']' expected, but '(' found
    val stacks = Array[Array.fill(9)('')]
                                 ^
2023.07.26 13:14:13 INFO  file:///C:/Users/oskar/adventOfCode22/Day3.scala:6:34: stale bloop error: ']' expected, but '(' found
    val stacks = Array[Array.fill(9)('')]
                                 ^
2023.07.26 13:14:13 INFO  file:///C:/Users/oskar/adventOfCode22/Day3.scala:6:38: stale bloop error: empty character literal
    val stacks = Array[Array.fill(9)('')]
                                     ^
2023.07.26 13:14:13 INFO  file:///C:/Users/oskar/adventOfCode22/Day3.scala:8:14: stale bloop error: expression expected but <- found
    for line <- lines do
             ^^
2023.07.26 13:14:13 INFO  file:///C:/Users/oskar/adventOfCode22/Day3.scala:8:5: stale bloop error: Not found: 'for
    for line <- lines do
    ^^^
2023.07.26 13:14:13 INFO  time: compiled root in 0.39s
2023.07.26 13:14:15 INFO  file:///C:/Users/oskar/adventOfCode22/Day3.scala:6:34: stale bloop error: ']' expected, but '(' found
    val stacks = Array[Array.fill(9)('')]
                                 ^
2023.07.26 13:14:15 INFO  file:///C:/Users/oskar/adventOfCode22/Day3.scala:6:38: stale bloop error: empty character literal
    val stacks = Array[Array.fill(9)('')]
                                     ^
2023.07.26 13:14:15 INFO  file:///C:/Users/oskar/adventOfCode22/Day3.scala:8:14: stale bloop error: expression expected but <- found
    for line <- lines do
             ^^
2023.07.26 13:14:15 INFO  file:///C:/Users/oskar/adventOfCode22/Day3.scala:8:5: stale bloop error: Not found: 'for
    for line <- lines do
    ^^^
2023.07.26 13:14:15 INFO  skipping build import with status 'Failed'
2023.07.26 13:14:15 INFO  compiling root (1 scala source)
2023.07.26 13:14:15 INFO  file:///C:/Users/oskar/adventOfCode22/Day3.scala:6:34: stale bloop error: ']' expected, but '(' found
    val stacks = Array[Array.fill(9)('')]
                                 ^
2023.07.26 13:14:15 INFO  file:///C:/Users/oskar/adventOfCode22/Day3.scala:6:34: stale bloop error: ']' expected, but '(' found
    val stacks = Array[Array.fill(9)('')]
                                 ^
2023.07.26 13:14:15 INFO  file:///C:/Users/oskar/adventOfCode22/Day3.scala:6:38: stale bloop error: empty character literal
    val stacks = Array[Array.fill(9)('')]
                                     ^
2023.07.26 13:14:15 INFO  file:///C:/Users/oskar/adventOfCode22/Day3.scala:8:14: stale bloop error: expression expected but <- found
    for line <- lines do
             ^^
2023.07.26 13:14:15 INFO  file:///C:/Users/oskar/adventOfCode22/Day3.scala:8:5: stale bloop error: Not found: 'for
    for line <- lines do
    ^^^
2023.07.26 13:14:15 INFO  time: compiled root in 0.42s
2023.07.26 13:14:23 INFO  file:///C:/Users/oskar/adventOfCode22/Day3.scala:6:34: stale bloop error: ']' expected, but '(' found
    val stacks = Array[Array.fill(9)('')]
                                 ^
2023.07.26 13:14:23 INFO  file:///C:/Users/oskar/adventOfCode22/Day3.scala:6:38: stale bloop error: empty character literal
    val stacks = Array[Array.fill(9)('')]
                                     ^
2023.07.26 13:14:23 INFO  file:///C:/Users/oskar/adventOfCode22/Day3.scala:8:14: stale bloop error: expression expected but <- found
    for line <- lines do
             ^^
2023.07.26 13:14:23 INFO  file:///C:/Users/oskar/adventOfCode22/Day3.scala:8:5: stale bloop error: Not found: 'for
    for line <- lines do
    ^^^
2023.07.26 13:14:23 INFO  file:///C:/Users/oskar/adventOfCode22/Day3.scala:6:34: stale bloop error: ']' expected, but '(' found
    val stacks = Array[Array.fill(9)('')]
                                 ^
2023.07.26 13:14:23 INFO  file:///C:/Users/oskar/adventOfCode22/Day3.scala:6:38: stale bloop error: empty character literal
    val stacks = Array[Array.fill(9)('')]
                                     ^
2023.07.26 13:14:23 INFO  file:///C:/Users/oskar/adventOfCode22/Day3.scala:8:14: stale bloop error: expression expected but <- found
    for line <- lines do
             ^^
2023.07.26 13:14:23 INFO  file:///C:/Users/oskar/adventOfCode22/Day3.scala:8:5: stale bloop error: Not found: 'for
    for line <- lines do
    ^^^
2023.07.26 13:14:24 INFO  file:///C:/Users/oskar/adventOfCode22/Day3.scala:6:34: stale bloop error: ']' expected, but '(' found
    val stacks = Array[Array.fill(9)('')]
                                 ^
2023.07.26 13:14:24 INFO  file:///C:/Users/oskar/adventOfCode22/Day3.scala:6:38: stale bloop error: empty character literal
    val stacks = Array[Array.fill(9)('')]
                                     ^
2023.07.26 13:14:24 INFO  file:///C:/Users/oskar/adventOfCode22/Day3.scala:8:14: stale bloop error: expression expected but <- found
    for line <- lines do
             ^^
2023.07.26 13:14:24 INFO  file:///C:/Users/oskar/adventOfCode22/Day3.scala:8:5: stale bloop error: Not found: 'for
    for line <- lines do
    ^^^
2023.07.26 13:14:24 INFO  skipping build import with status 'Failed'
2023.07.26 13:14:24 INFO  compiling root (1 scala source)
2023.07.26 13:14:24 INFO  file:///C:/Users/oskar/adventOfCode22/Day3.scala:6:39: stale bloop error: empty character literal
    val stacks = Array[Array].fill(9)('')
                                      ^
2023.07.26 13:14:24 INFO  file:///C:/Users/oskar/adventOfCode22/Day3.scala:6:39: stale bloop error: empty character literal
    val stacks = Array[Array].fill(9)('')
                                      ^
2023.07.26 13:14:24 INFO  file:///C:/Users/oskar/adventOfCode22/Day3.scala:8:14: stale bloop error: expression expected but <- found
    for line <- lines do
             ^^
2023.07.26 13:14:24 INFO  file:///C:/Users/oskar/adventOfCode22/Day3.scala:6:18: stale bloop error: value fill is not a member of Seq[Array] => Array[Array]
    val stacks = Array[Array].fill(9)('')
                 ^^^^^^^^^^^^^^^^^
2023.07.26 13:14:24 INFO  file:///C:/Users/oskar/adventOfCode22/Day3.scala:8:5: stale bloop error: Not found: 'for
    for line <- lines do
    ^^^
2023.07.26 13:14:24 INFO  time: compiled root in 0.35s
2023.07.26 13:14:27 INFO  file:///C:/Users/oskar/adventOfCode22/Day3.scala:6:39: stale bloop error: empty character literal
    val stacks = Array[Array].fill(9)('')
                                      ^
2023.07.26 13:14:27 INFO  file:///C:/Users/oskar/adventOfCode22/Day3.scala:8:14: stale bloop error: expression expected but <- found
    for line <- lines do
             ^^
2023.07.26 13:14:27 INFO  file:///C:/Users/oskar/adventOfCode22/Day3.scala:6:18: stale bloop error: value fill is not a member of Seq[Array] => Array[Array]
    val stacks = Array[Array].fill(9)('')
                 ^^^^^^^^^^^^^^^^^
2023.07.26 13:14:27 INFO  file:///C:/Users/oskar/adventOfCode22/Day3.scala:8:5: stale bloop error: Not found: 'for
    for line <- lines do
    ^^^
2023.07.26 13:14:27 INFO  file:///C:/Users/oskar/adventOfCode22/Day3.scala:6:39: stale bloop error: empty character literal
    val stacks = Array[Array].fill(9)('')
                                      ^
2023.07.26 13:14:27 INFO  file:///C:/Users/oskar/adventOfCode22/Day3.scala:8:14: stale bloop error: expression expected but <- found
    for line <- lines do
             ^^
2023.07.26 13:14:27 INFO  file:///C:/Users/oskar/adventOfCode22/Day3.scala:6:18: stale bloop error: value fill is not a member of Seq[Array] => Array[Array]
    val stacks = Array[Array].fill(9)('')
                 ^^^^^^^^^^^^^^^^^
2023.07.26 13:14:27 INFO  file:///C:/Users/oskar/adventOfCode22/Day3.scala:8:5: stale bloop error: Not found: 'for
    for line <- lines do
    ^^^
2023.07.26 13:14:27 INFO  file:///C:/Users/oskar/adventOfCode22/Day3.scala:6:39: stale bloop error: empty character literal
    val stacks = Array[Array].fill(9)('')
                                      ^
2023.07.26 13:14:27 INFO  file:///C:/Users/oskar/adventOfCode22/Day3.scala:8:14: stale bloop error: expression expected but <- found
    for line <- lines do
             ^^
2023.07.26 13:14:27 INFO  file:///C:/Users/oskar/adventOfCode22/Day3.scala:6:18: stale bloop error: value fill is not a member of Seq[Array] => Array[Array]
    val stacks = Array[Array].fill(9)('')
                 ^^^^^^^^^^^^^^^^^
2023.07.26 13:14:27 INFO  file:///C:/Users/oskar/adventOfCode22/Day3.scala:8:5: stale bloop error: Not found: 'for
    for line <- lines do
    ^^^
2023.07.26 13:14:28 INFO  file:///C:/Users/oskar/adventOfCode22/Day3.scala:6:39: stale bloop error: empty character literal
    val stacks = Array[Array].fill(9)('')
                                      ^
2023.07.26 13:14:28 INFO  file:///C:/Users/oskar/adventOfCode22/Day3.scala:8:14: stale bloop error: expression expected but <- found
    for line <- lines do
             ^^
2023.07.26 13:14:28 INFO  file:///C:/Users/oskar/adventOfCode22/Day3.scala:6:18: stale bloop error: value fill is not a member of Seq[Array] => Array[Array]
    val stacks = Array[Array].fill(9)('')
                 ^^^^^^^^^^^^^^^^^
2023.07.26 13:14:28 INFO  file:///C:/Users/oskar/adventOfCode22/Day3.scala:8:5: stale bloop error: Not found: 'for
    for line <- lines do
    ^^^
2023.07.26 13:14:27 INFO  file:///C:/Users/oskar/adventOfCode22/Day3.scala:6:39: stale bloop error: empty character literal
    val stacks = Array[Array].fill(9)('')
                                      ^
2023.07.26 13:14:27 INFO  file:///C:/Users/oskar/adventOfCode22/Day3.scala:8:14: stale bloop error: expression expected but <- found
    for line <- lines do
             ^^
2023.07.26 13:14:27 INFO  file:///C:/Users/oskar/adventOfCode22/Day3.scala:6:18: stale bloop error: value fill is not a member of Seq[Array] => Array[Array]
    val stacks = Array[Array].fill(9)('')
                 ^^^^^^^^^^^^^^^^^
2023.07.26 13:14:27 INFO  file:///C:/Users/oskar/adventOfCode22/Day3.scala:8:5: stale bloop error: Not found: 'for
    for line <- lines do
    ^^^
2023.07.26 13:14:28 INFO  file:///C:/Users/oskar/adventOfCode22/Day3.scala:6:39: stale bloop error: empty character literal
    val stacks = Array[Array].fill(9)('')
                                      ^
2023.07.26 13:14:28 INFO  file:///C:/Users/oskar/adventOfCode22/Day3.scala:8:14: stale bloop error: expression expected but <- found
    for line <- lines do
             ^^
2023.07.26 13:14:28 INFO  file:///C:/Users/oskar/adventOfCode22/Day3.scala:6:18: stale bloop error: value fill is not a member of Seq[Array] => Array[Array]
    val stacks = Array[Array].fill(9)('')
                 ^^^^^^^^^^^^^^^^^
2023.07.26 13:14:28 INFO  file:///C:/Users/oskar/adventOfCode22/Day3.scala:8:5: stale bloop error: Not found: 'for
    for line <- lines do
    ^^^
2023.07.26 13:14:28 INFO  file:///C:/Users/oskar/adventOfCode22/Day3.scala:6:39: stale bloop error: empty character literal
    val stacks = Array[Array].fill(9)('')
                                      ^
2023.07.26 13:14:28 INFO  file:///C:/Users/oskar/adventOfCode22/Day3.scala:8:14: stale bloop error: expression expected but <- found
    for line <- lines do
             ^^
2023.07.26 13:14:28 INFO  file:///C:/Users/oskar/adventOfCode22/Day3.scala:6:18: stale bloop error: value fill is not a member of Seq[Array] => Array[Array]
    val stacks = Array[Array].fill(9)('')
                 ^^^^^^^^^^^^^^^^^
2023.07.26 13:14:28 INFO  file:///C:/Users/oskar/adventOfCode22/Day3.scala:8:5: stale bloop error: Not found: 'for
    for line <- lines do
    ^^^
2023.07.26 13:14:28 INFO  file:///C:/Users/oskar/adventOfCode22/Day3.scala:6:39: stale bloop error: empty character literal
    val stacks = Array[Array].fill(9)('')
                                      ^
2023.07.26 13:14:28 INFO  file:///C:/Users/oskar/adventOfCode22/Day3.scala:8:14: stale bloop error: expression expected but <- found
    for line <- lines do
             ^^
2023.07.26 13:14:28 INFO  file:///C:/Users/oskar/adventOfCode22/Day3.scala:6:18: stale bloop error: value fill is not a member of Seq[Array] => Array[Array]
    val stacks = Array[Array].fill(9)('')
                 ^^^^^^^^^^^^^^^^^
2023.07.26 13:14:28 INFO  file:///C:/Users/oskar/adventOfCode22/Day3.scala:8:5: stale bloop error: Not found: 'for
    for line <- lines do
    ^^^
2023.07.26 13:14:28 INFO  file:///C:/Users/oskar/adventOfCode22/Day3.scala:6:39: stale bloop error: empty character literal
    val stacks = Array[Array].fill(9)('')
                                      ^
2023.07.26 13:14:28 INFO  file:///C:/Users/oskar/adventOfCode22/Day3.scala:8:14: stale bloop error: expression expected but <- found
    for line <- lines do
             ^^
2023.07.26 13:14:28 INFO  file:///C:/Users/oskar/adventOfCode22/Day3.scala:6:18: stale bloop error: value fill is not a member of Seq[Array] => Array[Array]
    val stacks = Array[Array].fill(9)('')
                 ^^^^^^^^^^^^^^^^^
2023.07.26 13:14:28 INFO  file:///C:/Users/oskar/adventOfCode22/Day3.scala:8:5: stale bloop error: Not found: 'for
    for line <- lines do
    ^^^
2023.07.26 13:14:28 INFO  file:///C:/Users/oskar/adventOfCode22/Day3.scala:6:39: stale bloop error: empty character literal
    val stacks = Array[Array].fill(9)('')
                                      ^
2023.07.26 13:14:28 INFO  file:///C:/Users/oskar/adventOfCode22/Day3.scala:8:14: stale bloop error: expression expected but <- found
    for line <- lines do
             ^^
2023.07.26 13:14:28 INFO  file:///C:/Users/oskar/adventOfCode22/Day3.scala:6:18: stale bloop error: value fill is not a member of Seq[Array] => Array[Array]
    val stacks = Array[Array].fill(9)('')
                 ^^^^^^^^^^^^^^^^^
2023.07.26 13:14:28 INFO  file:///C:/Users/oskar/adventOfCode22/Day3.scala:8:5: stale bloop error: Not found: 'for
    for line <- lines do
    ^^^
2023.07.26 13:14:30 INFO  file:///C:/Users/oskar/adventOfCode22/Day3.scala:6:39: stale bloop error: empty character literal
    val stacks = Array[Array].fill(9)('')
                                      ^
2023.07.26 13:14:30 INFO  file:///C:/Users/oskar/adventOfCode22/Day3.scala:8:14: stale bloop error: expression expected but <- found
    for line <- lines do
             ^^
2023.07.26 13:14:30 INFO  file:///C:/Users/oskar/adventOfCode22/Day3.scala:6:18: stale bloop error: value fill is not a member of Seq[Array] => Array[Array]
    val stacks = Array[Array].fill(9)('')
                 ^^^^^^^^^^^^^^^^^
2023.07.26 13:14:30 INFO  file:///C:/Users/oskar/adventOfCode22/Day3.scala:8:5: stale bloop error: Not found: 'for
    for line <- lines do
    ^^^
2023.07.26 13:14:30 INFO  skipping build import with status 'Failed'
2023.07.26 13:14:30 INFO  compiling root (1 scala source)
2023.07.26 13:14:30 INFO  file:///C:/Users/oskar/adventOfCode22/Day3.scala:6:45: stale bloop error: empty character literal
    val stacks = Array[Array[Char]].fill(9)('')
                                            ^
2023.07.26 13:14:30 INFO  file:///C:/Users/oskar/adventOfCode22/Day3.scala:6:45: stale bloop error: empty character literal
    val stacks = Array[Array[Char]].fill(9)('')
                                            ^
2023.07.26 13:14:30 INFO  file:///C:/Users/oskar/adventOfCode22/Day3.scala:8:14: stale bloop error: expression expected but <- found
    for line <- lines do
             ^^
2023.07.26 13:14:30 INFO  file:///C:/Users/oskar/adventOfCode22/Day3.scala:6:18: stale bloop error: value fill is not a member of Seq[Array[Char]] => Array[Array[Char]]
    val stacks = Array[Array[Char]].fill(9)('')
                 ^^^^^^^^^^^^^^^^^^^^^^^
2023.07.26 13:14:30 INFO  file:///C:/Users/oskar/adventOfCode22/Day3.scala:8:5: stale bloop error: Not found: 'for
    for line <- lines do
    ^^^
2023.07.26 13:14:30 INFO  time: compiled root in 0.35s
2023.07.26 13:14:40 INFO  file:///C:/Users/oskar/adventOfCode22/Day3.scala:6:45: stale bloop error: empty character literal
    val stacks = Array[Array[Char]].fill(9)('')
                                            ^
2023.07.26 13:14:40 INFO  file:///C:/Users/oskar/adventOfCode22/Day3.scala:8:14: stale bloop error: expression expected but <- found
    for line <- lines do
             ^^
2023.07.26 13:14:40 INFO  file:///C:/Users/oskar/adventOfCode22/Day3.scala:6:18: stale bloop error: value fill is not a member of Seq[Array[Char]] => Array[Array[Char]]
    val stacks = Array[Array[Char]].fill(9)('')
                 ^^^^^^^^^^^^^^^^^^^^^^^
2023.07.26 13:14:40 INFO  file:///C:/Users/oskar/adventOfCode22/Day3.scala:8:5: stale bloop error: Not found: 'for
    for line <- lines do
    ^^^
2023.07.26 13:14:40 INFO  skipping build import with status 'Failed'
2023.07.26 13:14:40 INFO  compiling root (1 scala source)
2023.07.26 13:14:40 INFO  file:///C:/Users/oskar/adventOfCode22/Day3.scala:6:45: stale bloop error: empty character literal
    val stacks = Array[Array[Char]].fill(9)('')
                                            ^
2023.07.26 13:14:40 INFO  file:///C:/Users/oskar/adventOfCode22/Day3.scala:6:45: stale bloop error: empty character literal
    val stacks = Array[Array[Char]].fill(9)('')
                                            ^
2023.07.26 13:14:40 INFO  file:///C:/Users/oskar/adventOfCode22/Day3.scala:8:14: stale bloop error: expression expected but <- found
    for line <- lines do
             ^^
2023.07.26 13:14:40 INFO  file:///C:/Users/oskar/adventOfCode22/Day3.scala:6:18: stale bloop error: value fill is not a member of Seq[Array[Char]] => Array[Array[Char]]
    val stacks = Array[Array[Char]].fill(9)('')
                 ^^^^^^^^^^^^^^^^^^^^^^^
2023.07.26 13:14:40 INFO  file:///C:/Users/oskar/adventOfCode22/Day3.scala:8:5: stale bloop error: Not found: 'for
    for line <- lines do
    ^^^
2023.07.26 13:14:40 INFO  time: compiled root in 0.37s
2023.07.26 13:14:47 INFO  file:///C:/Users/oskar/adventOfCode22/Day3.scala:6:45: stale bloop error: empty character literal
    val stacks = Array[Array[Char]].fill(9)('')
                                            ^
2023.07.26 13:14:47 INFO  file:///C:/Users/oskar/adventOfCode22/Day3.scala:8:14: stale bloop error: expression expected but <- found
    for line <- lines do
             ^^
2023.07.26 13:14:47 INFO  file:///C:/Users/oskar/adventOfCode22/Day3.scala:6:18: stale bloop error: value fill is not a member of Seq[Array[Char]] => Array[Array[Char]]
    val stacks = Array[Array[Char]].fill(9)('')
                 ^^^^^^^^^^^^^^^^^^^^^^^
2023.07.26 13:14:47 INFO  file:///C:/Users/oskar/adventOfCode22/Day3.scala:8:5: stale bloop error: Not found: 'for
    for line <- lines do
    ^^^
2023.07.26 13:14:47 INFO  file:///C:/Users/oskar/adventOfCode22/Day3.scala:6:45: stale bloop error: empty character literal
    val stacks = Array[Array[Char]].fill(9)('')
                                            ^
2023.07.26 13:14:47 INFO  file:///C:/Users/oskar/adventOfCode22/Day3.scala:8:14: stale bloop error: expression expected but <- found
    for line <- lines do
             ^^
2023.07.26 13:14:47 INFO  file:///C:/Users/oskar/adventOfCode22/Day3.scala:6:18: stale bloop error: value fill is not a member of Seq[Array[Char]] => Array[Array[Char]]
    val stacks = Array[Array[Char]].fill(9)('')
                 ^^^^^^^^^^^^^^^^^^^^^^^
2023.07.26 13:14:47 INFO  file:///C:/Users/oskar/adventOfCode22/Day3.scala:8:5: stale bloop error: Not found: 'for
    for line <- lines do
    ^^^
2023.07.26 13:14:47 INFO  skipping build import with status 'Failed'
2023.07.26 13:14:47 INFO  compiling root (1 scala source)
2023.07.26 13:14:47 INFO  time: compiled root in 0.32s
2023.07.26 13:15:02 INFO  skipping build import with status 'Failed'
2023.07.26 13:15:02 INFO  compiling root (1 scala source)
2023.07.26 13:15:02 INFO  time: compiled root in 0.46s
2023.07.26 13:15:10 INFO  skipping build import with status 'Failed'
2023.07.26 13:15:10 INFO  compiling root (1 scala source)
2023.07.26 13:15:10 INFO  time: compiled root in 0.32s
2023.07.26 13:15:43 INFO  file:///C:/Users/oskar/adventOfCode22/Day3.scala:6:34: stale bloop error: ']' expected, but '(' found
    val stacks = Array[Array.fill(9)(' ')]
                                 ^
2023.07.26 13:15:43 INFO  file:///C:/Users/oskar/adventOfCode22/Day3.scala:6:34: stale bloop error: ']' expected, but '(' found
    val stacks = Array[Array.fill(9)(' ')]
                                 ^
2023.07.26 13:15:43 INFO  file:///C:/Users/oskar/adventOfCode22/Day3.scala:6:34: stale bloop error: ']' expected, but '(' found
    val stacks = Array[Array.fill(9)(' ')]
                                 ^
2023.07.26 13:15:44 INFO  file:///C:/Users/oskar/adventOfCode22/Day3.scala:6:34: stale bloop error: ']' expected, but '(' found
    val stacks = Array[Array.fill(9)(' ')]
                                 ^
2023.07.26 13:15:44 INFO  file:///C:/Users/oskar/adventOfCode22/Day3.scala:6:34: stale bloop error: ']' expected, but '(' found
    val stacks = Array[Array.fill(9)(' ')]
                                 ^
2023.07.26 13:15:44 INFO  file:///C:/Users/oskar/adventOfCode22/Day3.scala:6:34: stale bloop error: ']' expected, but '(' found
    val stacks = Array[Array.fill(9)(' ')]
                                 ^
heinäk. 26, 2023 1:15:45 IP. org.eclipse.lsp4j.jsonrpc.RemoteEndpoint handleCancellation
WARNING: Unmatched cancel notification for request id 10020
heinäk. 26, 2023 1:15:49 IP. org.eclipse.lsp4j.jsonrpc.RemoteEndpoint handleCancellation
WARNING: Unmatched cancel notification for request id 10042
2023.07.26 13:15:51 INFO  skipping build import with status 'Failed'
2023.07.26 13:15:51 INFO  compiling root (1 scala source)
2023.07.26 13:15:51 INFO  time: compiled root in 0.29s
2023.07.26 13:16:42 INFO  skipping build import with status 'Failed'
2023.07.26 13:16:42 INFO  compiling root (1 scala source)
2023.07.26 13:16:42 INFO  time: compiled root in 0.3s
2023.07.26 13:17:17 INFO  skipping build import with status 'Failed'
2023.07.26 13:17:17 INFO  compiling root (1 scala source)
2023.07.26 13:17:17 INFO  time: compiled root in 0.29s
2023.07.26 13:17:20 INFO  skipping build import with status 'Failed'
2023.07.26 13:17:20 INFO  compiling root (1 scala source)
2023.07.26 13:17:20 INFO  time: compiled root in 0.25s
2023.07.26 13:18:00 INFO  skipping build import with status 'Failed'
2023.07.26 13:18:00 INFO  compiling root (1 scala source)
2023.07.26 13:18:00 INFO  time: compiled root in 0.34s
2023.07.26 13:18:06 INFO  skipping build import with status 'Failed'
2023.07.26 13:18:06 INFO  compiling root (1 scala source)
2023.07.26 13:18:06 INFO  time: compiled root in 0.28s
2023.07.26 13:18:10 INFO  skipping build import with status 'Failed'
2023.07.26 13:18:34 INFO  skipping build import with status 'Failed'
2023.07.26 13:18:34 INFO  compiling root (1 scala source)
2023.07.26 13:18:34 INFO  time: compiled root in 0.3s
2023.07.26 13:19:15 INFO  skipping build import with status 'Failed'
2023.07.26 13:19:15 INFO  compiling root (1 scala source)
2023.07.26 13:19:15 INFO  time: compiled root in 0.26s
2023.07.26 13:20:17 INFO  skipping build import with status 'Failed'
2023.07.26 13:20:17 INFO  compiling root (1 scala source)
2023.07.26 13:20:17 INFO  time: compiled root in 0.28s
2023.07.26 13:20:18 INFO  skipping build import with status 'Failed'
heinäk. 26, 2023 1:21:00 IP. org.eclipse.lsp4j.jsonrpc.RemoteEndpoint handleCancellation
WARNING: Unmatched cancel notification for request id 10552
2023.07.26 13:21:03 INFO  skipping build import with status 'Failed'
2023.07.26 13:21:04 INFO  compiling root (1 scala source)
2023.07.26 13:21:04 INFO  time: compiled root in 0.11s
2023.07.26 13:22:08 INFO  skipping build import with status 'Failed'
2023.07.26 13:22:08 INFO  compiling root (1 scala source)
2023.07.26 13:22:08 INFO  time: compiled root in 0.28s
2023.07.26 13:22:30 INFO  skipping build import with status 'Failed'
2023.07.26 13:22:30 INFO  compiling root (1 scala source)
2023.07.26 13:22:30 INFO  time: compiled root in 0.31s
2023.07.26 13:23:02 INFO  skipping build import with status 'Failed'
2023.07.26 13:23:02 INFO  compiling root (1 scala source)
2023.07.26 13:23:02 INFO  time: compiled root in 0.47s
2023.07.26 13:23:33 INFO  skipping build import with status 'Failed'
2023.07.26 13:23:33 INFO  compiling root (1 scala source)
2023.07.26 13:23:33 INFO  time: compiled root in 0.24s
2023.07.26 13:24:02 INFO  skipping build import with status 'Failed'
2023.07.26 13:24:02 INFO  compiling root (1 scala source)
2023.07.26 13:24:02 INFO  time: compiled root in 0.3s
2023.07.26 13:24:12 INFO  skipping build import with status 'Failed'
2023.07.26 13:24:20 INFO  skipping build import with status 'Failed'
2023.07.26 13:24:20 INFO  compiling root (1 scala source)
2023.07.26 13:24:20 INFO  time: compiled root in 0.25s
2023.07.26 13:24:24 INFO  skipping build import with status 'Failed'
2023.07.26 13:24:24 INFO  compiling root (1 scala source)
2023.07.26 13:24:24 INFO  time: compiled root in 0.25s
2023.07.26 13:25:24 INFO  skipping build import with status 'Failed'
2023.07.26 13:25:24 INFO  compiling root (1 scala source)
2023.07.26 13:25:24 INFO  time: compiled root in 0.23s
2023.07.26 13:25:31 INFO  skipping build import with status 'Failed'
2023.07.26 13:25:31 INFO  compiling root (1 scala source)
2023.07.26 13:25:31 INFO  time: compiled root in 0.23s
2023.07.26 13:25:32 INFO  skipping build import with status 'Failed'
heinäk. 26, 2023 1:26:26 IP. org.eclipse.lsp4j.jsonrpc.RemoteEndpoint handleCancellation
WARNING: Unmatched cancel notification for request id 11222
2023.07.26 13:26:32 INFO  skipping build import with status 'Failed'
2023.07.26 13:26:32 INFO  compiling root (1 scala source)
2023.07.26 13:26:32 INFO  time: compiled root in 0.24s
heinäk. 26, 2023 1:27:10 IP. org.eclipse.lsp4j.jsonrpc.RemoteEndpoint handleCancellation
WARNING: Unmatched cancel notification for request id 11321
heinäk. 26, 2023 1:27:10 IP. org.eclipse.lsp4j.jsonrpc.RemoteEndpoint handleCancellation
WARNING: Unmatched cancel notification for request id 11323
2023.07.26 13:27:45 INFO  skipping build import with status 'Failed'
2023.07.26 13:27:45 INFO  compiling root (1 scala source)
2023.07.26 13:27:45 INFO  time: compiled root in 0.13s
2023.07.26 13:27:51 INFO  skipping build import with status 'Failed'
2023.07.26 13:27:51 INFO  compiling root (1 scala source)
2023.07.26 13:27:51 INFO  time: compiled root in 0.25s
heinäk. 26, 2023 1:28:05 IP. org.eclipse.lsp4j.jsonrpc.RemoteEndpoint handleCancellation
WARNING: Unmatched cancel notification for request id 11508
2023.07.26 13:28:14 INFO  skipping build import with status 'Failed'
2023.07.26 13:28:14 INFO  compiling root (1 scala source)
2023.07.26 13:28:14 INFO  time: compiled root in 0.25s
2023.07.26 13:28:37 INFO  skipping build import with status 'Failed'
2023.07.26 13:28:37 INFO  compiling root (1 scala source)
2023.07.26 13:28:37 INFO  time: compiled root in 0.24s
2023.07.26 13:28:57 INFO  skipping build import with status 'Failed'
2023.07.26 13:28:57 INFO  compiling root (1 scala source)
2023.07.26 13:28:57 INFO  time: compiled root in 0.11s
2023.07.26 13:29:00 INFO  skipping build import with status 'Failed'
2023.07.26 13:29:00 INFO  compiling root (1 scala source)
2023.07.26 13:29:00 INFO  time: compiled root in 0.28s
2023.07.26 13:29:01 INFO  skipping build import with status 'Failed'
2023.07.26 13:29:25 INFO  skipping build import with status 'Failed'
2023.07.26 13:29:25 INFO  compiling root (1 scala source)
2023.07.26 13:29:25 INFO  time: compiled root in 0.25s
2023.07.26 13:29:47 INFO  skipping build import with status 'Failed'
2023.07.26 13:29:47 INFO  compiling root (1 scala source)
2023.07.26 13:29:47 INFO  time: compiled root in 0.24s
2023.07.26 13:30:36 INFO  skipping build import with status 'Failed'
2023.07.26 13:30:37 INFO  skipping build import with status 'Failed'
2023.07.26 13:31:47 INFO  skipping build import with status 'Failed'
2023.07.26 13:31:47 INFO  compiling root (1 scala source)
2023.07.26 13:31:47 INFO  time: compiled root in 0.23s
2023.07.26 13:31:59 INFO  skipping build import with status 'Failed'
2023.07.26 13:31:59 INFO  compiling root (1 scala source)
2023.07.26 13:31:59 INFO  time: compiled root in 0.21s
2023.07.26 13:32:20 INFO  skipping build import with status 'Failed'
2023.07.26 13:32:20 INFO  compiling root (1 scala source)
2023.07.26 13:32:20 INFO  time: compiled root in 0.22s
2023.07.26 13:32:28 INFO  skipping build import with status 'Failed'
2023.07.26 13:33:14 INFO  skipping build import with status 'Failed'
2023.07.26 13:33:14 INFO  compiling root (1 scala source)
2023.07.26 13:33:14 INFO  time: compiled root in 0.22s
heinäk. 26, 2023 1:34:06 IP. org.eclipse.lsp4j.jsonrpc.RemoteEndpoint handleCancellation
WARNING: Unmatched cancel notification for request id 12000
2023.07.26 13:34:13 INFO  skipping build import with status 'Failed'
2023.07.26 13:34:14 INFO  compiling root (1 scala source)
2023.07.26 13:34:14 INFO  time: compiled root in 0.14s
2023.07.26 13:34:23 INFO  skipping build import with status 'Failed'
2023.07.26 13:34:23 INFO  compiling root (1 scala source)
2023.07.26 13:34:23 INFO  time: compiled root in 0.22s
2023.07.26 13:34:46 INFO  skipping build import with status 'Failed'
2023.07.26 13:34:46 INFO  compiling root (1 scala source)
2023.07.26 13:34:46 INFO  time: compiled root in 0.23s
2023.07.26 13:34:47 INFO  skipping build import with status 'Failed'
2023.07.26 13:35:36 INFO  skipping build import with status 'Failed'
2023.07.26 13:35:36 INFO  compiling root (1 scala source)
2023.07.26 13:35:36 INFO  time: compiled root in 0.22s
2023.07.26 13:35:58 INFO  skipping build import with status 'Failed'
2023.07.26 13:35:58 INFO  compiling root (1 scala source)
2023.07.26 13:35:58 INFO  time: compiled root in 0.22s
2023.07.26 13:36:17 INFO  skipping build import with status 'Failed'
2023.07.26 13:36:17 INFO  compiling root (1 scala source)
2023.07.26 13:36:17 INFO  time: compiled root in 0.45s
2023.07.26 13:37:16 INFO  skipping build import with status 'Failed'
2023.07.26 13:37:17 INFO  compiling root (1 scala source)
2023.07.26 13:37:17 INFO  time: compiled root in 0.24s
2023.07.26 13:38:12 INFO  skipping build import with status 'Failed'
2023.07.26 13:38:12 INFO  compiling root (1 scala source)
2023.07.26 13:38:12 INFO  time: compiled root in 0.24s
2023.07.26 13:38:18 INFO  skipping build import with status 'Failed'
2023.07.26 13:38:18 INFO  compiling root (1 scala source)
2023.07.26 13:38:18 INFO  time: compiled root in 0.21s
2023.07.26 13:39:18 INFO  skipping build import with status 'Failed'
2023.07.26 13:39:19 INFO  compiling root (1 scala source)
2023.07.26 13:39:19 INFO  time: compiled root in 0.25s
2023.07.26 13:39:24 INFO  skipping build import with status 'Failed'
2023.07.26 13:39:24 INFO  compiling root (1 scala source)
2023.07.26 13:39:24 INFO  time: compiled root in 0.23s
2023.07.26 13:39:29 INFO  skipping build import with status 'Failed'
2023.07.26 13:39:29 INFO  compiling root (1 scala source)
2023.07.26 13:39:29 INFO  time: compiled root in 0.25s
heinäk. 26, 2023 1:40:04 IP. org.eclipse.lsp4j.jsonrpc.RemoteEndpoint handleCancellation
WARNING: Unmatched cancel notification for request id 12449
2023.07.26 13:40:06 INFO  skipping build import with status 'Failed'
2023.07.26 13:40:06 INFO  compiling root (1 scala source)
2023.07.26 13:40:06 INFO  time: compiled root in 0.29s
2023.07.26 13:40:07 INFO  skipping build import with status 'Failed'
2023.07.26 13:40:35 INFO  compiling root-test (1 scala source)
2023.07.26 13:40:35 INFO  time: compiled root-test in 0.24s
2023.07.26 13:40:41 INFO  skipping build import with status 'Failed'
2023.07.26 13:40:41 INFO  compiling root (1 scala source)
2023.07.26 13:40:41 INFO  time: compiled root in 0.24s
2023.07.26 13:40:43 INFO  skipping build import with status 'Failed'
2023.07.26 13:40:43 INFO  compiling root (1 scala source)
2023.07.26 13:40:43 INFO  time: compiled root in 0.22s
2023.07.26 13:40:47 INFO  skipping build import with status 'Failed'
2023.07.26 13:40:47 INFO  compiling root (1 scala source)
2023.07.26 13:40:47 INFO  time: compiled root in 0.21s
2023.07.26 13:41:01 INFO  skipping build import with status 'Failed'
2023.07.26 13:41:01 INFO  compiling root (1 scala source)
2023.07.26 13:41:01 INFO  time: compiled root in 0.24s
2023.07.26 13:41:03 INFO  skipping build import with status 'Failed'
2023.07.26 13:41:03 INFO  compiling root (1 scala source)
2023.07.26 13:41:03 INFO  time: compiled root in 0.22s
2023.07.26 13:41:05 INFO  skipping build import with status 'Failed'
heinäk. 26, 2023 1:41:05 IP. org.eclipse.lsp4j.jsonrpc.RemoteEndpoint handleCancellation
WARNING: Unmatched cancel notification for request id 12598
2023.07.26 13:41:05 INFO  compiling root-test (1 scala source)
2023.07.26 13:41:05 INFO  time: compiled root-test in 0.32s
heinäk. 26, 2023 1:42:21 IP. org.eclipse.lsp4j.jsonrpc.RemoteEndpoint handleCancellation
WARNING: Unmatched cancel notification for request id 12605
2023.07.26 13:42:25 INFO  skipping build import with status 'Failed'
2023.07.26 13:42:25 INFO  compiling root (1 scala source)
2023.07.26 13:42:25 INFO  time: compiled root in 0.23s
2023.07.26 13:42:46 INFO  skipping build import with status 'Failed'
2023.07.26 13:42:46 INFO  compiling root (1 scala source)
2023.07.26 13:42:46 INFO  time: compiled root in 0.22s
2023.07.26 13:43:38 INFO  skipping build import with status 'Failed'
2023.07.26 13:43:38 INFO  compiling root (1 scala source)
2023.07.26 13:43:38 INFO  time: compiled root in 0.21s
2023.07.26 13:43:47 INFO  skipping build import with status 'Failed'
2023.07.26 13:43:47 INFO  compiling root (1 scala source)
2023.07.26 13:43:47 INFO  time: compiled root in 0.26s
2023.07.26 13:56:56 INFO  skipping build import with status 'Failed'
2023.07.26 13:56:56 WARN  no build target for: C:\Users\oskar\adventOfCode22\Day4.scala
2023.07.26 13:59:54 WARN  no build target for: C:\Users\oskar\adventOfCode22\day1\Day1.scala
2023.07.26 14:00:51 INFO  compiling root-test (1 scala source)
2023.07.26 14:00:51 INFO  time: compiled root-test in 0.28s
2023.07.26 14:01:25 WARN  no build target for: C:\Users\oskar\adventOfCode22\day1\Day1.scala
heinäk. 26, 2023 2:01:33 IP. org.eclipse.lsp4j.jsonrpc.RemoteEndpoint handleCancellation
WARNING: Unmatched cancel notification for request id 12886
2023.07.26 14:01:35 WARN  no build target for: C:\Users\oskar\adventOfCode22\day1\Day1.scala
2023.07.26 14:01:40 INFO  running 'C:\Users\oskar\Downloads\Ohjelma-asennukset\OpenJDK11U-jdk_x64_windows_hotspot_11.0.16.1_1\jdk-11.0.16.1+1\bin\java.exe -Djline.terminal=jline.UnsupportedTerminal -Dsbt.log.noformat=true -Dfile.encoding=UTF-8 -jar C:\Users\oskar\AppData\Local\Temp\metals2865487706375179660\sbt-launch.jar -Dbloop.export-jar-classifiers=sources bloopInstall'
2023.07.26 14:01:42 INFO  sbt thinks that server is already booting because of this exception:
2023.07.26 14:01:42 ERROR sbt.internal.ServerAlreadyBootingException: java.io.IOException: Could not create lock for \\.\pipe\sbt-load7989648274719830218_lock, error 5
2023.07.26 14:01:42 ERROR 	at sbt.internal.BootServerSocket.newSocket(BootServerSocket.java:357)
2023.07.26 14:01:42 ERROR 	at sbt.internal.BootServerSocket.<init>(BootServerSocket.java:296)
2023.07.26 14:01:42 ERROR 	at sbt.xMain$.getSocketOrExit(Main.scala:152)
2023.07.26 14:01:42 ERROR 	at sbt.xMain$.bootServerSocket$lzycompute$1(Main.scala:78)
2023.07.26 14:01:42 ERROR 	at sbt.xMain$.bootServerSocket$1(Main.scala:78)
2023.07.26 14:01:42 ERROR 	at sbt.xMain$.withStreams$1(Main.scala:86)
2023.07.26 14:01:42 ERROR 	at sbt.xMain$.run(Main.scala:123)
2023.07.26 14:01:42 ERROR 	at java.base/jdk.internal.reflect.NativeMethodAccessorImpl.invoke0(Native Method)
2023.07.26 14:01:42 ERROR 	at java.base/jdk.internal.reflect.NativeMethodAccessorImpl.invoke(NativeMethodAccessorImpl.java:62)
2023.07.26 14:01:42 ERROR 	at java.base/jdk.internal.reflect.DelegatingMethodAccessorImpl.invoke(DelegatingMethodAccessorImpl.java:43)
2023.07.26 14:01:42 ERROR 	at java.base/java.lang.reflect.Method.invoke(Method.java:566)
2023.07.26 14:01:42 ERROR 	at sbt.internal.XMainConfiguration.run(XMainConfiguration.java:59)
2023.07.26 14:01:42 ERROR 	at sbt.xMain.run(Main.scala:47)
2023.07.26 14:01:42 ERROR 	at xsbt.boot.Launch$.$anonfun$run$1(Launch.scala:149)
2023.07.26 14:01:42 ERROR 	at xsbt.boot.Launch$.withContextLoader(Launch.scala:176)
2023.07.26 14:01:42 ERROR 	at xsbt.boot.Launch$.run(Launch.scala:149)
2023.07.26 14:01:42 ERROR 	at xsbt.boot.Launch$.$anonfun$apply$1(Launch.scala:44)
2023.07.26 14:01:42 ERROR 	at xsbt.boot.Launch$.launch(Launch.scala:159)
2023.07.26 14:01:42 ERROR 	at xsbt.boot.Launch$.apply(Launch.scala:44)
2023.07.26 14:01:42 ERROR 	at xsbt.boot.Launch$.apply(Launch.scala:21)
2023.07.26 14:01:42 ERROR 	at xsbt.boot.Boot$.runImpl(Boot.scala:78)
2023.07.26 14:01:42 ERROR 	at xsbt.boot.Boot$.run(Boot.scala:73)
2023.07.26 14:01:42 ERROR 	at xsbt.boot.Boot$.main(Boot.scala:21)
2023.07.26 14:01:42 ERROR 	at xsbt.boot.Boot.main(Boot.scala)
2023.07.26 14:01:42 ERROR Caused by: java.io.IOException: Could not create lock for \\.\pipe\sbt-load7989648274719830218_lock, error 5
2023.07.26 14:01:42 ERROR 	at org.scalasbt.ipcsocket.Win32NamedPipeServerSocket.<init>(Win32NamedPipeServerSocket.java:129)
2023.07.26 14:01:42 ERROR 	at org.scalasbt.ipcsocket.Win32NamedPipeServerSocket.<init>(Win32NamedPipeServerSocket.java:48)
2023.07.26 14:01:42 ERROR 	at sbt.internal.BootServerSocket.newSocket(BootServerSocket.java:351)
2023.07.26 14:01:42 ERROR 	... 23 more
2023.07.26 14:01:42 INFO  time: ran 'sbt bloopInstall' in 1.99s
2023.07.26 14:01:42 ERROR sbt command failed: C:\Users\oskar\Downloads\Ohjelma-asennukset\OpenJDK11U-jdk_x64_windows_hotspot_11.0.16.1_1\jdk-11.0.16.1+1\bin\java.exe -Djline.terminal=jline.UnsupportedTerminal -Dsbt.log.noformat=true -Dfile.encoding=UTF-8 -jar C:\Users\oskar\AppData\Local\Temp\metals2865487706375179660\sbt-launch.jar -Dbloop.export-jar-classifiers=sources bloopInstall
2023.07.26 14:01:42 INFO  Disconnecting from Bloop session...
2023.07.26 14:01:42 INFO  Shut down connection with build server.
2023.07.26 14:01:42 INFO  Shut down connection with build server.
2023.07.26 14:01:42 INFO  Attempting to connect to the build server...
2023.07.26 14:01:42 INFO  Bloop uses C:\Users\oskar\Downloads\Ohjelma-asennukset\OpenJDK11U-jdk_x64_windows_hotspot_11.0.16.1_1\jdk-11.0.16.1+1 defined at C:\Users\oskar\.bloop\bloop.json
2023.07.26 14:01:42 INFO  tracing is disabled for protocol BSP, to enable tracing of incoming and outgoing JSON messages create an empty file at C:\Users\oskar\adventOfCode22\.metals\bsp.trace.json or C:\Users\oskar\AppData\Local\scalameta\metals\cache\bsp.trace.json
2023.07.26 14:01:42 INFO  Attempting to connect to the build server...
2023.07.26 14:01:42 INFO  Bloop uses C:\Users\oskar\Downloads\Ohjelma-asennukset\OpenJDK11U-jdk_x64_windows_hotspot_11.0.16.1_1\jdk-11.0.16.1+1 defined at C:\Users\oskar\.bloop\bloop.json
2023.07.26 14:01:42 INFO  tracing is disabled for protocol BSP, to enable tracing of incoming and outgoing JSON messages create an empty file at C:\Users\oskar\adventOfCode22\project\.metals\bsp.trace.json or C:\Users\oskar\AppData\Local\scalameta\metals\cache\bsp.trace.json
2023.07.26 14:01:42 INFO  time: Connected to build server in 76ms
2023.07.26 14:01:42 INFO  Connected to Build server: Bloop v1.5.8
2023.07.26 14:01:44 INFO  time: indexed workspace in 1.94s
2023.07.26 14:01:44 WARN  no build target for: C:\Users\oskar\adventOfCode22\day1\Day1.scala
2023.07.26 14:01:44 WARN  no build target for: C:\Users\oskar\adventOfCode22\Day4.scala
2023.07.26 14:01:45 INFO  Shutting down server
2023.07.26 14:01:45 INFO  shutting down Metals
2023.07.26 14:01:45 INFO  Shut down connection with build server.
heinäk. 26, 2023 2:01:46 IP. org.flywaydb.core.internal.database.base.BaseDatabaseType createDatabase
INFO: Database: jdbc:h2:file:C:\Users\oskar\adventOfCode22\.metals\metals (H2 2.1)
heinäk. 26, 2023 2:01:46 IP. org.flywaydb.core.internal.command.DbValidate validate
INFO: Successfully validated 4 migrations (execution time 00:00.006s)
heinäk. 26, 2023 2:01:46 IP. org.flywaydb.core.internal.command.DbMigrate migrateGroup
INFO: Current version of schema "PUBLIC": 4
heinäk. 26, 2023 2:01:46 IP. org.flywaydb.core.internal.command.DbMigrate logSummary
INFO: Schema "PUBLIC" is up to date. No migration necessary.
2023.07.26 14:02:05 INFO  Started: Metals version 1.0.0 in folders 'C:\Users\oskar\adventOfCode22' for client Visual Studio Code 1.80.1.
heinäk. 26, 2023 2:02:05 IP. org.flywaydb.core.internal.license.VersionPrinter printVersionOnly
INFO: Flyway Community Edition 9.20.1 by Redgate
heinäk. 26, 2023 2:02:05 IP. org.flywaydb.core.internal.license.VersionPrinter printVersion
INFO: See release notes here: https://rd.gt/416ObMi
heinäk. 26, 2023 2:02:05 IP. org.flywaydb.core.internal.license.VersionPrinter printVersion
INFO: 
heinäk. 26, 2023 2:02:09 IP. org.flywaydb.core.internal.database.base.BaseDatabaseType createDatabase
INFO: Database: jdbc:h2:file:C:\Users\oskar\adventOfCode22\.metals\metals (H2 2.1)
heinäk. 26, 2023 2:02:09 IP. org.flywaydb.core.internal.command.DbValidate validate
INFO: Successfully validated 4 migrations (execution time 00:00.025s)
heinäk. 26, 2023 2:02:09 IP. org.flywaydb.core.internal.command.DbMigrate migrateGroup
INFO: Current version of schema "PUBLIC": 4
heinäk. 26, 2023 2:02:09 IP. org.flywaydb.core.internal.command.DbMigrate logSummary
INFO: Schema "PUBLIC" is up to date. No migration necessary.
2023.07.26 14:02:09 INFO  time: initialize in 4.41s
2023.07.26 14:02:11 INFO  Attempting to connect to the build server...
2023.07.26 14:02:11 INFO  Bloop uses C:\Users\oskar\Downloads\Ohjelma-asennukset\OpenJDK11U-jdk_x64_windows_hotspot_11.0.16.1_1\jdk-11.0.16.1+1 defined at C:\Users\oskar\.bloop\bloop.json
2023.07.26 14:02:11 INFO  skipping build import with status 'Failed'
2023.07.26 14:02:11 INFO  tracing is disabled for protocol BSP, to enable tracing of incoming and outgoing JSON messages create an empty file at C:\Users\oskar\adventOfCode22\.metals\bsp.trace.json or C:\Users\oskar\AppData\Local\scalameta\metals\cache\bsp.trace.json
2023.07.26 14:02:11 INFO  Attempting to connect to the build server...
2023.07.26 14:02:11 INFO  Bloop uses C:\Users\oskar\Downloads\Ohjelma-asennukset\OpenJDK11U-jdk_x64_windows_hotspot_11.0.16.1_1\jdk-11.0.16.1+1 defined at C:\Users\oskar\.bloop\bloop.json
2023.07.26 14:02:11 INFO  tracing is disabled for protocol BSP, to enable tracing of incoming and outgoing JSON messages create an empty file at C:\Users\oskar\adventOfCode22\project\.metals\bsp.trace.json or C:\Users\oskar\AppData\Local\scalameta\metals\cache\bsp.trace.json
2023.07.26 14:02:11 INFO  time: Connected to build server in 0.42s
2023.07.26 14:02:11 INFO  Connected to Build server: Bloop v1.5.8
2023.07.26 14:02:14 INFO  no build target found for C:\Users\oskar\adventOfCode22\day1\Day1.scala. Using presentation compiler with project's scala-library version: 3.3.0
2023.07.26 14:02:14 WARN  no build target for: C:\Users\oskar\adventOfCode22\day1\Day1.scala
2023.07.26 14:02:14 INFO  time: code lens generation in 3.44s
2023.07.26 14:02:16 INFO  no build target found for C:\Users\oskar\adventOfCode22\day1\Day1.scala. Using presentation compiler with project's scala-library version: 3.3.0
2023.07.26 14:02:18 INFO  time: code lens generation in 4.64s
2023.07.26 14:02:21 INFO  time: indexed workspace in 6.48s
2023.07.26 14:02:21 WARN  no build target for: C:\Users\oskar\adventOfCode22\day1\Day1.scala
2023.07.26 14:02:21 WARN  no build target for: C:\Users\oskar\adventOfCode22\day1\Day1.scala
2023.07.26 14:02:22 INFO  time: code lens generation in 4.03s
2023.07.26 14:02:23 INFO  no build target found for C:\Users\oskar\adventOfCode22\day1\Day1.scala. Using presentation compiler with project's scala-library version: 3.2.2
2023.07.26 14:02:32 INFO  running 'C:\Users\oskar\Downloads\Ohjelma-asennukset\OpenJDK11U-jdk_x64_windows_hotspot_11.0.16.1_1\jdk-11.0.16.1+1\bin\java.exe -Djline.terminal=jline.UnsupportedTerminal -Dsbt.log.noformat=true -Dfile.encoding=UTF-8 -jar C:\Users\oskar\AppData\Local\Temp\metals1117492222739475162\sbt-launch.jar -Dbloop.export-jar-classifiers=sources bloopInstall'
2023.07.26 14:02:34 INFO  [info] welcome to sbt 1.9.2 (Eclipse Adoptium Java 11.0.16.1)
2023.07.26 14:02:35 INFO  [info] loading global plugins from C:\Users\oskar\.sbt\1.0\plugins
2023.07.26 14:02:36 INFO  [info] loading settings for project adventofcode22-build-build from metals.sbt ...
2023.07.26 14:02:36 INFO  [info] loading project definition from C:\Users\oskar\adventOfCode22\project\project
2023.07.26 14:02:36 INFO  [info] loading settings for project adventofcode22-build from metals.sbt ...
2023.07.26 14:02:36 INFO  [info] loading project definition from C:\Users\oskar\adventOfCode22\project
2023.07.26 14:02:40 INFO  [success] Generated .bloop\adventofcode22-build.json
2023.07.26 14:02:40 INFO  [success] Total time: 3 s, completed 26.7.2023 klo 14.02.40
2023.07.26 14:02:43 INFO  [info] loading settings for project root from build.sbt ...
2023.07.26 14:02:43 INFO  [info] set current project to aoc22 (in build file:/C:/Users/oskar/adventOfCode22/)
2023.07.26 14:02:44 INFO  [success] Generated .bloop\root.json
2023.07.26 14:02:44 INFO  [success] Generated .bloop\root-test.json
2023.07.26 14:02:44 INFO  [success] Total time: 1 s, completed 26.7.2023 klo 14.02.44
2023.07.26 14:02:44 INFO  time: ran 'sbt bloopInstall' in 12s
2023.07.26 14:02:44 INFO  Disconnecting from Bloop session...
2023.07.26 14:02:44 INFO  Shut down connection with build server.
2023.07.26 14:02:44 INFO  Shut down connection with build server.
2023.07.26 14:02:44 INFO  Attempting to connect to the build server...
2023.07.26 14:02:44 INFO  Bloop uses C:\Users\oskar\Downloads\Ohjelma-asennukset\OpenJDK11U-jdk_x64_windows_hotspot_11.0.16.1_1\jdk-11.0.16.1+1 defined at C:\Users\oskar\.bloop\bloop.json
2023.07.26 14:02:44 INFO  tracing is disabled for protocol BSP, to enable tracing of incoming and outgoing JSON messages create an empty file at C:\Users\oskar\adventOfCode22\.metals\bsp.trace.json or C:\Users\oskar\AppData\Local\scalameta\metals\cache\bsp.trace.json
2023.07.26 14:02:45 INFO  Attempting to connect to the build server...
2023.07.26 14:02:45 INFO  Bloop uses C:\Users\oskar\Downloads\Ohjelma-asennukset\OpenJDK11U-jdk_x64_windows_hotspot_11.0.16.1_1\jdk-11.0.16.1+1 defined at C:\Users\oskar\.bloop\bloop.json
2023.07.26 14:02:45 INFO  tracing is disabled for protocol BSP, to enable tracing of incoming and outgoing JSON messages create an empty file at C:\Users\oskar\adventOfCode22\project\.metals\bsp.trace.json or C:\Users\oskar\AppData\Local\scalameta\metals\cache\bsp.trace.json
2023.07.26 14:02:45 INFO  time: Connected to build server in 0.1s
2023.07.26 14:02:45 INFO  Connected to Build server: Bloop v1.5.8
2023.07.26 14:02:46 INFO  time: indexed workspace in 1.8s
2023.07.26 14:02:46 WARN  no build target for: C:\Users\oskar\adventOfCode22\day1\Day1.scala
2023.07.26 14:02:49 INFO  time: code lens generation in 1.79s
2023.07.26 14:02:52 INFO  running 'C:\Users\oskar\Downloads\Ohjelma-asennukset\OpenJDK11U-jdk_x64_windows_hotspot_11.0.16.1_1\jdk-11.0.16.1+1\bin\java.exe -Djline.terminal=jline.UnsupportedTerminal -Dsbt.log.noformat=true -Dfile.encoding=UTF-8 -jar C:\Users\oskar\AppData\Local\Temp\metals3755159057408570714\sbt-launch.jar -Dbloop.export-jar-classifiers=sources bloopInstall'
2023.07.26 14:02:54 INFO  [info] welcome to sbt 1.9.2 (Eclipse Adoptium Java 11.0.16.1)
2023.07.26 14:02:55 INFO  [info] loading global plugins from C:\Users\oskar\.sbt\1.0\plugins
2023.07.26 14:02:57 INFO  [info] loading settings for project adventofcode22-build-build from metals.sbt ...
2023.07.26 14:02:57 INFO  [info] loading project definition from C:\Users\oskar\adventOfCode22\project\project
2023.07.26 14:02:57 INFO  [info] loading settings for project adventofcode22-build from metals.sbt ...
2023.07.26 14:02:57 INFO  [info] loading project definition from C:\Users\oskar\adventOfCode22\project
2023.07.26 14:03:00 INFO  [success] Generated .bloop\adventofcode22-build.json
2023.07.26 14:03:00 INFO  [success] Total time: 3 s, completed 26.7.2023 klo 14.03.00
2023.07.26 14:03:03 INFO  [info] loading settings for project root from build.sbt ...
2023.07.26 14:03:03 INFO  [info] set current project to adventOfCode22 (in build file:/C:/Users/oskar/adventOfCode22/)
2023.07.26 14:03:04 INFO  [success] Generated .bloop\root.json
2023.07.26 14:03:04 INFO  [success] Generated .bloop\root-test.json
2023.07.26 14:03:04 INFO  [success] Total time: 1 s, completed 26.7.2023 klo 14.03.04
2023.07.26 14:03:04 INFO  time: ran 'sbt bloopInstall' in 12s
2023.07.26 14:03:04 INFO  Disconnecting from Bloop session...
2023.07.26 14:03:04 INFO  Shut down connection with build server.
2023.07.26 14:03:04 INFO  Shut down connection with build server.
2023.07.26 14:03:04 INFO  Attempting to connect to the build server...
2023.07.26 14:03:04 INFO  Bloop uses C:\Users\oskar\Downloads\Ohjelma-asennukset\OpenJDK11U-jdk_x64_windows_hotspot_11.0.16.1_1\jdk-11.0.16.1+1 defined at C:\Users\oskar\.bloop\bloop.json
2023.07.26 14:03:04 INFO  tracing is disabled for protocol BSP, to enable tracing of incoming and outgoing JSON messages create an empty file at C:\Users\oskar\adventOfCode22\.metals\bsp.trace.json or C:\Users\oskar\AppData\Local\scalameta\metals\cache\bsp.trace.json
2023.07.26 14:03:04 INFO  Attempting to connect to the build server...
2023.07.26 14:03:04 INFO  Bloop uses C:\Users\oskar\Downloads\Ohjelma-asennukset\OpenJDK11U-jdk_x64_windows_hotspot_11.0.16.1_1\jdk-11.0.16.1+1 defined at C:\Users\oskar\.bloop\bloop.json
2023.07.26 14:03:04 INFO  tracing is disabled for protocol BSP, to enable tracing of incoming and outgoing JSON messages create an empty file at C:\Users\oskar\adventOfCode22\project\.metals\bsp.trace.json or C:\Users\oskar\AppData\Local\scalameta\metals\cache\bsp.trace.json
2023.07.26 14:03:04 INFO  time: Connected to build server in 74ms
2023.07.26 14:03:04 INFO  Connected to Build server: Bloop v1.5.8
2023.07.26 14:03:06 INFO  time: indexed workspace in 1.51s
2023.07.26 14:03:06 WARN  no build target for: C:\Users\oskar\adventOfCode22\day1\Day1.scala
2023.07.26 14:03:06 INFO  skipping build import with status 'Installed'
2023.07.26 14:03:11 WARN  no build target for: C:\Users\oskar\adventOfCode22\day1\Day1.scala
2023.07.26 14:03:14 WARN  no build target for: C:\Users\oskar\adventOfCode22\day1\Day1.scala
2023.07.26 14:03:28 INFO  running 'C:\Users\oskar\Downloads\Ohjelma-asennukset\OpenJDK11U-jdk_x64_windows_hotspot_11.0.16.1_1\jdk-11.0.16.1+1\bin\java.exe -Djline.terminal=jline.UnsupportedTerminal -Dsbt.log.noformat=true -Dfile.encoding=UTF-8 -jar C:\Users\oskar\AppData\Local\Temp\metals15371443611068535883\sbt-launch.jar -Dbloop.export-jar-classifiers=sources bloopInstall'
2023.07.26 14:03:29 INFO  [info] welcome to sbt 1.9.2 (Eclipse Adoptium Java 11.0.16.1)
2023.07.26 14:03:31 INFO  [info] loading global plugins from C:\Users\oskar\.sbt\1.0\plugins
2023.07.26 14:03:32 INFO  [info] loading settings for project adventofcode22-build-build from metals.sbt ...
2023.07.26 14:03:32 INFO  [info] loading project definition from C:\Users\oskar\adventOfCode22\project\project
2023.07.26 14:03:32 INFO  [info] loading settings for project adventofcode22-build from metals.sbt ...
2023.07.26 14:03:32 INFO  [info] loading project definition from C:\Users\oskar\adventOfCode22\project
2023.07.26 14:03:35 INFO  [success] Generated .bloop\adventofcode22-build.json
2023.07.26 14:03:35 INFO  [success] Total time: 2 s, completed 26.7.2023 klo 14.03.35
2023.07.26 14:03:35 INFO  [info] loading settings for project root from build.sbt ...
2023.07.26 14:03:35 INFO  [info] set current project to adventOfCode22 (in build file:/C:/Users/oskar/adventOfCode22/)
2023.07.26 14:03:35 INFO  [success] Generated .bloop\root.json
2023.07.26 14:03:35 INFO  [success] Generated .bloop\root-test.json
2023.07.26 14:03:35 INFO  [success] Total time: 0 s, completed 26.7.2023 klo 14.03.36
2023.07.26 14:03:36 INFO  time: ran 'sbt bloopInstall' in 8.22s
2023.07.26 14:03:36 INFO  Disconnecting from Bloop session...
2023.07.26 14:03:36 INFO  Shut down connection with build server.
2023.07.26 14:03:36 INFO  Shut down connection with build server.
2023.07.26 14:03:36 INFO  Attempting to connect to the build server...
2023.07.26 14:03:36 INFO  Bloop uses C:\Users\oskar\Downloads\Ohjelma-asennukset\OpenJDK11U-jdk_x64_windows_hotspot_11.0.16.1_1\jdk-11.0.16.1+1 defined at C:\Users\oskar\.bloop\bloop.json
2023.07.26 14:03:36 INFO  tracing is disabled for protocol BSP, to enable tracing of incoming and outgoing JSON messages create an empty file at C:\Users\oskar\adventOfCode22\.metals\bsp.trace.json or C:\Users\oskar\AppData\Local\scalameta\metals\cache\bsp.trace.json
2023.07.26 14:03:36 INFO  Attempting to connect to the build server...
2023.07.26 14:03:36 INFO  Bloop uses C:\Users\oskar\Downloads\Ohjelma-asennukset\OpenJDK11U-jdk_x64_windows_hotspot_11.0.16.1_1\jdk-11.0.16.1+1 defined at C:\Users\oskar\.bloop\bloop.json
2023.07.26 14:03:36 INFO  tracing is disabled for protocol BSP, to enable tracing of incoming and outgoing JSON messages create an empty file at C:\Users\oskar\adventOfCode22\project\.metals\bsp.trace.json or C:\Users\oskar\AppData\Local\scalameta\metals\cache\bsp.trace.json
2023.07.26 14:03:36 INFO  time: Connected to build server in 85ms
2023.07.26 14:03:36 INFO  Connected to Build server: Bloop v1.5.8
2023.07.26 14:03:37 INFO  time: indexed workspace in 1.42s
2023.07.26 14:03:37 WARN  no build target for: C:\Users\oskar\adventOfCode22\day1\Day1.scala
2023.07.26 14:03:48 WARN  no build target for: C:\Users\oskar\adventOfCode22\day1\Day1.scala
2023.07.26 14:03:48 WARN  no build target for: C:\Users\oskar\adventOfCode22\day1\Day1.scala
2023.07.26 14:03:50 WARN  no build target for: C:\Users\oskar\adventOfCode22\day1\Day1.scala
2023.07.26 14:04:09 INFO  compiling root (1 scala source)
2023.07.26 14:04:09 INFO  time: compiled root in 0.43s
2023.07.26 14:04:18 WARN  no build target for: C:\Users\oskar\adventOfCode22\day1\Day1.scala
2023.07.26 14:06:49 WARN  no build target for: C:\Users\oskar\adventOfCode22\day1\Day1.scala
2023.07.26 14:06:52 WARN  no build target for: C:\Users\oskar\adventOfCode22\day1\Day1.scala
2023.07.26 14:07:20 WARN  no build target for: C:\Users\oskar\adventOfCode22\day1\Day1.scala
2023.07.26 14:07:22 INFO  running 'C:\Users\oskar\Downloads\Ohjelma-asennukset\OpenJDK11U-jdk_x64_windows_hotspot_11.0.16.1_1\jdk-11.0.16.1+1\bin\java.exe -Djline.terminal=jline.UnsupportedTerminal -Dsbt.log.noformat=true -Dfile.encoding=UTF-8 -jar C:\Users\oskar\AppData\Local\Temp\metals11028505021209127760\sbt-launch.jar -Dbloop.export-jar-classifiers=sources bloopInstall'
2023.07.26 14:07:24 INFO  [info] welcome to sbt 1.9.2 (Eclipse Adoptium Java 11.0.16.1)
2023.07.26 14:07:26 INFO  [info] loading global plugins from C:\Users\oskar\.sbt\1.0\plugins
2023.07.26 14:07:27 INFO  [info] loading settings for project adventofcode22-build-build from metals.sbt ...
2023.07.26 14:07:27 INFO  [info] loading project definition from C:\Users\oskar\adventOfCode22\project\project
2023.07.26 14:07:27 INFO  [info] loading settings for project adventofcode22-build from metals.sbt ...
2023.07.26 14:07:27 INFO  [info] loading project definition from C:\Users\oskar\adventOfCode22\project
2023.07.26 14:07:28 INFO  compiling root (3 scala sources)
2023.07.26 14:07:28 INFO  time: compiled root in 0.58s
2023.07.26 14:07:28 INFO  compiling root (3 scala sources)
2023.07.26 14:07:30 INFO  time: compiled root in 0.47s
2023.07.26 14:07:32 INFO  [success] Generated .bloop\adventofcode22-build.json
2023.07.26 14:07:32 INFO  [success] Total time: 5 s, completed 26.7.2023 klo 14.07.32
2023.07.26 14:07:32 INFO  [info] loading settings for project root from build.sbt ...
2023.07.26 14:07:32 INFO  [info] set current project to adventOfCode22 (in build file:/C:/Users/oskar/adventOfCode22/)
2023.07.26 14:07:34 INFO  [success] Generated .bloop\root-test.json
2023.07.26 14:07:34 INFO  [success] Generated .bloop\root.json
2023.07.26 14:07:34 INFO  [success] Total time: 0 s, completed 26.7.2023 klo 14.07.34
2023.07.26 14:07:34 INFO  time: ran 'sbt bloopInstall' in 11s
2023.07.26 14:07:34 INFO  Disconnecting from Bloop session...
2023.07.26 14:07:34 INFO  Shut down connection with build server.
2023.07.26 14:07:34 INFO  Shut down connection with build server.
2023.07.26 14:07:34 INFO  Attempting to connect to the build server...
2023.07.26 14:07:34 INFO  Bloop uses C:\Users\oskar\Downloads\Ohjelma-asennukset\OpenJDK11U-jdk_x64_windows_hotspot_11.0.16.1_1\jdk-11.0.16.1+1 defined at C:\Users\oskar\.bloop\bloop.json
2023.07.26 14:07:34 INFO  tracing is disabled for protocol BSP, to enable tracing of incoming and outgoing JSON messages create an empty file at C:\Users\oskar\adventOfCode22\.metals\bsp.trace.json or C:\Users\oskar\AppData\Local\scalameta\metals\cache\bsp.trace.json
2023.07.26 14:07:34 INFO  Attempting to connect to the build server...
2023.07.26 14:07:34 INFO  Bloop uses C:\Users\oskar\Downloads\Ohjelma-asennukset\OpenJDK11U-jdk_x64_windows_hotspot_11.0.16.1_1\jdk-11.0.16.1+1 defined at C:\Users\oskar\.bloop\bloop.json
2023.07.26 14:07:34 INFO  tracing is disabled for protocol BSP, to enable tracing of incoming and outgoing JSON messages create an empty file at C:\Users\oskar\adventOfCode22\project\.metals\bsp.trace.json or C:\Users\oskar\AppData\Local\scalameta\metals\cache\bsp.trace.json
2023.07.26 14:07:34 INFO  time: Connected to build server in 0.13s
2023.07.26 14:07:34 INFO  Connected to Build server: Bloop v1.5.8
2023.07.26 14:07:36 INFO  time: indexed workspace in 2.08s
2023.07.26 14:07:36 WARN  no build target for: C:\Users\oskar\adventOfCode22\day1\Day1.scala
2023.07.26 14:07:38 WARN  no build target for: C:\Users\oskar\adventOfCode22\day1\Day1.scala
2023.07.26 14:07:39 INFO  time: code lens generation in 1.79s
2023.07.26 14:08:39 INFO  compiling root (3 scala sources)
2023.07.26 14:08:39 INFO  time: compiled root in 0.35s
2023.07.26 14:08:46 WARN  no build target for: C:\Users\oskar\adventOfCode22\day1\Day1.scala
heinäk. 26, 2023 2:08:48 IP. scala.meta.internal.pc.CompilerAccess handleError
SEVERE: A severe compiler error occurred, full details of the error can be found in the error report C:\Users\oskar\adventOfCode22\.metals\.reports\metals-full\r_compiler-error_1690369728079
2023.07.26 14:09:42 WARN  no build target for: C:\Users\oskar\adventOfCode22\day1\Day1.scala
2023.07.26 14:09:47 WARN  no build target for: C:\Users\oskar\adventOfCode22\day1\Day1.scala
2023.07.26 14:09:48 WARN  no build target for: C:\Users\oskar\adventOfCode22\day1\Day1.scala
2023.07.26 14:09:58 WARN  no build target for: C:\Users\oskar\adventOfCode22\day1\Day1.scala
2023.07.26 14:09:59 WARN  no build target for: C:\Users\oskar\adventOfCode22\day1\Day1.scala
2023.07.26 14:10:43 WARN  no build target for: C:\Users\oskar\adventOfCode22\day1\Day1.scala
2023.07.26 14:10:45 WARN  no build target for: C:\Users\oskar\adventOfCode22\day1\Day1.scala
2023.07.26 14:12:12 WARN  no build target for: C:\Users\oskar\adventOfCode22\day1\Day1.scala
2023.07.26 14:12:13 WARN  no build target for: C:\Users\oskar\adventOfCode22\day1\Day1.scala
heinäk. 26, 2023 2:12:47 IP. org.eclipse.lsp4j.jsonrpc.RemoteEndpoint handleCancellation
WARNING: Unmatched cancel notification for request id 594
2023.07.26 14:12:54 WARN  no build target for: C:\Users\oskar\adventOfCode22\day1\Day1.scala
2023.07.26 14:12:55 WARN  no build target for: C:\Users\oskar\adventOfCode22\day1\Day1.scala
2023.07.26 14:14:49 WARN  no build target for: C:\Users\oskar\adventOfCode22\day1\Day1.scala
heinäk. 26, 2023 2:14:52 IP. org.eclipse.lsp4j.jsonrpc.RemoteEndpoint handleCancellation
WARNING: Unmatched cancel notification for request id 714
2023.07.26 14:14:57 WARN  no build target for: C:\Users\oskar\adventOfCode22\day1\Day1.scala
2023.07.26 14:16:25 WARN  no build target for: C:\Users\oskar\adventOfCode22\day1\Day1.scala
2023.07.26 14:16:26 WARN  no build target for: C:\Users\oskar\adventOfCode22\day1\Day1.scala
2023.07.26 14:17:25 WARN  no build target for: C:\Users\oskar\adventOfCode22\day1\Day1.scala
2023.07.26 14:17:40 WARN  no build target for: C:\Users\oskar\adventOfCode22\day1\Day1.scala
2023.07.26 14:17:55 WARN  no build target for: C:\Users\oskar\adventOfCode22\day1\Day1.scala
2023.07.26 14:18:29 WARN  no build target for: C:\Users\oskar\adventOfCode22\day1\Day1.scala
2023.07.26 14:18:29 WARN  no build target for: C:\Users\oskar\adventOfCode22\day1\Day1.scala
heinäk. 26, 2023 2:19:29 IP. org.eclipse.lsp4j.jsonrpc.RemoteEndpoint handleCancellation
WARNING: Unmatched cancel notification for request id 1054
heinäk. 26, 2023 2:19:29 IP. org.eclipse.lsp4j.jsonrpc.RemoteEndpoint handleCancellation
WARNING: Unmatched cancel notification for request id 1055
Exception in thread "pool-12-thread-1" java.lang.InterruptedException
	at scala.meta.internal.metals.FutureCancelToken.checkCanceled(FutureCancelToken.scala:29)
	at scala.meta.internal.pc.CompilerAccess.onCompilerJobQueue$$anonfun$1(CompilerAccess.scala:229)
	at scala.meta.internal.pc.CompilerJobQueue$Job.run(CompilerJobQueue.scala:152)
	at java.base/java.util.concurrent.ThreadPoolExecutor.runWorker(ThreadPoolExecutor.java:1128)
	at java.base/java.util.concurrent.ThreadPoolExecutor$Worker.run(ThreadPoolExecutor.java:628)
	at java.base/java.lang.Thread.run(Thread.java:829)
Exception in thread "pool-12-thread-2" java.lang.InterruptedException
	at scala.meta.internal.metals.FutureCancelToken.checkCanceled(FutureCancelToken.scala:29)
	at scala.meta.internal.pc.CompilerAccess.onCompilerJobQueue$$anonfun$1(CompilerAccess.scala:229)
	at scala.meta.internal.pc.CompilerJobQueue$Job.run(CompilerJobQueue.scala:152)
	at java.base/java.util.concurrent.ThreadPoolExecutor.runWorker(ThreadPoolExecutor.java:1128)
	at java.base/java.util.concurrent.ThreadPoolExecutor$Worker.run(ThreadPoolExecutor.java:628)
	at java.base/java.lang.Thread.run(Thread.java:829)
2023.07.26 14:19:34 WARN  no build target for: C:\Users\oskar\adventOfCode22\day1\Day1.scala
2023.07.26 14:19:42 WARN  no build target for: C:\Users\oskar\adventOfCode22\day1\Day1.scala
2023.07.26 14:19:45 WARN  no build target for: C:\Users\oskar\adventOfCode22\day1\Day1.scala
2023.07.26 14:21:23 WARN  no build target for: C:\Users\oskar\adventOfCode22\day1\Day1.scala
2023.07.26 14:21:34 WARN  no build target for: C:\Users\oskar\adventOfCode22\day1\Day1.scala
2023.07.26 14:21:53 WARN  no build target for: C:\Users\oskar\adventOfCode22\day1\Day1.scala
2023.07.26 14:21:53 WARN  no build target for: C:\Users\oskar\adventOfCode22\day1\Day1.scala
2023.07.26 14:22:05 WARN  no build target for: C:\Users\oskar\adventOfCode22\day1\Day1.scala
2023.07.26 14:22:28 WARN  no build target for: C:\Users\oskar\adventOfCode22\day1\Day1.scala
2023.07.26 14:22:42 INFO  compiling root (3 scala sources)
2023.07.26 14:22:42 INFO  time: compiled root in 0.28s
2023.07.26 14:23:07 WARN  no build target for: C:\Users\oskar\adventOfCode22\day2\Day2.scala
2023.07.26 14:23:10 WARN  no build target for: C:\Users\oskar\adventOfCode22\day2\Day2.scala
2023.07.26 14:23:59 WARN  no build target for: C:\Users\oskar\adventOfCode22\day2\Day2.scala
Exception in thread "pool-12-thread-3" java.lang.InterruptedException
	at scala.meta.internal.metals.FutureCancelToken.checkCanceled(FutureCancelToken.scala:29)
	at scala.meta.internal.pc.CompilerAccess.onCompilerJobQueue$$anonfun$1(CompilerAccess.scala:229)
	at scala.meta.internal.pc.CompilerJobQueue$Job.run(CompilerJobQueue.scala:152)
	at java.base/java.util.concurrent.ThreadPoolExecutor.runWorker(ThreadPoolExecutor.java:1128)
	at java.base/java.util.concurrent.ThreadPoolExecutor$Worker.run(ThreadPoolExecutor.java:628)
	at java.base/java.lang.Thread.run(Thread.java:829)
2023.07.26 14:24:35 WARN  no build target for: C:\Users\oskar\adventOfCode22\day2\Day2.scala
2023.07.26 14:24:36 WARN  no build target for: C:\Users\oskar\adventOfCode22\day2\Day2.scala
2023.07.26 14:24:51 INFO  compiling root (3 scala sources)
2023.07.26 14:24:51 INFO  time: compiled root in 0.36s
2023.07.26 14:24:52 INFO  skipping build import with status 'Installed'
2023.07.26 14:24:52 INFO  compiling root (3 scala sources)
2023.07.26 14:24:52 INFO  time: compiled root in 0.12s
2023.07.26 14:25:08 WARN  no build target for: C:\Users\oskar\adventOfCode22\day2\Day2.scala
2023.07.26 14:25:27 INFO  compiling root (3 scala sources)
2023.07.26 14:25:27 INFO  time: compiled root in 0.18s
2023.07.26 14:26:02 WARN  no build target for: C:\Users\oskar\adventOfCode22\day3\Day3.scala
2023.07.26 14:26:24 WARN  no build target for: C:\Users\oskar\adventOfCode22\day2\Day2.scala
heinäk. 26, 2023 2:26:27 IP. org.eclipse.lsp4j.jsonrpc.RemoteEndpoint handleCancellation
WARNING: Unmatched cancel notification for request id 1844
2023.07.26 14:26:38 WARN  no build target for: C:\Users\oskar\adventOfCode22\day3\Day3.scala
2023.07.26 14:27:43 WARN  no build target for: C:\Users\oskar\adventOfCode22\day3\Day3.scala
heinäk. 26, 2023 2:28:04 IP. org.eclipse.lsp4j.jsonrpc.RemoteEndpoint handleCancellation
WARNING: Unmatched cancel notification for request id 2178
heinäk. 26, 2023 2:28:16 IP. org.eclipse.lsp4j.jsonrpc.RemoteEndpoint fallbackResponseError
SEVERE: Internal error: java.lang.StringIndexOutOfBoundsException: begin 191, end 225, length 221
java.util.concurrent.CompletionException: java.lang.StringIndexOutOfBoundsException: begin 191, end 225, length 221
	at java.base/java.util.concurrent.CompletableFuture.encodeThrowable(CompletableFuture.java:331)
	at java.base/java.util.concurrent.CompletableFuture.completeThrowable(CompletableFuture.java:346)
	at java.base/java.util.concurrent.CompletableFuture$UniAccept.tryFire(CompletableFuture.java:704)
	at java.base/java.util.concurrent.CompletableFuture.postComplete(CompletableFuture.java:506)
	at java.base/java.util.concurrent.CompletableFuture.completeExceptionally(CompletableFuture.java:2088)
	at scala.meta.internal.metals.CancelTokens$.$anonfun$future$1(CancelTokens.scala:40)
	at scala.meta.internal.metals.CancelTokens$.$anonfun$future$1$adapted(CancelTokens.scala:38)
	at scala.concurrent.impl.Promise$Transformation.run(Promise.scala:484)
	at java.base/java.util.concurrent.ThreadPoolExecutor.runWorker(ThreadPoolExecutor.java:1128)
	at java.base/java.util.concurrent.ThreadPoolExecutor$Worker.run(ThreadPoolExecutor.java:628)
	at java.base/java.lang.Thread.run(Thread.java:829)
Caused by: java.lang.StringIndexOutOfBoundsException: begin 191, end 225, length 221
	at java.base/java.lang.String.checkBoundsBeginEnd(String.java:3319)
	at java.base/java.lang.String.substring(String.java:1874)
	at scala.meta.internal.metals.codeactions.FlatMapToForComprehensionCodeAction.getIndentForPos(FlatMapToForComprehensionCodeAction.scala:677)
	at scala.meta.internal.metals.codeactions.FlatMapToForComprehensionCodeAction.$anonfun$contribute$4(FlatMapToForComprehensionCodeAction.scala:57)
	at scala.Option.map(Option.scala:242)
	at scala.meta.internal.metals.codeactions.FlatMapToForComprehensionCodeAction.$anonfun$contribute$3(FlatMapToForComprehensionCodeAction.scala:53)
	at scala.Option.flatMap(Option.scala:283)
	at scala.meta.internal.metals.codeactions.FlatMapToForComprehensionCodeAction.$anonfun$contribute$2(FlatMapToForComprehensionCodeAction.scala:52)
	at scala.Option.flatMap(Option.scala:283)
	at scala.meta.internal.metals.codeactions.FlatMapToForComprehensionCodeAction.$anonfun$contribute$1(FlatMapToForComprehensionCodeAction.scala:51)
	at scala.concurrent.Future$.$anonfun$apply$1(Future.scala:687)
	at scala.concurrent.impl.Promise$Transformation.run(Promise.scala:467)
	... 3 more

heinäk. 26, 2023 2:28:16 IP. org.eclipse.lsp4j.jsonrpc.RemoteEndpoint fallbackResponseError
SEVERE: Internal error: java.lang.StringIndexOutOfBoundsException: begin 191, end 225, length 221
java.util.concurrent.CompletionException: java.lang.StringIndexOutOfBoundsException: begin 191, end 225, length 221
	at java.base/java.util.concurrent.CompletableFuture.encodeThrowable(CompletableFuture.java:331)
	at java.base/java.util.concurrent.CompletableFuture.completeThrowable(CompletableFuture.java:346)
	at java.base/java.util.concurrent.CompletableFuture$UniAccept.tryFire(CompletableFuture.java:704)
	at java.base/java.util.concurrent.CompletableFuture.postComplete(CompletableFuture.java:506)
	at java.base/java.util.concurrent.CompletableFuture.completeExceptionally(CompletableFuture.java:2088)
	at scala.meta.internal.metals.CancelTokens$.$anonfun$future$1(CancelTokens.scala:40)
	at scala.meta.internal.metals.CancelTokens$.$anonfun$future$1$adapted(CancelTokens.scala:38)
	at scala.concurrent.impl.Promise$Transformation.run(Promise.scala:484)
	at java.base/java.util.concurrent.ThreadPoolExecutor.runWorker(ThreadPoolExecutor.java:1128)
	at java.base/java.util.concurrent.ThreadPoolExecutor$Worker.run(ThreadPoolExecutor.java:628)
	at java.base/java.lang.Thread.run(Thread.java:829)
Caused by: java.lang.StringIndexOutOfBoundsException: begin 191, end 225, length 221
	at java.base/java.lang.String.checkBoundsBeginEnd(String.java:3319)
	at java.base/java.lang.String.substring(String.java:1874)
	at scala.meta.internal.metals.codeactions.FlatMapToForComprehensionCodeAction.getIndentForPos(FlatMapToForComprehensionCodeAction.scala:677)
	at scala.meta.internal.metals.codeactions.FlatMapToForComprehensionCodeAction.$anonfun$contribute$4(FlatMapToForComprehensionCodeAction.scala:57)
	at scala.Option.map(Option.scala:242)
	at scala.meta.internal.metals.codeactions.FlatMapToForComprehensionCodeAction.$anonfun$contribute$3(FlatMapToForComprehensionCodeAction.scala:53)
	at scala.Option.flatMap(Option.scala:283)
	at scala.meta.internal.metals.codeactions.FlatMapToForComprehensionCodeAction.$anonfun$contribute$2(FlatMapToForComprehensionCodeAction.scala:52)
	at scala.Option.flatMap(Option.scala:283)
	at scala.meta.internal.metals.codeactions.FlatMapToForComprehensionCodeAction.$anonfun$contribute$1(FlatMapToForComprehensionCodeAction.scala:51)
	at scala.concurrent.Future$.$anonfun$apply$1(Future.scala:687)
	at scala.concurrent.impl.Promise$Transformation.run(Promise.scala:467)
	... 3 more

heinäk. 26, 2023 2:28:17 IP. org.eclipse.lsp4j.jsonrpc.RemoteEndpoint fallbackResponseError
SEVERE: Internal error: java.lang.StringIndexOutOfBoundsException: begin 191, end 225, length 224
java.util.concurrent.CompletionException: java.lang.StringIndexOutOfBoundsException: begin 191, end 225, length 224
	at java.base/java.util.concurrent.CompletableFuture.encodeThrowable(CompletableFuture.java:331)
	at java.base/java.util.concurrent.CompletableFuture.completeThrowable(CompletableFuture.java:346)
	at java.base/java.util.concurrent.CompletableFuture$UniAccept.tryFire(CompletableFuture.java:704)
	at java.base/java.util.concurrent.CompletableFuture.postComplete(CompletableFuture.java:506)
	at java.base/java.util.concurrent.CompletableFuture.completeExceptionally(CompletableFuture.java:2088)
	at scala.meta.internal.metals.CancelTokens$.$anonfun$future$1(CancelTokens.scala:40)
	at scala.meta.internal.metals.CancelTokens$.$anonfun$future$1$adapted(CancelTokens.scala:38)
	at scala.concurrent.impl.Promise$Transformation.run(Promise.scala:484)
	at java.base/java.util.concurrent.ThreadPoolExecutor.runWorker(ThreadPoolExecutor.java:1128)
	at java.base/java.util.concurrent.ThreadPoolExecutor$Worker.run(ThreadPoolExecutor.java:628)
	at java.base/java.lang.Thread.run(Thread.java:829)
Caused by: java.lang.StringIndexOutOfBoundsException: begin 191, end 225, length 224
	at java.base/java.lang.String.checkBoundsBeginEnd(String.java:3319)
	at java.base/java.lang.String.substring(String.java:1874)
	at scala.meta.internal.metals.codeactions.FlatMapToForComprehensionCodeAction.getIndentForPos(FlatMapToForComprehensionCodeAction.scala:677)
	at scala.meta.internal.metals.codeactions.FlatMapToForComprehensionCodeAction.$anonfun$contribute$4(FlatMapToForComprehensionCodeAction.scala:57)
	at scala.Option.map(Option.scala:242)
	at scala.meta.internal.metals.codeactions.FlatMapToForComprehensionCodeAction.$anonfun$contribute$3(FlatMapToForComprehensionCodeAction.scala:53)
	at scala.Option.flatMap(Option.scala:283)
	at scala.meta.internal.metals.codeactions.FlatMapToForComprehensionCodeAction.$anonfun$contribute$2(FlatMapToForComprehensionCodeAction.scala:52)
	at scala.Option.flatMap(Option.scala:283)
	at scala.meta.internal.metals.codeactions.FlatMapToForComprehensionCodeAction.$anonfun$contribute$1(FlatMapToForComprehensionCodeAction.scala:51)
	at scala.concurrent.Future$.$anonfun$apply$1(Future.scala:687)
	at scala.concurrent.impl.Promise$Transformation.run(Promise.scala:467)
	... 3 more

2023.07.26 14:28:23 WARN  no build target for: C:\Users\oskar\adventOfCode22\day3\Day3.scala
2023.07.26 14:28:27 WARN  no build target for: C:\Users\oskar\adventOfCode22\day3\Day3.scala
2023.07.26 14:29:54 WARN  no build target for: C:\Users\oskar\adventOfCode22\day3\Day3.scala
2023.07.26 14:30:18 WARN  no build target for: C:\Users\oskar\adventOfCode22\day3\Day3.scala
2023.07.26 14:30:24 WARN  no build target for: C:\Users\oskar\adventOfCode22\day3\Day3.scala
2023.07.26 14:30:25 WARN  no build target for: C:\Users\oskar\adventOfCode22\day3\Day3.scala
heinäk. 26, 2023 2:30:46 IP. org.eclipse.lsp4j.jsonrpc.RemoteEndpoint handleCancellation
WARNING: Unmatched cancel notification for request id 2786
2023.07.26 14:30:47 WARN  no build target for: C:\Users\oskar\adventOfCode22\day3\Day3.scala
heinäk. 26, 2023 2:31:25 IP. org.eclipse.lsp4j.jsonrpc.RemoteEndpoint handleCancellation
WARNING: Unmatched cancel notification for request id 2874
2023.07.26 14:31:28 WARN  no build target for: C:\Users\oskar\adventOfCode22\day3\Day3.scala
heinäk. 26, 2023 2:34:11 IP. org.eclipse.lsp4j.jsonrpc.RemoteEndpoint handleCancellation
WARNING: Unmatched cancel notification for request id 2994
2023.07.26 14:34:54 WARN  no build target for: C:\Users\oskar\adventOfCode22\day3\Day3.scala
heinäk. 26, 2023 2:35:28 IP. org.eclipse.lsp4j.jsonrpc.RemoteEndpoint handleCancellation
WARNING: Unmatched cancel notification for request id 3296
2023.07.26 14:35:56 WARN  no build target for: C:\Users\oskar\adventOfCode22\day3\Day3.scala
heinäk. 26, 2023 2:35:58 IP. org.eclipse.lsp4j.jsonrpc.RemoteEndpoint handleCancellation
WARNING: Unmatched cancel notification for request id 3515
2023.07.26 14:36:35 WARN  no build target for: C:\Users\oskar\adventOfCode22\day3\Day3.scala
2023.07.26 14:36:36 WARN  no build target for: C:\Users\oskar\adventOfCode22\day3\Day3.scala
2023.07.26 14:36:57 WARN  no build target for: C:\Users\oskar\adventOfCode22\day3\Day3.scala
2023.07.26 14:37:10 WARN  no build target for: C:\Users\oskar\adventOfCode22\day3\Day3.scala
2023.07.26 14:37:24 WARN  no build target for: C:\Users\oskar\adventOfCode22\day3\Day3.scala
2023.07.26 14:37:34 INFO  compiling root (3 scala sources)
2023.07.26 14:37:34 INFO  time: compiled root in 0.17s
2023.07.26 14:37:36 INFO  compiling root (3 scala sources)
2023.07.26 14:37:36 INFO  time: compiled root in 0.21s
2023.07.26 14:37:56 INFO  compiling root (2 scala sources)
2023.07.26 14:37:56 INFO  time: compiled root in 0.66s
2023.07.26 14:38:15 INFO  skipping build import with status 'Installed'
2023.07.26 14:38:15 INFO  skipping build import with status 'Installed'
2023.07.26 14:38:15 INFO  compiling root (1 scala source)
2023.07.26 14:38:15 INFO  time: compiled root in 0.18s
2023.07.26 14:38:15 INFO  compiling root (3 scala sources)
2023.07.26 14:38:15 INFO  time: compiled root in 0.15s
2023.07.26 14:38:17 INFO  compiling root (3 scala sources)
2023.07.26 14:38:17 INFO  time: compiled root in 0.29s
2023.07.26 14:38:31 WARN  no build target for: C:\Users\oskar\adventOfCode22\day4\Day4.scala
2023.07.26 14:38:36 INFO  compiling root (3 scala sources)
2023.07.26 14:38:36 INFO  time: compiled root in 0.3s
2023.07.26 14:38:36 INFO  compiling root (2 scala sources)
2023.07.26 14:38:37 INFO  time: compiled root in 0.45s
2023.07.26 14:38:39 WARN  no build target for: C:\Users\oskar\adventOfCode22\day4\Day4.scala
2023.07.26 14:39:08 WARN  no build target for: C:\Users\oskar\adventOfCode22\day4\Day4.scala
2023.07.26 14:39:26 WARN  no build target for: C:\Users\oskar\adventOfCode22\day4\Day4.scala
2023.07.26 14:39:55 WARN  no build target for: C:\Users\oskar\adventOfCode22\day4\Day4.scala
2023.07.26 14:40:28 INFO  compiling root (1 scala source)
2023.07.26 14:40:28 INFO  time: compiled root in 0.27s
2023.07.26 14:41:26 WARN  no build target for: C:\Users\oskar\adventOfCode22\day4\Day4.scala
2023.07.26 14:42:15 WARN  no build target for: C:\Users\oskar\adventOfCode22\day4\Day4.scala
heinäk. 26, 2023 2:42:35 IP. org.eclipse.lsp4j.jsonrpc.RemoteEndpoint handleCancellation
WARNING: Unmatched cancel notification for request id 4000
heinäk. 26, 2023 2:42:39 IP. org.eclipse.lsp4j.jsonrpc.RemoteEndpoint handleCancellation
WARNING: Unmatched cancel notification for request id 4029
heinäk. 26, 2023 2:45:58 IP. org.eclipse.lsp4j.jsonrpc.RemoteEndpoint handleCancellation
WARNING: Unmatched cancel notification for request id 4119
2023.07.26 14:46:07 WARN  no build target for: C:\Users\oskar\adventOfCode22\day4\Day4.scala
2023.07.26 14:46:33 WARN  no build target for: C:\Users\oskar\adventOfCode22\day4\Day4.scala
2023.07.26 14:46:34 WARN  no build target for: C:\Users\oskar\adventOfCode22\day4\Day4.scala
heinäk. 26, 2023 2:47:19 IP. org.eclipse.lsp4j.jsonrpc.RemoteEndpoint handleCancellation
WARNING: Unmatched cancel notification for request id 4205
2023.07.26 14:47:44 WARN  no build target for: C:\Users\oskar\adventOfCode22\day4\Day4.scala
heinäk. 26, 2023 2:50:57 IP. org.eclipse.lsp4j.jsonrpc.RemoteEndpoint handleCancellation
WARNING: Unmatched cancel notification for request id 4550
2023.07.26 14:50:59 WARN  no build target for: C:\Users\oskar\adventOfCode22\day4\Day4.scala
2023.07.26 14:51:26 WARN  no build target for: C:\Users\oskar\adventOfCode22\day4\Day4.scala
2023.07.26 14:52:01 WARN  no build target for: C:\Users\oskar\adventOfCode22\day5\Day5.scala
2023.07.26 14:52:14 WARN  no build target for: C:\Users\oskar\adventOfCode22\day5\Day5.scala
2023.07.26 14:52:39 WARN  no build target for: C:\Users\oskar\adventOfCode22\day5\Day5.scala
2023.07.26 14:53:08 WARN  no build target for: C:\Users\oskar\adventOfCode22\day5\Day5.scala
2023.07.26 14:53:51 WARN  no build target for: C:\Users\oskar\adventOfCode22\day5\Day5.scala
2023.07.26 14:54:06 WARN  no build target for: C:\Users\oskar\adventOfCode22\day5\Day5.scala
